slurmstepd-liparit: error: Unable to create TMPDIR [/tmp/user/24470]: Permission denied
slurmstepd-liparit: error: Setting TMPDIR to /tmp
['Max Planck, Albert Einstein, Louis de Broglie, Arthur Compton, Niels Bohr and many others', 'Einstein']
<class 'list'>
Setting `pad_token_id` to `eos_token_id`:None for open-end generation.
[main 0481eba] QA script run
 Committer: Nils Cornelius Gruenefeld <gruenefeld@liparit.cip.ifi.lmu.de>
Your name and email address were configured automatically based
on your username and hostname. Please check that they are accurate.
You can suppress this message by setting them explicitly. Run the
following command and follow the instructions in your editor to edit
your configuration file:

    git config --global --edit

After doing this, you may fix the identity used for this commit with:

    git commit --amend --reset-author

 3 files changed, 23 insertions(+)
 create mode 100644 data/results_717809_gpt2_natural.pkl
 create mode 100644 slurm-outputs/slurm.717809.liparit.out
To github.com:ngruenefeld/gradient-uncertainty.git
   07131d4..0481eba  main -> main
