slurmstepd-abakus11: error: Unable to create TMPDIR [/tmp/user/24470]: Permission denied
slurmstepd-abakus11: error: Setting TMPDIR to /tmp
Running job with commit: 296660c4ad5cd0c7317a63ff7fb2882fe8751673
Running command: python -um scripts.bert "719238" --key_mode "keyfile" --sample_size "10" --test_sample_size "10" --counterfactual "constant"
Job number: 719238
Key mode: keyfile
Sample size: 10
Normalize: False
Counterfactual: constant
Using 10 samples from the training dataset.
Using 10 samples from the entire test dataset (all categories).
BertForMaskedLM has generative capabilities, as `prepare_inputs_for_generation` is explicitly overwritten. However, it doesn't directly inherit from `GenerationMixin`. From 👉v4.50👈 onwards, `PreTrainedModel` will NOT inherit from `GenerationMixin`, and this model will lose the ability to call `generate` and other related functions.
  - If you're using `trust_remote_code=True`, you can get rid of this warning by loading the model with an auto class. See https://huggingface.co/docs/transformers/en/model_doc/auto#auto-classes
  - If you are the owner of the model architecture code, please modify your model class such that it inherits from `GenerationMixin` (after `PreTrainedModel`, otherwise you'll get an exception).
  - If you are not the owner of the model architecture class, please contact the model code owner to update it.
Some weights of the model checkpoint at bert-base-uncased were not used when initializing BertForMaskedLM: ['bert.pooler.dense.bias', 'bert.pooler.dense.weight', 'cls.seq_relationship.bias', 'cls.seq_relationship.weight']
- This IS expected if you are initializing BertForMaskedLM from the checkpoint of a model trained on another task or with another architecture (e.g. initializing a BertForSequenceClassification model from a BertForPreTraining model).
- This IS NOT expected if you are initializing BertForMaskedLM from the checkpoint of a model that you expect to be exactly identical (initializing a BertForSequenceClassification model from a BertForSequenceClassification model).
Using device: cuda
/home/g/gruenefeld/Documents/GitHub/gradient-uncertainty/scripts/bert.py:194: FutureWarning: `tokenizer` is deprecated and will be removed in version 5.0.0 for `Trainer.__init__`. Use `processing_class` instead.
  trainer = Trainer(
Calculating uncertainties for 10 test samples before training (counterfactual mode: constant)...
Processing test sample 1/10 (before training)
Inputs: {'input_ids': tensor([[  101, 10069,  2005,  1056,  1050, 11550,  2044,  7566,  9209,  5052,
          3667,  2012,  6769,  2047,  8095,  2360,  2027,  2024,  1005,  9364,
          1005,  2044,  7566,  2007, 16654,  6687,  3813,  2976,  9587, 24848,
          1012,   102]], device='cuda:0'), 'token_type_ids': tensor([[0, 0, 0, 0, 0, 0, 0, 0, 0, 0, 0, 0, 0, 0, 0, 0, 0, 0, 0, 0, 0, 0, 0, 0,
         0, 0, 0, 0, 0, 0, 0, 0]], device='cuda:0'), 'attention_mask': tensor([[1, 1, 1, 1, 1, 1, 1, 1, 1, 1, 1, 1, 1, 1, 1, 1, 1, 1, 1, 1, 1, 1, 1, 1,
         1, 1, 1, 1, 1, 1, 1, 1]], device='cuda:0')}
Labels: tensor([[100, 100, 100, 100, 100, 100, 100, 100, 100, 100, 100, 100, 100, 100,
         100, 100, 100, 100, 100, 100, 100, 100, 100, 100, 100, 100, 100, 100,
         100, 100, 100, 100]], device='cuda:0')
Processing test sample 2/10 (before training)
Inputs: {'input_ids': tensor([[  101,  1996,  2679,  2003,  2006,  1024,  2117,  2797,  2136,  4520,
          4888,  3058,  2005,  2529,  2686, 28968,  1006,  2686,  1012,  4012,
          1007,  2686,  1012,  4012,  1011,  4361,  1010,  2710,  1011,  1011,
          1037,  2117,  1032,  2136,  1997,  7596, 22862,  6637,  2005,  1996,
          1001,  4029,  1025,  2184,  2454,  2019, 22740,  1060,  3396,  1010,
          1037,  5049,  2005,  1032,  9139,  6787,  4942,  2953, 16313,  2389,
          2686,  3462,  1010,  2038,  3985,  2623,  1996,  2034,  1032,  4888,
          3058,  2005,  2049, 15371,  7596,  1012,   102]], device='cuda:0'), 'token_type_ids': tensor([[0, 0, 0, 0, 0, 0, 0, 0, 0, 0, 0, 0, 0, 0, 0, 0, 0, 0, 0, 0, 0, 0, 0, 0,
         0, 0, 0, 0, 0, 0, 0, 0, 0, 0, 0, 0, 0, 0, 0, 0, 0, 0, 0, 0, 0, 0, 0, 0,
         0, 0, 0, 0, 0, 0, 0, 0, 0, 0, 0, 0, 0, 0, 0, 0, 0, 0, 0, 0, 0, 0, 0, 0,
         0, 0, 0, 0, 0]], device='cuda:0'), 'attention_mask': tensor([[1, 1, 1, 1, 1, 1, 1, 1, 1, 1, 1, 1, 1, 1, 1, 1, 1, 1, 1, 1, 1, 1, 1, 1,
         1, 1, 1, 1, 1, 1, 1, 1, 1, 1, 1, 1, 1, 1, 1, 1, 1, 1, 1, 1, 1, 1, 1, 1,
         1, 1, 1, 1, 1, 1, 1, 1, 1, 1, 1, 1, 1, 1, 1, 1, 1, 1, 1, 1, 1, 1, 1, 1,
         1, 1, 1, 1, 1]], device='cuda:0')}
Labels: tensor([[100, 100, 100, 100, 100, 100, 100, 100, 100, 100, 100, 100, 100, 100,
         100, 100, 100, 100, 100, 100, 100, 100, 100, 100, 100, 100, 100, 100,
         100, 100, 100, 100, 100, 100, 100, 100, 100, 100, 100, 100, 100, 100,
         100, 100, 100, 100, 100, 100, 100, 100, 100, 100, 100, 100, 100, 100,
         100, 100, 100, 100, 100, 100, 100, 100, 100, 100, 100, 100, 100, 100,
         100, 100, 100, 100, 100, 100, 100]], device='cuda:0')
Processing test sample 3/10 (before training)
Inputs: {'input_ids': tensor([[  101, 18712,  1012,  2194,  5222,  3946,  2000,  2817, 25117,  2015,
          1006,  9706,  1007,  9706,  1011,  1037,  2194,  2631,  2011,  1037,
          6370, 10753,  2012,  1996,  2118,  1997, 11577,  2180,  1037,  3946,
          2000,  4503,  1037,  4118,  1997,  5155,  2488, 25117,  2015,  1010,
          2029,  2024,  2460,  8859,  1997, 13096, 12737,  1010,  1996,  2311,
          5991,  1997,  8171,  1012,   102]], device='cuda:0'), 'token_type_ids': tensor([[0, 0, 0, 0, 0, 0, 0, 0, 0, 0, 0, 0, 0, 0, 0, 0, 0, 0, 0, 0, 0, 0, 0, 0,
         0, 0, 0, 0, 0, 0, 0, 0, 0, 0, 0, 0, 0, 0, 0, 0, 0, 0, 0, 0, 0, 0, 0, 0,
         0, 0, 0, 0, 0, 0, 0]], device='cuda:0'), 'attention_mask': tensor([[1, 1, 1, 1, 1, 1, 1, 1, 1, 1, 1, 1, 1, 1, 1, 1, 1, 1, 1, 1, 1, 1, 1, 1,
         1, 1, 1, 1, 1, 1, 1, 1, 1, 1, 1, 1, 1, 1, 1, 1, 1, 1, 1, 1, 1, 1, 1, 1,
         1, 1, 1, 1, 1, 1, 1]], device='cuda:0')}
Labels: tensor([[100, 100, 100, 100, 100, 100, 100, 100, 100, 100, 100, 100, 100, 100,
         100, 100, 100, 100, 100, 100, 100, 100, 100, 100, 100, 100, 100, 100,
         100, 100, 100, 100, 100, 100, 100, 100, 100, 100, 100, 100, 100, 100,
         100, 100, 100, 100, 100, 100, 100, 100, 100, 100, 100, 100, 100]],
       device='cuda:0')
Processing test sample 4/10 (before training)
Inputs: {'input_ids': tensor([[  101, 17547,  3131,  7126, 19939,  3748, 26332,  1006,  9706,  1007,
          9706,  1011,  2009,  1005,  1055,  4510,  6440,  2043,  3505, 26249,
          4627,  2010,  5670,  2007,  1037, 14819,  1997, 14231,  7341,  1010,
          4481,  1998, 10866,  6093,  1010,  2021,  2525,  2002,  4282,  2054,
          1996,  2154,  2097,  3288,  1012,  7407,  2097,  4894,  1999,  3182,
          2002, 24273,  1012,  7266,  2097,  4060,  2039,  1010, 11052,  3182,
          2097,  4318,  1998,  7311,  2097, 11950,  1012,   102]],
       device='cuda:0'), 'token_type_ids': tensor([[0, 0, 0, 0, 0, 0, 0, 0, 0, 0, 0, 0, 0, 0, 0, 0, 0, 0, 0, 0, 0, 0, 0, 0,
         0, 0, 0, 0, 0, 0, 0, 0, 0, 0, 0, 0, 0, 0, 0, 0, 0, 0, 0, 0, 0, 0, 0, 0,
         0, 0, 0, 0, 0, 0, 0, 0, 0, 0, 0, 0, 0, 0, 0, 0, 0, 0, 0, 0]],
       device='cuda:0'), 'attention_mask': tensor([[1, 1, 1, 1, 1, 1, 1, 1, 1, 1, 1, 1, 1, 1, 1, 1, 1, 1, 1, 1, 1, 1, 1, 1,
         1, 1, 1, 1, 1, 1, 1, 1, 1, 1, 1, 1, 1, 1, 1, 1, 1, 1, 1, 1, 1, 1, 1, 1,
         1, 1, 1, 1, 1, 1, 1, 1, 1, 1, 1, 1, 1, 1, 1, 1, 1, 1, 1, 1]],
       device='cuda:0')}
Labels: tensor([[100, 100, 100, 100, 100, 100, 100, 100, 100, 100, 100, 100, 100, 100,
         100, 100, 100, 100, 100, 100, 100, 100, 100, 100, 100, 100, 100, 100,
         100, 100, 100, 100, 100, 100, 100, 100, 100, 100, 100, 100, 100, 100,
         100, 100, 100, 100, 100, 100, 100, 100, 100, 100, 100, 100, 100, 100,
         100, 100, 100, 100, 100, 100, 100, 100, 100, 100, 100, 100]],
       device='cuda:0')
Processing test sample 5/10 (before training)
Inputs: {'input_ids': tensor([[  101, 10250, 10128,  1012,  8704,  2000,  5787,  3888,  1011,  3141,
         15488,  8649,  1006,  9706,  1007,  9706,  1011,  2670,  2662,  1005,
          1055, 15488,  8649,  1011,  3554,  4034,  2253,  2044, 11768,  1997,
          1996,  8945, 20534,  3528,  5958,  1010, 16151,  1996,  3842,  1005,
          1055,  2034,  3513,  2000,  5547,  2250, 10796,  2013, 11825, 11190,
          2158,  5397,  1012,   102]], device='cuda:0'), 'token_type_ids': tensor([[0, 0, 0, 0, 0, 0, 0, 0, 0, 0, 0, 0, 0, 0, 0, 0, 0, 0, 0, 0, 0, 0, 0, 0,
         0, 0, 0, 0, 0, 0, 0, 0, 0, 0, 0, 0, 0, 0, 0, 0, 0, 0, 0, 0, 0, 0, 0, 0,
         0, 0, 0, 0, 0, 0]], device='cuda:0'), 'attention_mask': tensor([[1, 1, 1, 1, 1, 1, 1, 1, 1, 1, 1, 1, 1, 1, 1, 1, 1, 1, 1, 1, 1, 1, 1, 1,
         1, 1, 1, 1, 1, 1, 1, 1, 1, 1, 1, 1, 1, 1, 1, 1, 1, 1, 1, 1, 1, 1, 1, 1,
         1, 1, 1, 1, 1, 1]], device='cuda:0')}
Labels: tensor([[100, 100, 100, 100, 100, 100, 100, 100, 100, 100, 100, 100, 100, 100,
         100, 100, 100, 100, 100, 100, 100, 100, 100, 100, 100, 100, 100, 100,
         100, 100, 100, 100, 100, 100, 100, 100, 100, 100, 100, 100, 100, 100,
         100, 100, 100, 100, 100, 100, 100, 100, 100, 100, 100, 100]],
       device='cuda:0')
Processing test sample 6/10 (before training)
Inputs: {'input_ids': tensor([[  101,  2330,  3661,  2114,  2329,  9385, 11424,  6593, 11796,  3508,
          1999,  2816,  1996,  2329,  2533,  2005,  2495,  1998,  4813,  1006,
          1040,  7959,  2015,  1007,  3728,  3390,  1037,  1000,  2189, 17124,
          1000,  3049,  1010,  2007,  1996,  9808, 25808,  7028,  6808,  1997,
         25088,  1996,  2279,  4245,  1997,  2329,  5389,  1012,  6854,  1010,
          2027,  2036, 12597,  2039,  2007,  1996,  2189,  3068,  1006, 12495,
          1010,  1998,  2536,  3324,  1007,  2000,  2191,  2023,  2759,  1012,
         12495,  2038,  4593, 13630,  2037,  2203,  2092,  1010,  2061,  2008,
          2336,  1999,  2256,  2816,  2097,  2085,  2022, 11424,  6593, 11796,
          3064,  2055,  1996,  6206,  3012,  1997,  8816,  2075,  2189,  1012,
          1996, 18173,  1998,  8740,  2850, 12972,  1997,  2023,  2288,  2000,
          2033,  1037,  2210,  1010,  2061,  1045,  2626,  2019,  2330,  3661,
          2000,  1996,  1040,  7959,  2015,  2055,  2009,  1012,  6854,  1010,
          2009,  1005,  1055, 21877, 28210,  2594,  1010,  2004,  1045,  6814,
          2017,  2031,  2000,  2022,  2043,  3015,  2000, 18079,  2121,  3672,
          4505,  1012,  2021,  1045,  3246,  2017,  2424,  2009,  6179,  1010,
          1998,  3383,  2514,  4427,  2000,  2079,  2242,  2714,  1010,  2065,
          2030,  2043,  1996,  2168,  2518,  2038,  3047,  1999,  2115,  2181,
          1012,   102]], device='cuda:0'), 'token_type_ids': tensor([[0, 0, 0, 0, 0, 0, 0, 0, 0, 0, 0, 0, 0, 0, 0, 0, 0, 0, 0, 0, 0, 0, 0, 0,
         0, 0, 0, 0, 0, 0, 0, 0, 0, 0, 0, 0, 0, 0, 0, 0, 0, 0, 0, 0, 0, 0, 0, 0,
         0, 0, 0, 0, 0, 0, 0, 0, 0, 0, 0, 0, 0, 0, 0, 0, 0, 0, 0, 0, 0, 0, 0, 0,
         0, 0, 0, 0, 0, 0, 0, 0, 0, 0, 0, 0, 0, 0, 0, 0, 0, 0, 0, 0, 0, 0, 0, 0,
         0, 0, 0, 0, 0, 0, 0, 0, 0, 0, 0, 0, 0, 0, 0, 0, 0, 0, 0, 0, 0, 0, 0, 0,
         0, 0, 0, 0, 0, 0, 0, 0, 0, 0, 0, 0, 0, 0, 0, 0, 0, 0, 0, 0, 0, 0, 0, 0,
         0, 0, 0, 0, 0, 0, 0, 0, 0, 0, 0, 0, 0, 0, 0, 0, 0, 0, 0, 0, 0, 0, 0, 0,
         0, 0, 0, 0, 0, 0, 0, 0, 0, 0, 0, 0, 0, 0]], device='cuda:0'), 'attention_mask': tensor([[1, 1, 1, 1, 1, 1, 1, 1, 1, 1, 1, 1, 1, 1, 1, 1, 1, 1, 1, 1, 1, 1, 1, 1,
         1, 1, 1, 1, 1, 1, 1, 1, 1, 1, 1, 1, 1, 1, 1, 1, 1, 1, 1, 1, 1, 1, 1, 1,
         1, 1, 1, 1, 1, 1, 1, 1, 1, 1, 1, 1, 1, 1, 1, 1, 1, 1, 1, 1, 1, 1, 1, 1,
         1, 1, 1, 1, 1, 1, 1, 1, 1, 1, 1, 1, 1, 1, 1, 1, 1, 1, 1, 1, 1, 1, 1, 1,
         1, 1, 1, 1, 1, 1, 1, 1, 1, 1, 1, 1, 1, 1, 1, 1, 1, 1, 1, 1, 1, 1, 1, 1,
         1, 1, 1, 1, 1, 1, 1, 1, 1, 1, 1, 1, 1, 1, 1, 1, 1, 1, 1, 1, 1, 1, 1, 1,
         1, 1, 1, 1, 1, 1, 1, 1, 1, 1, 1, 1, 1, 1, 1, 1, 1, 1, 1, 1, 1, 1, 1, 1,
         1, 1, 1, 1, 1, 1, 1, 1, 1, 1, 1, 1, 1, 1]], device='cuda:0')}
Labels: tensor([[100, 100, 100, 100, 100, 100, 100, 100, 100, 100, 100, 100, 100, 100,
         100, 100, 100, 100, 100, 100, 100, 100, 100, 100, 100, 100, 100, 100,
         100, 100, 100, 100, 100, 100, 100, 100, 100, 100, 100, 100, 100, 100,
         100, 100, 100, 100, 100, 100, 100, 100, 100, 100, 100, 100, 100, 100,
         100, 100, 100, 100, 100, 100, 100, 100, 100, 100, 100, 100, 100, 100,
         100, 100, 100, 100, 100, 100, 100, 100, 100, 100, 100, 100, 100, 100,
         100, 100, 100, 100, 100, 100, 100, 100, 100, 100, 100, 100, 100, 100,
         100, 100, 100, 100, 100, 100, 100, 100, 100, 100, 100, 100, 100, 100,
         100, 100, 100, 100, 100, 100, 100, 100, 100, 100, 100, 100, 100, 100,
         100, 100, 100, 100, 100, 100, 100, 100, 100, 100, 100, 100, 100, 100,
         100, 100, 100, 100, 100, 100, 100, 100, 100, 100, 100, 100, 100, 100,
         100, 100, 100, 100, 100, 100, 100, 100, 100, 100, 100, 100, 100, 100,
         100, 100, 100, 100, 100, 100, 100, 100, 100, 100, 100, 100, 100, 100]],
       device='cuda:0')
Processing test sample 7/10 (before training)
Inputs: {'input_ids': tensor([[  101,  8840, 18606,  1996,  2162,  2006, 10130,  1032,  1032,  1000,
         21313, 14855, 11624,  2319,  1010,  2969,  1011, 14312,  3166,  1997,
          1996, 16996,  4801,  1998, 21871,  8043, 18191,  1010,  2003,  1032,
          3625,  2005,  3963,  3867,  1997,  7865, 15245,  1999,  2432,  1010,
          2429,  2000,  1037,  2416,  1011,  3204,  1032,  7865,  2461,  6279,
          2405,  9317,  2011,  3424, 23350,  2194,  2061,  8458,  2891,  1012,
          1000,  1032,  1032,  1000,  1996,  2324,  1011,  2095,  1011,  2214,
         14855, 11624,  2319,  2001,  2579,  2046,  9968,  1999,  2762,  1999,
          2089,  2011,  2610,  2040,  1032,  2056,  2002,  2018,  4914,  4730,
          2119,  1996, 16996,  4801,  1998, 21871,  8043, 16253,  1010,  2242,
          1032,  8519,  2012,  7513,  4484,  1012,  1006,  1037,  7513,  3424,
         23350, 10377,  2565,  2419,  2000,  1996,  1032, 10563,  1005,  1055,
          6545,  1012,  1007,  2076,  1996,  2274,  2706, 11003, 14855, 11624,
          2319,  1005,  1055,  5425,  1010,  2045,  1032,  2020,  2012,  2560,
          2423, 10176,  1997, 16996,  4801,  1998,  2028,  1997,  1996,  3417,
          1011, 13722,  2897, 15485,  1032, 21871,  8043,  1012,  1000,  1032,
          1032,  1000,  5846, 18856,  9307,  2100,  1010,  3026,  2974,  8930,
          2012,  2061,  8458,  2891,  1010,  2056,  2009,  2001,  2358, 27609,
          2072,  1012,  1012,  1012,  1032,  1032,   102]], device='cuda:0'), 'token_type_ids': tensor([[0, 0, 0, 0, 0, 0, 0, 0, 0, 0, 0, 0, 0, 0, 0, 0, 0, 0, 0, 0, 0, 0, 0, 0,
         0, 0, 0, 0, 0, 0, 0, 0, 0, 0, 0, 0, 0, 0, 0, 0, 0, 0, 0, 0, 0, 0, 0, 0,
         0, 0, 0, 0, 0, 0, 0, 0, 0, 0, 0, 0, 0, 0, 0, 0, 0, 0, 0, 0, 0, 0, 0, 0,
         0, 0, 0, 0, 0, 0, 0, 0, 0, 0, 0, 0, 0, 0, 0, 0, 0, 0, 0, 0, 0, 0, 0, 0,
         0, 0, 0, 0, 0, 0, 0, 0, 0, 0, 0, 0, 0, 0, 0, 0, 0, 0, 0, 0, 0, 0, 0, 0,
         0, 0, 0, 0, 0, 0, 0, 0, 0, 0, 0, 0, 0, 0, 0, 0, 0, 0, 0, 0, 0, 0, 0, 0,
         0, 0, 0, 0, 0, 0, 0, 0, 0, 0, 0, 0, 0, 0, 0, 0, 0, 0, 0, 0, 0, 0, 0, 0,
         0, 0, 0, 0, 0, 0, 0, 0, 0, 0, 0, 0, 0, 0, 0, 0, 0, 0, 0]],
       device='cuda:0'), 'attention_mask': tensor([[1, 1, 1, 1, 1, 1, 1, 1, 1, 1, 1, 1, 1, 1, 1, 1, 1, 1, 1, 1, 1, 1, 1, 1,
         1, 1, 1, 1, 1, 1, 1, 1, 1, 1, 1, 1, 1, 1, 1, 1, 1, 1, 1, 1, 1, 1, 1, 1,
         1, 1, 1, 1, 1, 1, 1, 1, 1, 1, 1, 1, 1, 1, 1, 1, 1, 1, 1, 1, 1, 1, 1, 1,
         1, 1, 1, 1, 1, 1, 1, 1, 1, 1, 1, 1, 1, 1, 1, 1, 1, 1, 1, 1, 1, 1, 1, 1,
         1, 1, 1, 1, 1, 1, 1, 1, 1, 1, 1, 1, 1, 1, 1, 1, 1, 1, 1, 1, 1, 1, 1, 1,
         1, 1, 1, 1, 1, 1, 1, 1, 1, 1, 1, 1, 1, 1, 1, 1, 1, 1, 1, 1, 1, 1, 1, 1,
         1, 1, 1, 1, 1, 1, 1, 1, 1, 1, 1, 1, 1, 1, 1, 1, 1, 1, 1, 1, 1, 1, 1, 1,
         1, 1, 1, 1, 1, 1, 1, 1, 1, 1, 1, 1, 1, 1, 1, 1, 1, 1, 1]],
       device='cuda:0')}
Labels: tensor([[100, 100, 100, 100, 100, 100, 100, 100, 100, 100, 100, 100, 100, 100,
         100, 100, 100, 100, 100, 100, 100, 100, 100, 100, 100, 100, 100, 100,
         100, 100, 100, 100, 100, 100, 100, 100, 100, 100, 100, 100, 100, 100,
         100, 100, 100, 100, 100, 100, 100, 100, 100, 100, 100, 100, 100, 100,
         100, 100, 100, 100, 100, 100, 100, 100, 100, 100, 100, 100, 100, 100,
         100, 100, 100, 100, 100, 100, 100, 100, 100, 100, 100, 100, 100, 100,
         100, 100, 100, 100, 100, 100, 100, 100, 100, 100, 100, 100, 100, 100,
         100, 100, 100, 100, 100, 100, 100, 100, 100, 100, 100, 100, 100, 100,
         100, 100, 100, 100, 100, 100, 100, 100, 100, 100, 100, 100, 100, 100,
         100, 100, 100, 100, 100, 100, 100, 100, 100, 100, 100, 100, 100, 100,
         100, 100, 100, 100, 100, 100, 100, 100, 100, 100, 100, 100, 100, 100,
         100, 100, 100, 100, 100, 100, 100, 100, 100, 100, 100, 100, 100, 100,
         100, 100, 100, 100, 100, 100, 100, 100, 100, 100, 100, 100, 100, 100,
         100, 100, 100, 100, 100]], device='cuda:0')
Processing test sample 8/10 (before training)
Inputs: {'input_ids': tensor([[  101,  1042, 10441, 24316,  3240,  1024,  1042, 10441,  2546,  1010,
         18720,  2361,  1010,  3145,  4353,  1010,  1998, 13426, 17736,  1032,
          1032,  1042, 10441,  2546,  1013, 27048,  1998, 13426, 17736,  2031,
          1037,  2843,  1997,  5875,  5144,  2005,  2591,  1032,  2897,  1998,
          2317,  9863,  4353,  1012,  1032,  1032,  1045,  2228,  2057,  2064,
          2175,  2028,  2504,  3020,  2295,  1998,  2421, 14246,  2290,  1013,
          2330, 26952,  2361,  3145,  1032,  4344, 18098,  2075,  4353,  1999,
          1996,  1042, 10441,  2546,  5371,  2005,  3722,  4773,  1011,  1997,
          1011,  3404,  2241,  3145,  1032,  4353,  1012,  1032,  1032,  2054,
          2065,  2057,  2109,  1042, 10441,  2546,  1998,  2443,  1996, 18720,
          2361,  3145,  4344, 16550,  1006,  1055,  1007,  2005, 15702,  1029,
          1032,  2023,  2071,  2812,  1037,  2843,  1012,  2017,  2421,  1996,
         18720,  2361,  3145, 27556,  2306,  1996,  1042, 10441,  2546,  1032,
          5371,  1997,  2115,  3622,  2814,  1998,  2059,  2421,  1037, 13426,
         11307,  1997,  1996, 18720,  2361,  3145,  1032, 27556,  1997,  2115,
          2972,  2317,  9863,  1006,  1996,  3120,  1042, 10441,  2546,  5371,
          2052,  1997,  2607,  2342,  1032,  2000,  2022,  4372, 26775, 22571,
          3064,  1007,  1012,  1032,  1032,  2115,  2317,  9863,  2052,  2022,
         10357,  2013,  1996,  2591,  2897,  2004,  2115,  7396,  1032,  3603,
          2047,  8909,  4765,  4183,  1012,  1012,  1012,  1032,  1032,   102]],
       device='cuda:0'), 'token_type_ids': tensor([[0, 0, 0, 0, 0, 0, 0, 0, 0, 0, 0, 0, 0, 0, 0, 0, 0, 0, 0, 0, 0, 0, 0, 0,
         0, 0, 0, 0, 0, 0, 0, 0, 0, 0, 0, 0, 0, 0, 0, 0, 0, 0, 0, 0, 0, 0, 0, 0,
         0, 0, 0, 0, 0, 0, 0, 0, 0, 0, 0, 0, 0, 0, 0, 0, 0, 0, 0, 0, 0, 0, 0, 0,
         0, 0, 0, 0, 0, 0, 0, 0, 0, 0, 0, 0, 0, 0, 0, 0, 0, 0, 0, 0, 0, 0, 0, 0,
         0, 0, 0, 0, 0, 0, 0, 0, 0, 0, 0, 0, 0, 0, 0, 0, 0, 0, 0, 0, 0, 0, 0, 0,
         0, 0, 0, 0, 0, 0, 0, 0, 0, 0, 0, 0, 0, 0, 0, 0, 0, 0, 0, 0, 0, 0, 0, 0,
         0, 0, 0, 0, 0, 0, 0, 0, 0, 0, 0, 0, 0, 0, 0, 0, 0, 0, 0, 0, 0, 0, 0, 0,
         0, 0, 0, 0, 0, 0, 0, 0, 0, 0, 0, 0, 0, 0, 0, 0, 0, 0, 0, 0, 0, 0, 0, 0,
         0, 0, 0, 0, 0, 0, 0, 0]], device='cuda:0'), 'attention_mask': tensor([[1, 1, 1, 1, 1, 1, 1, 1, 1, 1, 1, 1, 1, 1, 1, 1, 1, 1, 1, 1, 1, 1, 1, 1,
         1, 1, 1, 1, 1, 1, 1, 1, 1, 1, 1, 1, 1, 1, 1, 1, 1, 1, 1, 1, 1, 1, 1, 1,
         1, 1, 1, 1, 1, 1, 1, 1, 1, 1, 1, 1, 1, 1, 1, 1, 1, 1, 1, 1, 1, 1, 1, 1,
         1, 1, 1, 1, 1, 1, 1, 1, 1, 1, 1, 1, 1, 1, 1, 1, 1, 1, 1, 1, 1, 1, 1, 1,
         1, 1, 1, 1, 1, 1, 1, 1, 1, 1, 1, 1, 1, 1, 1, 1, 1, 1, 1, 1, 1, 1, 1, 1,
         1, 1, 1, 1, 1, 1, 1, 1, 1, 1, 1, 1, 1, 1, 1, 1, 1, 1, 1, 1, 1, 1, 1, 1,
         1, 1, 1, 1, 1, 1, 1, 1, 1, 1, 1, 1, 1, 1, 1, 1, 1, 1, 1, 1, 1, 1, 1, 1,
         1, 1, 1, 1, 1, 1, 1, 1, 1, 1, 1, 1, 1, 1, 1, 1, 1, 1, 1, 1, 1, 1, 1, 1,
         1, 1, 1, 1, 1, 1, 1, 1]], device='cuda:0')}
Labels: tensor([[100, 100, 100, 100, 100, 100, 100, 100, 100, 100, 100, 100, 100, 100,
         100, 100, 100, 100, 100, 100, 100, 100, 100, 100, 100, 100, 100, 100,
         100, 100, 100, 100, 100, 100, 100, 100, 100, 100, 100, 100, 100, 100,
         100, 100, 100, 100, 100, 100, 100, 100, 100, 100, 100, 100, 100, 100,
         100, 100, 100, 100, 100, 100, 100, 100, 100, 100, 100, 100, 100, 100,
         100, 100, 100, 100, 100, 100, 100, 100, 100, 100, 100, 100, 100, 100,
         100, 100, 100, 100, 100, 100, 100, 100, 100, 100, 100, 100, 100, 100,
         100, 100, 100, 100, 100, 100, 100, 100, 100, 100, 100, 100, 100, 100,
         100, 100, 100, 100, 100, 100, 100, 100, 100, 100, 100, 100, 100, 100,
         100, 100, 100, 100, 100, 100, 100, 100, 100, 100, 100, 100, 100, 100,
         100, 100, 100, 100, 100, 100, 100, 100, 100, 100, 100, 100, 100, 100,
         100, 100, 100, 100, 100, 100, 100, 100, 100, 100, 100, 100, 100, 100,
         100, 100, 100, 100, 100, 100, 100, 100, 100, 100, 100, 100, 100, 100,
         100, 100, 100, 100, 100, 100, 100, 100, 100, 100, 100, 100, 100, 100,
         100, 100, 100, 100]], device='cuda:0')
Processing test sample 9/10 (before training)
Inputs: {'input_ids': tensor([[  101,  1041,  1011,  5653,  8040,  3286,  7889,  2610,  2708, 17045,
          2610, 19428,  2055,  1000, 13569, 12227,  1000,  2044,  2049,  9861,
          4686,  2708,  2001,  9416,  1012,   102]], device='cuda:0'), 'token_type_ids': tensor([[0, 0, 0, 0, 0, 0, 0, 0, 0, 0, 0, 0, 0, 0, 0, 0, 0, 0, 0, 0, 0, 0, 0, 0,
         0, 0]], device='cuda:0'), 'attention_mask': tensor([[1, 1, 1, 1, 1, 1, 1, 1, 1, 1, 1, 1, 1, 1, 1, 1, 1, 1, 1, 1, 1, 1, 1, 1,
         1, 1]], device='cuda:0')}
Labels: tensor([[100, 100, 100, 100, 100, 100, 100, 100, 100, 100, 100, 100, 100, 100,
         100, 100, 100, 100, 100, 100, 100, 100, 100, 100, 100, 100]],
       device='cuda:0')
Processing test sample 10/10 (before training)
Inputs: {'input_ids': tensor([[  101,  4003,  9861,  3131, 16996,  4029,  1010,  2199,  5329,  1999,
          2049,  2034,  2048,  2086,  1010,  1996,  2866,  1005,  1055,  4056,
          4003,  9861,  3131,  1010,  2038,  6757,  4029,  1010,  2199,  7376,
          5329,  1998, 18225, 17615,  1011,  1998, 10035,  2009,  5552,  3515,
          2213,  1012,   102]], device='cuda:0'), 'token_type_ids': tensor([[0, 0, 0, 0, 0, 0, 0, 0, 0, 0, 0, 0, 0, 0, 0, 0, 0, 0, 0, 0, 0, 0, 0, 0,
         0, 0, 0, 0, 0, 0, 0, 0, 0, 0, 0, 0, 0, 0, 0, 0, 0, 0, 0]],
       device='cuda:0'), 'attention_mask': tensor([[1, 1, 1, 1, 1, 1, 1, 1, 1, 1, 1, 1, 1, 1, 1, 1, 1, 1, 1, 1, 1, 1, 1, 1,
         1, 1, 1, 1, 1, 1, 1, 1, 1, 1, 1, 1, 1, 1, 1, 1, 1, 1, 1]],
       device='cuda:0')}
Labels: tensor([[100, 100, 100, 100, 100, 100, 100, 100, 100, 100, 100, 100, 100, 100,
         100, 100, 100, 100, 100, 100, 100, 100, 100, 100, 100, 100, 100, 100,
         100, 100, 100, 100, 100, 100, 100, 100, 100, 100, 100, 100, 100, 100,
         100]], device='cuda:0')
Training model...
  0%|          | 0/3 [00:00<?, ?it/s] 33%|███▎      | 1/3 [00:00<00:00,  5.65it/s] 67%|██████▋   | 2/3 [00:00<00:00,  7.21it/s]                                             {'train_runtime': 0.3557, 'train_samples_per_second': 84.347, 'train_steps_per_second': 8.435, 'train_loss': 2.6648127237955728, 'epoch': 3.0}
100%|██████████| 3/3 [00:00<00:00,  7.21it/s]100%|██████████| 3/3 [00:00<00:00,  8.46it/s]
Calculating uncertainties for 10 test samples after training (counterfactual mode: constant)...
Processing test sample 1/10 (after training)
Inputs: {'input_ids': tensor([[  101, 10069,  2005,  1056,  1050, 11550,  2044,  7566,  9209,  5052,
          3667,  2012,  6769,  2047,  8095,  2360,  2027,  2024,  1005,  9364,
          1005,  2044,  7566,  2007, 16654,  6687,  3813,  2976,  9587, 24848,
          1012,   102]], device='cuda:0'), 'token_type_ids': tensor([[0, 0, 0, 0, 0, 0, 0, 0, 0, 0, 0, 0, 0, 0, 0, 0, 0, 0, 0, 0, 0, 0, 0, 0,
         0, 0, 0, 0, 0, 0, 0, 0]], device='cuda:0'), 'attention_mask': tensor([[1, 1, 1, 1, 1, 1, 1, 1, 1, 1, 1, 1, 1, 1, 1, 1, 1, 1, 1, 1, 1, 1, 1, 1,
         1, 1, 1, 1, 1, 1, 1, 1]], device='cuda:0')}
Labels: tensor([[100, 100, 100, 100, 100, 100, 100, 100, 100, 100, 100, 100, 100, 100,
         100, 100, 100, 100, 100, 100, 100, 100, 100, 100, 100, 100, 100, 100,
         100, 100, 100, 100]], device='cuda:0')
Processing test sample 2/10 (after training)
Inputs: {'input_ids': tensor([[  101,  1996,  2679,  2003,  2006,  1024,  2117,  2797,  2136,  4520,
          4888,  3058,  2005,  2529,  2686, 28968,  1006,  2686,  1012,  4012,
          1007,  2686,  1012,  4012,  1011,  4361,  1010,  2710,  1011,  1011,
          1037,  2117,  1032,  2136,  1997,  7596, 22862,  6637,  2005,  1996,
          1001,  4029,  1025,  2184,  2454,  2019, 22740,  1060,  3396,  1010,
          1037,  5049,  2005,  1032,  9139,  6787,  4942,  2953, 16313,  2389,
          2686,  3462,  1010,  2038,  3985,  2623,  1996,  2034,  1032,  4888,
          3058,  2005,  2049, 15371,  7596,  1012,   102]], device='cuda:0'), 'token_type_ids': tensor([[0, 0, 0, 0, 0, 0, 0, 0, 0, 0, 0, 0, 0, 0, 0, 0, 0, 0, 0, 0, 0, 0, 0, 0,
         0, 0, 0, 0, 0, 0, 0, 0, 0, 0, 0, 0, 0, 0, 0, 0, 0, 0, 0, 0, 0, 0, 0, 0,
         0, 0, 0, 0, 0, 0, 0, 0, 0, 0, 0, 0, 0, 0, 0, 0, 0, 0, 0, 0, 0, 0, 0, 0,
         0, 0, 0, 0, 0]], device='cuda:0'), 'attention_mask': tensor([[1, 1, 1, 1, 1, 1, 1, 1, 1, 1, 1, 1, 1, 1, 1, 1, 1, 1, 1, 1, 1, 1, 1, 1,
         1, 1, 1, 1, 1, 1, 1, 1, 1, 1, 1, 1, 1, 1, 1, 1, 1, 1, 1, 1, 1, 1, 1, 1,
         1, 1, 1, 1, 1, 1, 1, 1, 1, 1, 1, 1, 1, 1, 1, 1, 1, 1, 1, 1, 1, 1, 1, 1,
         1, 1, 1, 1, 1]], device='cuda:0')}
Labels: tensor([[100, 100, 100, 100, 100, 100, 100, 100, 100, 100, 100, 100, 100, 100,
         100, 100, 100, 100, 100, 100, 100, 100, 100, 100, 100, 100, 100, 100,
         100, 100, 100, 100, 100, 100, 100, 100, 100, 100, 100, 100, 100, 100,
         100, 100, 100, 100, 100, 100, 100, 100, 100, 100, 100, 100, 100, 100,
         100, 100, 100, 100, 100, 100, 100, 100, 100, 100, 100, 100, 100, 100,
         100, 100, 100, 100, 100, 100, 100]], device='cuda:0')
Processing test sample 3/10 (after training)
Inputs: {'input_ids': tensor([[  101, 18712,  1012,  2194,  5222,  3946,  2000,  2817, 25117,  2015,
          1006,  9706,  1007,  9706,  1011,  1037,  2194,  2631,  2011,  1037,
          6370, 10753,  2012,  1996,  2118,  1997, 11577,  2180,  1037,  3946,
          2000,  4503,  1037,  4118,  1997,  5155,  2488, 25117,  2015,  1010,
          2029,  2024,  2460,  8859,  1997, 13096, 12737,  1010,  1996,  2311,
          5991,  1997,  8171,  1012,   102]], device='cuda:0'), 'token_type_ids': tensor([[0, 0, 0, 0, 0, 0, 0, 0, 0, 0, 0, 0, 0, 0, 0, 0, 0, 0, 0, 0, 0, 0, 0, 0,
         0, 0, 0, 0, 0, 0, 0, 0, 0, 0, 0, 0, 0, 0, 0, 0, 0, 0, 0, 0, 0, 0, 0, 0,
         0, 0, 0, 0, 0, 0, 0]], device='cuda:0'), 'attention_mask': tensor([[1, 1, 1, 1, 1, 1, 1, 1, 1, 1, 1, 1, 1, 1, 1, 1, 1, 1, 1, 1, 1, 1, 1, 1,
         1, 1, 1, 1, 1, 1, 1, 1, 1, 1, 1, 1, 1, 1, 1, 1, 1, 1, 1, 1, 1, 1, 1, 1,
         1, 1, 1, 1, 1, 1, 1]], device='cuda:0')}
Labels: tensor([[100, 100, 100, 100, 100, 100, 100, 100, 100, 100, 100, 100, 100, 100,
         100, 100, 100, 100, 100, 100, 100, 100, 100, 100, 100, 100, 100, 100,
         100, 100, 100, 100, 100, 100, 100, 100, 100, 100, 100, 100, 100, 100,
         100, 100, 100, 100, 100, 100, 100, 100, 100, 100, 100, 100, 100]],
       device='cuda:0')
Processing test sample 4/10 (after training)
Inputs: {'input_ids': tensor([[  101, 17547,  3131,  7126, 19939,  3748, 26332,  1006,  9706,  1007,
          9706,  1011,  2009,  1005,  1055,  4510,  6440,  2043,  3505, 26249,
          4627,  2010,  5670,  2007,  1037, 14819,  1997, 14231,  7341,  1010,
          4481,  1998, 10866,  6093,  1010,  2021,  2525,  2002,  4282,  2054,
          1996,  2154,  2097,  3288,  1012,  7407,  2097,  4894,  1999,  3182,
          2002, 24273,  1012,  7266,  2097,  4060,  2039,  1010, 11052,  3182,
          2097,  4318,  1998,  7311,  2097, 11950,  1012,   102]],
       device='cuda:0'), 'token_type_ids': tensor([[0, 0, 0, 0, 0, 0, 0, 0, 0, 0, 0, 0, 0, 0, 0, 0, 0, 0, 0, 0, 0, 0, 0, 0,
         0, 0, 0, 0, 0, 0, 0, 0, 0, 0, 0, 0, 0, 0, 0, 0, 0, 0, 0, 0, 0, 0, 0, 0,
         0, 0, 0, 0, 0, 0, 0, 0, 0, 0, 0, 0, 0, 0, 0, 0, 0, 0, 0, 0]],
       device='cuda:0'), 'attention_mask': tensor([[1, 1, 1, 1, 1, 1, 1, 1, 1, 1, 1, 1, 1, 1, 1, 1, 1, 1, 1, 1, 1, 1, 1, 1,
         1, 1, 1, 1, 1, 1, 1, 1, 1, 1, 1, 1, 1, 1, 1, 1, 1, 1, 1, 1, 1, 1, 1, 1,
         1, 1, 1, 1, 1, 1, 1, 1, 1, 1, 1, 1, 1, 1, 1, 1, 1, 1, 1, 1]],
       device='cuda:0')}
Labels: tensor([[100, 100, 100, 100, 100, 100, 100, 100, 100, 100, 100, 100, 100, 100,
         100, 100, 100, 100, 100, 100, 100, 100, 100, 100, 100, 100, 100, 100,
         100, 100, 100, 100, 100, 100, 100, 100, 100, 100, 100, 100, 100, 100,
         100, 100, 100, 100, 100, 100, 100, 100, 100, 100, 100, 100, 100, 100,
         100, 100, 100, 100, 100, 100, 100, 100, 100, 100, 100, 100]],
       device='cuda:0')
Processing test sample 5/10 (after training)
Inputs: {'input_ids': tensor([[  101, 10250, 10128,  1012,  8704,  2000,  5787,  3888,  1011,  3141,
         15488,  8649,  1006,  9706,  1007,  9706,  1011,  2670,  2662,  1005,
          1055, 15488,  8649,  1011,  3554,  4034,  2253,  2044, 11768,  1997,
          1996,  8945, 20534,  3528,  5958,  1010, 16151,  1996,  3842,  1005,
          1055,  2034,  3513,  2000,  5547,  2250, 10796,  2013, 11825, 11190,
          2158,  5397,  1012,   102]], device='cuda:0'), 'token_type_ids': tensor([[0, 0, 0, 0, 0, 0, 0, 0, 0, 0, 0, 0, 0, 0, 0, 0, 0, 0, 0, 0, 0, 0, 0, 0,
         0, 0, 0, 0, 0, 0, 0, 0, 0, 0, 0, 0, 0, 0, 0, 0, 0, 0, 0, 0, 0, 0, 0, 0,
         0, 0, 0, 0, 0, 0]], device='cuda:0'), 'attention_mask': tensor([[1, 1, 1, 1, 1, 1, 1, 1, 1, 1, 1, 1, 1, 1, 1, 1, 1, 1, 1, 1, 1, 1, 1, 1,
         1, 1, 1, 1, 1, 1, 1, 1, 1, 1, 1, 1, 1, 1, 1, 1, 1, 1, 1, 1, 1, 1, 1, 1,
         1, 1, 1, 1, 1, 1]], device='cuda:0')}
Labels: tensor([[100, 100, 100, 100, 100, 100, 100, 100, 100, 100, 100, 100, 100, 100,
         100, 100, 100, 100, 100, 100, 100, 100, 100, 100, 100, 100, 100, 100,
         100, 100, 100, 100, 100, 100, 100, 100, 100, 100, 100, 100, 100, 100,
         100, 100, 100, 100, 100, 100, 100, 100, 100, 100, 100, 100]],
       device='cuda:0')
Processing test sample 6/10 (after training)
Inputs: {'input_ids': tensor([[  101,  2330,  3661,  2114,  2329,  9385, 11424,  6593, 11796,  3508,
          1999,  2816,  1996,  2329,  2533,  2005,  2495,  1998,  4813,  1006,
          1040,  7959,  2015,  1007,  3728,  3390,  1037,  1000,  2189, 17124,
          1000,  3049,  1010,  2007,  1996,  9808, 25808,  7028,  6808,  1997,
         25088,  1996,  2279,  4245,  1997,  2329,  5389,  1012,  6854,  1010,
          2027,  2036, 12597,  2039,  2007,  1996,  2189,  3068,  1006, 12495,
          1010,  1998,  2536,  3324,  1007,  2000,  2191,  2023,  2759,  1012,
         12495,  2038,  4593, 13630,  2037,  2203,  2092,  1010,  2061,  2008,
          2336,  1999,  2256,  2816,  2097,  2085,  2022, 11424,  6593, 11796,
          3064,  2055,  1996,  6206,  3012,  1997,  8816,  2075,  2189,  1012,
          1996, 18173,  1998,  8740,  2850, 12972,  1997,  2023,  2288,  2000,
          2033,  1037,  2210,  1010,  2061,  1045,  2626,  2019,  2330,  3661,
          2000,  1996,  1040,  7959,  2015,  2055,  2009,  1012,  6854,  1010,
          2009,  1005,  1055, 21877, 28210,  2594,  1010,  2004,  1045,  6814,
          2017,  2031,  2000,  2022,  2043,  3015,  2000, 18079,  2121,  3672,
          4505,  1012,  2021,  1045,  3246,  2017,  2424,  2009,  6179,  1010,
          1998,  3383,  2514,  4427,  2000,  2079,  2242,  2714,  1010,  2065,
          2030,  2043,  1996,  2168,  2518,  2038,  3047,  1999,  2115,  2181,
          1012,   102]], device='cuda:0'), 'token_type_ids': tensor([[0, 0, 0, 0, 0, 0, 0, 0, 0, 0, 0, 0, 0, 0, 0, 0, 0, 0, 0, 0, 0, 0, 0, 0,
         0, 0, 0, 0, 0, 0, 0, 0, 0, 0, 0, 0, 0, 0, 0, 0, 0, 0, 0, 0, 0, 0, 0, 0,
         0, 0, 0, 0, 0, 0, 0, 0, 0, 0, 0, 0, 0, 0, 0, 0, 0, 0, 0, 0, 0, 0, 0, 0,
         0, 0, 0, 0, 0, 0, 0, 0, 0, 0, 0, 0, 0, 0, 0, 0, 0, 0, 0, 0, 0, 0, 0, 0,
         0, 0, 0, 0, 0, 0, 0, 0, 0, 0, 0, 0, 0, 0, 0, 0, 0, 0, 0, 0, 0, 0, 0, 0,
         0, 0, 0, 0, 0, 0, 0, 0, 0, 0, 0, 0, 0, 0, 0, 0, 0, 0, 0, 0, 0, 0, 0, 0,
         0, 0, 0, 0, 0, 0, 0, 0, 0, 0, 0, 0, 0, 0, 0, 0, 0, 0, 0, 0, 0, 0, 0, 0,
         0, 0, 0, 0, 0, 0, 0, 0, 0, 0, 0, 0, 0, 0]], device='cuda:0'), 'attention_mask': tensor([[1, 1, 1, 1, 1, 1, 1, 1, 1, 1, 1, 1, 1, 1, 1, 1, 1, 1, 1, 1, 1, 1, 1, 1,
         1, 1, 1, 1, 1, 1, 1, 1, 1, 1, 1, 1, 1, 1, 1, 1, 1, 1, 1, 1, 1, 1, 1, 1,
         1, 1, 1, 1, 1, 1, 1, 1, 1, 1, 1, 1, 1, 1, 1, 1, 1, 1, 1, 1, 1, 1, 1, 1,
         1, 1, 1, 1, 1, 1, 1, 1, 1, 1, 1, 1, 1, 1, 1, 1, 1, 1, 1, 1, 1, 1, 1, 1,
         1, 1, 1, 1, 1, 1, 1, 1, 1, 1, 1, 1, 1, 1, 1, 1, 1, 1, 1, 1, 1, 1, 1, 1,
         1, 1, 1, 1, 1, 1, 1, 1, 1, 1, 1, 1, 1, 1, 1, 1, 1, 1, 1, 1, 1, 1, 1, 1,
         1, 1, 1, 1, 1, 1, 1, 1, 1, 1, 1, 1, 1, 1, 1, 1, 1, 1, 1, 1, 1, 1, 1, 1,
         1, 1, 1, 1, 1, 1, 1, 1, 1, 1, 1, 1, 1, 1]], device='cuda:0')}
Labels: tensor([[100, 100, 100, 100, 100, 100, 100, 100, 100, 100, 100, 100, 100, 100,
         100, 100, 100, 100, 100, 100, 100, 100, 100, 100, 100, 100, 100, 100,
         100, 100, 100, 100, 100, 100, 100, 100, 100, 100, 100, 100, 100, 100,
         100, 100, 100, 100, 100, 100, 100, 100, 100, 100, 100, 100, 100, 100,
         100, 100, 100, 100, 100, 100, 100, 100, 100, 100, 100, 100, 100, 100,
         100, 100, 100, 100, 100, 100, 100, 100, 100, 100, 100, 100, 100, 100,
         100, 100, 100, 100, 100, 100, 100, 100, 100, 100, 100, 100, 100, 100,
         100, 100, 100, 100, 100, 100, 100, 100, 100, 100, 100, 100, 100, 100,
         100, 100, 100, 100, 100, 100, 100, 100, 100, 100, 100, 100, 100, 100,
         100, 100, 100, 100, 100, 100, 100, 100, 100, 100, 100, 100, 100, 100,
         100, 100, 100, 100, 100, 100, 100, 100, 100, 100, 100, 100, 100, 100,
         100, 100, 100, 100, 100, 100, 100, 100, 100, 100, 100, 100, 100, 100,
         100, 100, 100, 100, 100, 100, 100, 100, 100, 100, 100, 100, 100, 100]],
       device='cuda:0')
Processing test sample 7/10 (after training)
Inputs: {'input_ids': tensor([[  101,  8840, 18606,  1996,  2162,  2006, 10130,  1032,  1032,  1000,
         21313, 14855, 11624,  2319,  1010,  2969,  1011, 14312,  3166,  1997,
          1996, 16996,  4801,  1998, 21871,  8043, 18191,  1010,  2003,  1032,
          3625,  2005,  3963,  3867,  1997,  7865, 15245,  1999,  2432,  1010,
          2429,  2000,  1037,  2416,  1011,  3204,  1032,  7865,  2461,  6279,
          2405,  9317,  2011,  3424, 23350,  2194,  2061,  8458,  2891,  1012,
          1000,  1032,  1032,  1000,  1996,  2324,  1011,  2095,  1011,  2214,
         14855, 11624,  2319,  2001,  2579,  2046,  9968,  1999,  2762,  1999,
          2089,  2011,  2610,  2040,  1032,  2056,  2002,  2018,  4914,  4730,
          2119,  1996, 16996,  4801,  1998, 21871,  8043, 16253,  1010,  2242,
          1032,  8519,  2012,  7513,  4484,  1012,  1006,  1037,  7513,  3424,
         23350, 10377,  2565,  2419,  2000,  1996,  1032, 10563,  1005,  1055,
          6545,  1012,  1007,  2076,  1996,  2274,  2706, 11003, 14855, 11624,
          2319,  1005,  1055,  5425,  1010,  2045,  1032,  2020,  2012,  2560,
          2423, 10176,  1997, 16996,  4801,  1998,  2028,  1997,  1996,  3417,
          1011, 13722,  2897, 15485,  1032, 21871,  8043,  1012,  1000,  1032,
          1032,  1000,  5846, 18856,  9307,  2100,  1010,  3026,  2974,  8930,
          2012,  2061,  8458,  2891,  1010,  2056,  2009,  2001,  2358, 27609,
          2072,  1012,  1012,  1012,  1032,  1032,   102]], device='cuda:0'), 'token_type_ids': tensor([[0, 0, 0, 0, 0, 0, 0, 0, 0, 0, 0, 0, 0, 0, 0, 0, 0, 0, 0, 0, 0, 0, 0, 0,
         0, 0, 0, 0, 0, 0, 0, 0, 0, 0, 0, 0, 0, 0, 0, 0, 0, 0, 0, 0, 0, 0, 0, 0,
         0, 0, 0, 0, 0, 0, 0, 0, 0, 0, 0, 0, 0, 0, 0, 0, 0, 0, 0, 0, 0, 0, 0, 0,
         0, 0, 0, 0, 0, 0, 0, 0, 0, 0, 0, 0, 0, 0, 0, 0, 0, 0, 0, 0, 0, 0, 0, 0,
         0, 0, 0, 0, 0, 0, 0, 0, 0, 0, 0, 0, 0, 0, 0, 0, 0, 0, 0, 0, 0, 0, 0, 0,
         0, 0, 0, 0, 0, 0, 0, 0, 0, 0, 0, 0, 0, 0, 0, 0, 0, 0, 0, 0, 0, 0, 0, 0,
         0, 0, 0, 0, 0, 0, 0, 0, 0, 0, 0, 0, 0, 0, 0, 0, 0, 0, 0, 0, 0, 0, 0, 0,
         0, 0, 0, 0, 0, 0, 0, 0, 0, 0, 0, 0, 0, 0, 0, 0, 0, 0, 0]],
       device='cuda:0'), 'attention_mask': tensor([[1, 1, 1, 1, 1, 1, 1, 1, 1, 1, 1, 1, 1, 1, 1, 1, 1, 1, 1, 1, 1, 1, 1, 1,
         1, 1, 1, 1, 1, 1, 1, 1, 1, 1, 1, 1, 1, 1, 1, 1, 1, 1, 1, 1, 1, 1, 1, 1,
         1, 1, 1, 1, 1, 1, 1, 1, 1, 1, 1, 1, 1, 1, 1, 1, 1, 1, 1, 1, 1, 1, 1, 1,
         1, 1, 1, 1, 1, 1, 1, 1, 1, 1, 1, 1, 1, 1, 1, 1, 1, 1, 1, 1, 1, 1, 1, 1,
         1, 1, 1, 1, 1, 1, 1, 1, 1, 1, 1, 1, 1, 1, 1, 1, 1, 1, 1, 1, 1, 1, 1, 1,
         1, 1, 1, 1, 1, 1, 1, 1, 1, 1, 1, 1, 1, 1, 1, 1, 1, 1, 1, 1, 1, 1, 1, 1,
         1, 1, 1, 1, 1, 1, 1, 1, 1, 1, 1, 1, 1, 1, 1, 1, 1, 1, 1, 1, 1, 1, 1, 1,
         1, 1, 1, 1, 1, 1, 1, 1, 1, 1, 1, 1, 1, 1, 1, 1, 1, 1, 1]],
       device='cuda:0')}
Labels: tensor([[100, 100, 100, 100, 100, 100, 100, 100, 100, 100, 100, 100, 100, 100,
         100, 100, 100, 100, 100, 100, 100, 100, 100, 100, 100, 100, 100, 100,
         100, 100, 100, 100, 100, 100, 100, 100, 100, 100, 100, 100, 100, 100,
         100, 100, 100, 100, 100, 100, 100, 100, 100, 100, 100, 100, 100, 100,
         100, 100, 100, 100, 100, 100, 100, 100, 100, 100, 100, 100, 100, 100,
         100, 100, 100, 100, 100, 100, 100, 100, 100, 100, 100, 100, 100, 100,
         100, 100, 100, 100, 100, 100, 100, 100, 100, 100, 100, 100, 100, 100,
         100, 100, 100, 100, 100, 100, 100, 100, 100, 100, 100, 100, 100, 100,
         100, 100, 100, 100, 100, 100, 100, 100, 100, 100, 100, 100, 100, 100,
         100, 100, 100, 100, 100, 100, 100, 100, 100, 100, 100, 100, 100, 100,
         100, 100, 100, 100, 100, 100, 100, 100, 100, 100, 100, 100, 100, 100,
         100, 100, 100, 100, 100, 100, 100, 100, 100, 100, 100, 100, 100, 100,
         100, 100, 100, 100, 100, 100, 100, 100, 100, 100, 100, 100, 100, 100,
         100, 100, 100, 100, 100]], device='cuda:0')
Processing test sample 8/10 (after training)
Inputs: {'input_ids': tensor([[  101,  1042, 10441, 24316,  3240,  1024,  1042, 10441,  2546,  1010,
         18720,  2361,  1010,  3145,  4353,  1010,  1998, 13426, 17736,  1032,
          1032,  1042, 10441,  2546,  1013, 27048,  1998, 13426, 17736,  2031,
          1037,  2843,  1997,  5875,  5144,  2005,  2591,  1032,  2897,  1998,
          2317,  9863,  4353,  1012,  1032,  1032,  1045,  2228,  2057,  2064,
          2175,  2028,  2504,  3020,  2295,  1998,  2421, 14246,  2290,  1013,
          2330, 26952,  2361,  3145,  1032,  4344, 18098,  2075,  4353,  1999,
          1996,  1042, 10441,  2546,  5371,  2005,  3722,  4773,  1011,  1997,
          1011,  3404,  2241,  3145,  1032,  4353,  1012,  1032,  1032,  2054,
          2065,  2057,  2109,  1042, 10441,  2546,  1998,  2443,  1996, 18720,
          2361,  3145,  4344, 16550,  1006,  1055,  1007,  2005, 15702,  1029,
          1032,  2023,  2071,  2812,  1037,  2843,  1012,  2017,  2421,  1996,
         18720,  2361,  3145, 27556,  2306,  1996,  1042, 10441,  2546,  1032,
          5371,  1997,  2115,  3622,  2814,  1998,  2059,  2421,  1037, 13426,
         11307,  1997,  1996, 18720,  2361,  3145,  1032, 27556,  1997,  2115,
          2972,  2317,  9863,  1006,  1996,  3120,  1042, 10441,  2546,  5371,
          2052,  1997,  2607,  2342,  1032,  2000,  2022,  4372, 26775, 22571,
          3064,  1007,  1012,  1032,  1032,  2115,  2317,  9863,  2052,  2022,
         10357,  2013,  1996,  2591,  2897,  2004,  2115,  7396,  1032,  3603,
          2047,  8909,  4765,  4183,  1012,  1012,  1012,  1032,  1032,   102]],
       device='cuda:0'), 'token_type_ids': tensor([[0, 0, 0, 0, 0, 0, 0, 0, 0, 0, 0, 0, 0, 0, 0, 0, 0, 0, 0, 0, 0, 0, 0, 0,
         0, 0, 0, 0, 0, 0, 0, 0, 0, 0, 0, 0, 0, 0, 0, 0, 0, 0, 0, 0, 0, 0, 0, 0,
         0, 0, 0, 0, 0, 0, 0, 0, 0, 0, 0, 0, 0, 0, 0, 0, 0, 0, 0, 0, 0, 0, 0, 0,
         0, 0, 0, 0, 0, 0, 0, 0, 0, 0, 0, 0, 0, 0, 0, 0, 0, 0, 0, 0, 0, 0, 0, 0,
         0, 0, 0, 0, 0, 0, 0, 0, 0, 0, 0, 0, 0, 0, 0, 0, 0, 0, 0, 0, 0, 0, 0, 0,
         0, 0, 0, 0, 0, 0, 0, 0, 0, 0, 0, 0, 0, 0, 0, 0, 0, 0, 0, 0, 0, 0, 0, 0,
         0, 0, 0, 0, 0, 0, 0, 0, 0, 0, 0, 0, 0, 0, 0, 0, 0, 0, 0, 0, 0, 0, 0, 0,
         0, 0, 0, 0, 0, 0, 0, 0, 0, 0, 0, 0, 0, 0, 0, 0, 0, 0, 0, 0, 0, 0, 0, 0,
         0, 0, 0, 0, 0, 0, 0, 0]], device='cuda:0'), 'attention_mask': tensor([[1, 1, 1, 1, 1, 1, 1, 1, 1, 1, 1, 1, 1, 1, 1, 1, 1, 1, 1, 1, 1, 1, 1, 1,
         1, 1, 1, 1, 1, 1, 1, 1, 1, 1, 1, 1, 1, 1, 1, 1, 1, 1, 1, 1, 1, 1, 1, 1,
         1, 1, 1, 1, 1, 1, 1, 1, 1, 1, 1, 1, 1, 1, 1, 1, 1, 1, 1, 1, 1, 1, 1, 1,
         1, 1, 1, 1, 1, 1, 1, 1, 1, 1, 1, 1, 1, 1, 1, 1, 1, 1, 1, 1, 1, 1, 1, 1,
         1, 1, 1, 1, 1, 1, 1, 1, 1, 1, 1, 1, 1, 1, 1, 1, 1, 1, 1, 1, 1, 1, 1, 1,
         1, 1, 1, 1, 1, 1, 1, 1, 1, 1, 1, 1, 1, 1, 1, 1, 1, 1, 1, 1, 1, 1, 1, 1,
         1, 1, 1, 1, 1, 1, 1, 1, 1, 1, 1, 1, 1, 1, 1, 1, 1, 1, 1, 1, 1, 1, 1, 1,
         1, 1, 1, 1, 1, 1, 1, 1, 1, 1, 1, 1, 1, 1, 1, 1, 1, 1, 1, 1, 1, 1, 1, 1,
         1, 1, 1, 1, 1, 1, 1, 1]], device='cuda:0')}
Labels: tensor([[100, 100, 100, 100, 100, 100, 100, 100, 100, 100, 100, 100, 100, 100,
         100, 100, 100, 100, 100, 100, 100, 100, 100, 100, 100, 100, 100, 100,
         100, 100, 100, 100, 100, 100, 100, 100, 100, 100, 100, 100, 100, 100,
         100, 100, 100, 100, 100, 100, 100, 100, 100, 100, 100, 100, 100, 100,
         100, 100, 100, 100, 100, 100, 100, 100, 100, 100, 100, 100, 100, 100,
         100, 100, 100, 100, 100, 100, 100, 100, 100, 100, 100, 100, 100, 100,
         100, 100, 100, 100, 100, 100, 100, 100, 100, 100, 100, 100, 100, 100,
         100, 100, 100, 100, 100, 100, 100, 100, 100, 100, 100, 100, 100, 100,
         100, 100, 100, 100, 100, 100, 100, 100, 100, 100, 100, 100, 100, 100,
         100, 100, 100, 100, 100, 100, 100, 100, 100, 100, 100, 100, 100, 100,
         100, 100, 100, 100, 100, 100, 100, 100, 100, 100, 100, 100, 100, 100,
         100, 100, 100, 100, 100, 100, 100, 100, 100, 100, 100, 100, 100, 100,
         100, 100, 100, 100, 100, 100, 100, 100, 100, 100, 100, 100, 100, 100,
         100, 100, 100, 100, 100, 100, 100, 100, 100, 100, 100, 100, 100, 100,
         100, 100, 100, 100]], device='cuda:0')
Processing test sample 9/10 (after training)
Inputs: {'input_ids': tensor([[  101,  1041,  1011,  5653,  8040,  3286,  7889,  2610,  2708, 17045,
          2610, 19428,  2055,  1000, 13569, 12227,  1000,  2044,  2049,  9861,
          4686,  2708,  2001,  9416,  1012,   102]], device='cuda:0'), 'token_type_ids': tensor([[0, 0, 0, 0, 0, 0, 0, 0, 0, 0, 0, 0, 0, 0, 0, 0, 0, 0, 0, 0, 0, 0, 0, 0,
         0, 0]], device='cuda:0'), 'attention_mask': tensor([[1, 1, 1, 1, 1, 1, 1, 1, 1, 1, 1, 1, 1, 1, 1, 1, 1, 1, 1, 1, 1, 1, 1, 1,
         1, 1]], device='cuda:0')}
Labels: tensor([[100, 100, 100, 100, 100, 100, 100, 100, 100, 100, 100, 100, 100, 100,
         100, 100, 100, 100, 100, 100, 100, 100, 100, 100, 100, 100]],
       device='cuda:0')
Processing test sample 10/10 (after training)
Inputs: {'input_ids': tensor([[  101,  4003,  9861,  3131, 16996,  4029,  1010,  2199,  5329,  1999,
          2049,  2034,  2048,  2086,  1010,  1996,  2866,  1005,  1055,  4056,
          4003,  9861,  3131,  1010,  2038,  6757,  4029,  1010,  2199,  7376,
          5329,  1998, 18225, 17615,  1011,  1998, 10035,  2009,  5552,  3515,
          2213,  1012,   102]], device='cuda:0'), 'token_type_ids': tensor([[0, 0, 0, 0, 0, 0, 0, 0, 0, 0, 0, 0, 0, 0, 0, 0, 0, 0, 0, 0, 0, 0, 0, 0,
         0, 0, 0, 0, 0, 0, 0, 0, 0, 0, 0, 0, 0, 0, 0, 0, 0, 0, 0]],
       device='cuda:0'), 'attention_mask': tensor([[1, 1, 1, 1, 1, 1, 1, 1, 1, 1, 1, 1, 1, 1, 1, 1, 1, 1, 1, 1, 1, 1, 1, 1,
         1, 1, 1, 1, 1, 1, 1, 1, 1, 1, 1, 1, 1, 1, 1, 1, 1, 1, 1]],
       device='cuda:0')}
Labels: tensor([[100, 100, 100, 100, 100, 100, 100, 100, 100, 100, 100, 100, 100, 100,
         100, 100, 100, 100, 100, 100, 100, 100, 100, 100, 100, 100, 100, 100,
         100, 100, 100, 100, 100, 100, 100, 100, 100, 100, 100, 100, 100, 100,
         100]], device='cuda:0')

Processing complete. Saved 10 results. Failed: 0
