slurmstepd-abakus22: error: Unable to create TMPDIR [/tmp/user/24470]: Permission denied
slurmstepd-abakus22: error: Setting TMPDIR to /tmp
Running job with commit: d2d927df0270f416128a75146e1bee1a051307a8
Running command: python -um scripts.bert "59937" --key_mode "keyfile" --sample_size "0" --test_sample_size "0" --dataset "scienceqa" --model "electra"
[nltk_data] Downloading package stopwords to
[nltk_data]     /home/g/gruenefeld/nltk_data...
[nltk_data]   Package stopwords is already up-to-date!
[nltk_data] Downloading package wordnet to
[nltk_data]     /home/g/gruenefeld/nltk_data...
[nltk_data]   Package wordnet is already up-to-date!
Job number: 59937
Key mode: keyfile
Sample size: 0
Normalize: False
Counterfactual: identity
Dataset: scienceqa
Model: electra
Replacement probability: 1.0
Epochs: 100
Using full train dataset with 547 samples.
Using full test dataset with 3532 samples.
Loading model: google/electra-base-discriminator
Some weights of ElectraForMaskedLM were not initialized from the model checkpoint at google/electra-base-discriminator and are newly initialized: ['generator_lm_head.bias', 'generator_predictions.LayerNorm.bias', 'generator_predictions.LayerNorm.weight', 'generator_predictions.dense.bias', 'generator_predictions.dense.weight']
You should probably TRAIN this model on a down-stream task to be able to use it for predictions and inference.
Using device: cuda
Map:   0%|          | 0/547 [00:00<?, ? examples/s]Map: 100%|██████████| 547/547 [00:00<00:00, 13420.24 examples/s]
/home/g/gruenefeld/Documents/GitHub/gradient-uncertainty/scripts/bert.py:240: FutureWarning: `tokenizer` is deprecated and will be removed in version 5.0.0 for `Trainer.__init__`. Use `processing_class` instead.
  trainer = Trainer(
Calculating uncertainties for 3532 test samples before training (counterfactual mode: identity)...
Processing test sample 1/3532 (before training)
Processing test sample 2/3532 (before training)
Processing test sample 3/3532 (before training)
Processing test sample 4/3532 (before training)
Processing test sample 5/3532 (before training)
Processing test sample 6/3532 (before training)
Processing test sample 7/3532 (before training)
Processing test sample 8/3532 (before training)
Processing test sample 9/3532 (before training)
Processing test sample 10/3532 (before training)
Processing test sample 11/3532 (before training)
Processing test sample 12/3532 (before training)
Processing test sample 13/3532 (before training)
Processing test sample 14/3532 (before training)
Processing test sample 15/3532 (before training)
Processing test sample 16/3532 (before training)
Processing test sample 17/3532 (before training)
Processing test sample 18/3532 (before training)
Processing test sample 19/3532 (before training)
Processing test sample 20/3532 (before training)
Processing test sample 21/3532 (before training)
Processing test sample 22/3532 (before training)
Processing test sample 23/3532 (before training)
Processing test sample 24/3532 (before training)
Processing test sample 25/3532 (before training)
Processing test sample 26/3532 (before training)
Processing test sample 27/3532 (before training)
Processing test sample 28/3532 (before training)
Processing test sample 29/3532 (before training)
Processing test sample 30/3532 (before training)
Processing test sample 31/3532 (before training)
Processing test sample 32/3532 (before training)
Processing test sample 33/3532 (before training)
Processing test sample 34/3532 (before training)
Processing test sample 35/3532 (before training)
Processing test sample 36/3532 (before training)
Processing test sample 37/3532 (before training)
Processing test sample 38/3532 (before training)
Processing test sample 39/3532 (before training)
Processing test sample 40/3532 (before training)
Processing test sample 41/3532 (before training)
Processing test sample 42/3532 (before training)
Processing test sample 43/3532 (before training)
Processing test sample 44/3532 (before training)
Processing test sample 45/3532 (before training)
Processing test sample 46/3532 (before training)
Processing test sample 47/3532 (before training)
Processing test sample 48/3532 (before training)
Processing test sample 49/3532 (before training)
Processing test sample 50/3532 (before training)
Processing test sample 51/3532 (before training)
Processing test sample 52/3532 (before training)
Processing test sample 53/3532 (before training)
Processing test sample 54/3532 (before training)
Processing test sample 55/3532 (before training)
Processing test sample 56/3532 (before training)
Processing test sample 57/3532 (before training)
Processing test sample 58/3532 (before training)
Processing test sample 59/3532 (before training)
Processing test sample 60/3532 (before training)
Processing test sample 61/3532 (before training)
Processing test sample 62/3532 (before training)
Processing test sample 63/3532 (before training)
Processing test sample 64/3532 (before training)
Processing test sample 65/3532 (before training)
Processing test sample 66/3532 (before training)
Processing test sample 67/3532 (before training)
Processing test sample 68/3532 (before training)
Processing test sample 69/3532 (before training)
Processing test sample 70/3532 (before training)
Processing test sample 71/3532 (before training)
Processing test sample 72/3532 (before training)
Processing test sample 73/3532 (before training)
Processing test sample 74/3532 (before training)
Processing test sample 75/3532 (before training)
Processing test sample 76/3532 (before training)
Processing test sample 77/3532 (before training)
Processing test sample 78/3532 (before training)
Processing test sample 79/3532 (before training)
Processing test sample 80/3532 (before training)
Processing test sample 81/3532 (before training)
Processing test sample 82/3532 (before training)
Processing test sample 83/3532 (before training)
Processing test sample 84/3532 (before training)
Processing test sample 85/3532 (before training)
Processing test sample 86/3532 (before training)
Processing test sample 87/3532 (before training)
Processing test sample 88/3532 (before training)
Processing test sample 89/3532 (before training)
Processing test sample 90/3532 (before training)
Processing test sample 91/3532 (before training)
Processing test sample 92/3532 (before training)
Processing test sample 93/3532 (before training)
Processing test sample 94/3532 (before training)
Processing test sample 95/3532 (before training)
Processing test sample 96/3532 (before training)
Processing test sample 97/3532 (before training)
Processing test sample 98/3532 (before training)
Processing test sample 99/3532 (before training)
Processing test sample 100/3532 (before training)
Processing test sample 101/3532 (before training)
Processing test sample 102/3532 (before training)
Processing test sample 103/3532 (before training)
Processing test sample 104/3532 (before training)
Processing test sample 105/3532 (before training)
Processing test sample 106/3532 (before training)
Token indices sequence length is longer than the specified maximum sequence length for this model (615 > 512). Running this sequence through the model will result in indexing errors
Error in bert_gradient: The size of tensor a (615) must match the size of tensor b (512) at non-singleton dimension 1
Error processing test sample 106 before training: not enough values to unpack (expected 2, got 1)
Processing test sample 107/3532 (before training)
Processing test sample 108/3532 (before training)
Processing test sample 109/3532 (before training)
Processing test sample 110/3532 (before training)
Processing test sample 111/3532 (before training)
Processing test sample 112/3532 (before training)
Processing test sample 113/3532 (before training)
Processing test sample 114/3532 (before training)
Processing test sample 115/3532 (before training)
Processing test sample 116/3532 (before training)
Processing test sample 117/3532 (before training)
Processing test sample 118/3532 (before training)
Processing test sample 119/3532 (before training)
Processing test sample 120/3532 (before training)
Processing test sample 121/3532 (before training)
Processing test sample 122/3532 (before training)
Processing test sample 123/3532 (before training)
Processing test sample 124/3532 (before training)
Processing test sample 125/3532 (before training)
Processing test sample 126/3532 (before training)
Processing test sample 127/3532 (before training)
Processing test sample 128/3532 (before training)
Processing test sample 129/3532 (before training)
Processing test sample 130/3532 (before training)
Processing test sample 131/3532 (before training)
Processing test sample 132/3532 (before training)
Processing test sample 133/3532 (before training)
Processing test sample 134/3532 (before training)
Processing test sample 135/3532 (before training)
Processing test sample 136/3532 (before training)
Processing test sample 137/3532 (before training)
Processing test sample 138/3532 (before training)
Processing test sample 139/3532 (before training)
Processing test sample 140/3532 (before training)
Processing test sample 141/3532 (before training)
Processing test sample 142/3532 (before training)
Processing test sample 143/3532 (before training)
Processing test sample 144/3532 (before training)
Processing test sample 145/3532 (before training)
Processing test sample 146/3532 (before training)
Processing test sample 147/3532 (before training)
Processing test sample 148/3532 (before training)
Processing test sample 149/3532 (before training)
Processing test sample 150/3532 (before training)
Processing test sample 151/3532 (before training)
Processing test sample 152/3532 (before training)
Processing test sample 153/3532 (before training)
Processing test sample 154/3532 (before training)
Processing test sample 155/3532 (before training)
Processing test sample 156/3532 (before training)
Processing test sample 157/3532 (before training)
Processing test sample 158/3532 (before training)
Processing test sample 159/3532 (before training)
Processing test sample 160/3532 (before training)
Processing test sample 161/3532 (before training)
Processing test sample 162/3532 (before training)
Processing test sample 163/3532 (before training)
Processing test sample 164/3532 (before training)
Processing test sample 165/3532 (before training)
Processing test sample 166/3532 (before training)
Processing test sample 167/3532 (before training)
Processing test sample 168/3532 (before training)
Processing test sample 169/3532 (before training)
Processing test sample 170/3532 (before training)
Processing test sample 171/3532 (before training)
Processing test sample 172/3532 (before training)
Processing test sample 173/3532 (before training)
Processing test sample 174/3532 (before training)
Processing test sample 175/3532 (before training)
Processing test sample 176/3532 (before training)
Processing test sample 177/3532 (before training)
Processing test sample 178/3532 (before training)
Processing test sample 179/3532 (before training)
Processing test sample 180/3532 (before training)
Processing test sample 181/3532 (before training)
Processing test sample 182/3532 (before training)
Processing test sample 183/3532 (before training)
Processing test sample 184/3532 (before training)
Processing test sample 185/3532 (before training)
Processing test sample 186/3532 (before training)
Processing test sample 187/3532 (before training)
Processing test sample 188/3532 (before training)
Processing test sample 189/3532 (before training)
Processing test sample 190/3532 (before training)
Processing test sample 191/3532 (before training)
Processing test sample 192/3532 (before training)
Error in bert_gradient: The size of tensor a (615) must match the size of tensor b (512) at non-singleton dimension 1
Error processing test sample 192 before training: not enough values to unpack (expected 2, got 1)
Processing test sample 193/3532 (before training)
Processing test sample 194/3532 (before training)
Processing test sample 195/3532 (before training)
Processing test sample 196/3532 (before training)
Processing test sample 197/3532 (before training)
Processing test sample 198/3532 (before training)
Processing test sample 199/3532 (before training)
Processing test sample 200/3532 (before training)
Processing test sample 201/3532 (before training)
Processing test sample 202/3532 (before training)
Processing test sample 203/3532 (before training)
Processing test sample 204/3532 (before training)
Processing test sample 205/3532 (before training)
Processing test sample 206/3532 (before training)
Processing test sample 207/3532 (before training)
Processing test sample 208/3532 (before training)
Processing test sample 209/3532 (before training)
Processing test sample 210/3532 (before training)
Processing test sample 211/3532 (before training)
Processing test sample 212/3532 (before training)
Processing test sample 213/3532 (before training)
Processing test sample 214/3532 (before training)
Processing test sample 215/3532 (before training)
Processing test sample 216/3532 (before training)
Processing test sample 217/3532 (before training)
Processing test sample 218/3532 (before training)
Processing test sample 219/3532 (before training)
Processing test sample 220/3532 (before training)
Processing test sample 221/3532 (before training)
Processing test sample 222/3532 (before training)
Processing test sample 223/3532 (before training)
Processing test sample 224/3532 (before training)
Processing test sample 225/3532 (before training)
Processing test sample 226/3532 (before training)
Processing test sample 227/3532 (before training)
Processing test sample 228/3532 (before training)
Processing test sample 229/3532 (before training)
Processing test sample 230/3532 (before training)
Processing test sample 231/3532 (before training)
Processing test sample 232/3532 (before training)
Processing test sample 233/3532 (before training)
Processing test sample 234/3532 (before training)
Processing test sample 235/3532 (before training)
Processing test sample 236/3532 (before training)
Processing test sample 237/3532 (before training)
Processing test sample 238/3532 (before training)
Processing test sample 239/3532 (before training)
Processing test sample 240/3532 (before training)
Processing test sample 241/3532 (before training)
Processing test sample 242/3532 (before training)
Processing test sample 243/3532 (before training)
Processing test sample 244/3532 (before training)
Processing test sample 245/3532 (before training)
Processing test sample 246/3532 (before training)
Processing test sample 247/3532 (before training)
Processing test sample 248/3532 (before training)
Processing test sample 249/3532 (before training)
Processing test sample 250/3532 (before training)
Processing test sample 251/3532 (before training)
Processing test sample 252/3532 (before training)
Processing test sample 253/3532 (before training)
Processing test sample 254/3532 (before training)
Processing test sample 255/3532 (before training)
Processing test sample 256/3532 (before training)
Processing test sample 257/3532 (before training)
Processing test sample 258/3532 (before training)
Processing test sample 259/3532 (before training)
Processing test sample 260/3532 (before training)
Processing test sample 261/3532 (before training)
Processing test sample 262/3532 (before training)
Processing test sample 263/3532 (before training)
Processing test sample 264/3532 (before training)
Processing test sample 265/3532 (before training)
Processing test sample 266/3532 (before training)
Processing test sample 267/3532 (before training)
Processing test sample 268/3532 (before training)
Processing test sample 269/3532 (before training)
Processing test sample 270/3532 (before training)
Processing test sample 271/3532 (before training)
Processing test sample 272/3532 (before training)
Processing test sample 273/3532 (before training)
Processing test sample 274/3532 (before training)
Processing test sample 275/3532 (before training)
Processing test sample 276/3532 (before training)
Processing test sample 277/3532 (before training)
Processing test sample 278/3532 (before training)
Processing test sample 279/3532 (before training)
Processing test sample 280/3532 (before training)
Processing test sample 281/3532 (before training)
Processing test sample 282/3532 (before training)
Processing test sample 283/3532 (before training)
Processing test sample 284/3532 (before training)
Processing test sample 285/3532 (before training)
Processing test sample 286/3532 (before training)
Processing test sample 287/3532 (before training)
Processing test sample 288/3532 (before training)
Processing test sample 289/3532 (before training)
Processing test sample 290/3532 (before training)
Processing test sample 291/3532 (before training)
Processing test sample 292/3532 (before training)
Processing test sample 293/3532 (before training)
Processing test sample 294/3532 (before training)
Processing test sample 295/3532 (before training)
Processing test sample 296/3532 (before training)
Processing test sample 297/3532 (before training)
Processing test sample 298/3532 (before training)
Processing test sample 299/3532 (before training)
Processing test sample 300/3532 (before training)
Processing test sample 301/3532 (before training)
Processing test sample 302/3532 (before training)
Processing test sample 303/3532 (before training)
Processing test sample 304/3532 (before training)
Processing test sample 305/3532 (before training)
Processing test sample 306/3532 (before training)
Processing test sample 307/3532 (before training)
Processing test sample 308/3532 (before training)
Processing test sample 309/3532 (before training)
Processing test sample 310/3532 (before training)
Processing test sample 311/3532 (before training)
Processing test sample 312/3532 (before training)
Processing test sample 313/3532 (before training)
Processing test sample 314/3532 (before training)
Processing test sample 315/3532 (before training)
Processing test sample 316/3532 (before training)
Processing test sample 317/3532 (before training)
Processing test sample 318/3532 (before training)
Processing test sample 319/3532 (before training)
Processing test sample 320/3532 (before training)
Processing test sample 321/3532 (before training)
Processing test sample 322/3532 (before training)
Processing test sample 323/3532 (before training)
Processing test sample 324/3532 (before training)
Processing test sample 325/3532 (before training)
Processing test sample 326/3532 (before training)
Processing test sample 327/3532 (before training)
Processing test sample 328/3532 (before training)
Processing test sample 329/3532 (before training)
