slurmstepd-abakus12: error: Unable to create TMPDIR [/tmp/user/24470]: Permission denied
slurmstepd-abakus12: error: Setting TMPDIR to /tmp
Running job with commit: fde92a425c33fa314f56a23722c930627972510f
Running command: python -um scripts.bert "6080" --key_mode "keyfile" --sample_size "0" --test_sample_size "0" --dataset "scienceqa" --model "roberta"
[nltk_data] Downloading package stopwords to
[nltk_data]     /home/g/gruenefeld/nltk_data...
[nltk_data]   Package stopwords is already up-to-date!
[nltk_data] Downloading package wordnet to
[nltk_data]     /home/g/gruenefeld/nltk_data...
[nltk_data]   Package wordnet is already up-to-date!
Job number: 6080
Key mode: keyfile
Sample size: 0
Normalize: False
Counterfactual: identity
Dataset: scienceqa
Model: roberta
Replacement probability: 1.0
Epochs: 100
Using full train dataset with 547 samples.
Using full test dataset with 3532 samples.
Loading model: roberta-base
Using device: cuda
Map:   0%|          | 0/547 [00:00<?, ? examples/s]Map: 100%|██████████| 547/547 [00:00<00:00, 10590.89 examples/s]
/home/g/gruenefeld/Documents/GitHub/gradient-uncertainty/scripts/bert.py:236: FutureWarning: `tokenizer` is deprecated and will be removed in version 5.0.0 for `Trainer.__init__`. Use `processing_class` instead.
  trainer = Trainer(
Calculating uncertainties for 3532 test samples before training (counterfactual mode: identity)...
Processing test sample 1/3532 (before training)
Processing test sample 2/3532 (before training)
Processing test sample 3/3532 (before training)
Processing test sample 4/3532 (before training)
Processing test sample 5/3532 (before training)
Processing test sample 6/3532 (before training)
Processing test sample 7/3532 (before training)
Processing test sample 8/3532 (before training)
Processing test sample 9/3532 (before training)
Processing test sample 10/3532 (before training)
Processing test sample 11/3532 (before training)
Processing test sample 12/3532 (before training)
Processing test sample 13/3532 (before training)
Processing test sample 14/3532 (before training)
Processing test sample 15/3532 (before training)
Processing test sample 16/3532 (before training)
Processing test sample 17/3532 (before training)
Processing test sample 18/3532 (before training)
Processing test sample 19/3532 (before training)
Processing test sample 20/3532 (before training)
Processing test sample 21/3532 (before training)
Processing test sample 22/3532 (before training)
Processing test sample 23/3532 (before training)
Processing test sample 24/3532 (before training)
Processing test sample 25/3532 (before training)
Processing test sample 26/3532 (before training)
Processing test sample 27/3532 (before training)
Processing test sample 28/3532 (before training)
Processing test sample 29/3532 (before training)
Processing test sample 30/3532 (before training)
Processing test sample 31/3532 (before training)
Processing test sample 32/3532 (before training)
Processing test sample 33/3532 (before training)
Processing test sample 34/3532 (before training)
Processing test sample 35/3532 (before training)
Processing test sample 36/3532 (before training)
Processing test sample 37/3532 (before training)
Processing test sample 38/3532 (before training)
Processing test sample 39/3532 (before training)
Processing test sample 40/3532 (before training)
Processing test sample 41/3532 (before training)
Processing test sample 42/3532 (before training)
Processing test sample 43/3532 (before training)
Processing test sample 44/3532 (before training)
Processing test sample 45/3532 (before training)
Processing test sample 46/3532 (before training)
Processing test sample 47/3532 (before training)
Processing test sample 48/3532 (before training)
Processing test sample 49/3532 (before training)
Processing test sample 50/3532 (before training)
Processing test sample 51/3532 (before training)
Processing test sample 52/3532 (before training)
Processing test sample 53/3532 (before training)
Processing test sample 54/3532 (before training)
Processing test sample 55/3532 (before training)
Processing test sample 56/3532 (before training)
Processing test sample 57/3532 (before training)
Processing test sample 58/3532 (before training)
Processing test sample 59/3532 (before training)
Processing test sample 60/3532 (before training)
Processing test sample 61/3532 (before training)
Processing test sample 62/3532 (before training)
Processing test sample 63/3532 (before training)
Processing test sample 64/3532 (before training)
Processing test sample 65/3532 (before training)
Processing test sample 66/3532 (before training)
Processing test sample 67/3532 (before training)
Processing test sample 68/3532 (before training)
Processing test sample 69/3532 (before training)
Processing test sample 70/3532 (before training)
Processing test sample 71/3532 (before training)
Processing test sample 72/3532 (before training)
Processing test sample 73/3532 (before training)
Processing test sample 74/3532 (before training)
Processing test sample 75/3532 (before training)
Processing test sample 76/3532 (before training)
Processing test sample 77/3532 (before training)
Processing test sample 78/3532 (before training)
Processing test sample 79/3532 (before training)
Processing test sample 80/3532 (before training)
Processing test sample 81/3532 (before training)
Processing test sample 82/3532 (before training)
Processing test sample 83/3532 (before training)
Processing test sample 84/3532 (before training)
Processing test sample 85/3532 (before training)
Processing test sample 86/3532 (before training)
Processing test sample 87/3532 (before training)
Processing test sample 88/3532 (before training)
Processing test sample 89/3532 (before training)
Processing test sample 90/3532 (before training)
Processing test sample 91/3532 (before training)
Processing test sample 92/3532 (before training)
Processing test sample 93/3532 (before training)
Processing test sample 94/3532 (before training)
Processing test sample 95/3532 (before training)
Processing test sample 96/3532 (before training)
Processing test sample 97/3532 (before training)
Processing test sample 98/3532 (before training)
Processing test sample 99/3532 (before training)
Processing test sample 100/3532 (before training)
Processing test sample 101/3532 (before training)
Processing test sample 102/3532 (before training)
Processing test sample 103/3532 (before training)
Processing test sample 104/3532 (before training)
Processing test sample 105/3532 (before training)
Processing test sample 106/3532 (before training)
Token indices sequence length is longer than the specified maximum sequence length for this model (597 > 512). Running this sequence through the model will result in indexing errors
Error in bert_gradient: The expanded size of the tensor (597) must match the existing size (514) at non-singleton dimension 1.  Target sizes: [1, 597].  Tensor sizes: [1, 514]
Error processing test sample 106 before training: 'dict' object has no attribute 'item'
Processing test sample 107/3532 (before training)
Processing test sample 108/3532 (before training)
Processing test sample 109/3532 (before training)
Processing test sample 110/3532 (before training)
Processing test sample 111/3532 (before training)
Processing test sample 112/3532 (before training)
Processing test sample 113/3532 (before training)
Processing test sample 114/3532 (before training)
Processing test sample 115/3532 (before training)
Processing test sample 116/3532 (before training)
Processing test sample 117/3532 (before training)
Processing test sample 118/3532 (before training)
Processing test sample 119/3532 (before training)
Processing test sample 120/3532 (before training)
Processing test sample 121/3532 (before training)
Processing test sample 122/3532 (before training)
Processing test sample 123/3532 (before training)
Processing test sample 124/3532 (before training)
Processing test sample 125/3532 (before training)
Processing test sample 126/3532 (before training)
Processing test sample 127/3532 (before training)
Processing test sample 128/3532 (before training)
Processing test sample 129/3532 (before training)
Processing test sample 130/3532 (before training)
Processing test sample 131/3532 (before training)
Processing test sample 132/3532 (before training)
Processing test sample 133/3532 (before training)
Processing test sample 134/3532 (before training)
Processing test sample 135/3532 (before training)
Processing test sample 136/3532 (before training)
Processing test sample 137/3532 (before training)
Processing test sample 138/3532 (before training)
Processing test sample 139/3532 (before training)
Processing test sample 140/3532 (before training)
Processing test sample 141/3532 (before training)
Processing test sample 142/3532 (before training)
Processing test sample 143/3532 (before training)
Processing test sample 144/3532 (before training)
Processing test sample 145/3532 (before training)
Processing test sample 146/3532 (before training)
Processing test sample 147/3532 (before training)
Processing test sample 148/3532 (before training)
Processing test sample 149/3532 (before training)
Processing test sample 150/3532 (before training)
Processing test sample 151/3532 (before training)
Processing test sample 152/3532 (before training)
Processing test sample 153/3532 (before training)
Processing test sample 154/3532 (before training)
Processing test sample 155/3532 (before training)
Processing test sample 156/3532 (before training)
Processing test sample 157/3532 (before training)
Processing test sample 158/3532 (before training)
Processing test sample 159/3532 (before training)
Processing test sample 160/3532 (before training)
Processing test sample 161/3532 (before training)
Processing test sample 162/3532 (before training)
Processing test sample 163/3532 (before training)
Processing test sample 164/3532 (before training)
Processing test sample 165/3532 (before training)
Processing test sample 166/3532 (before training)
Processing test sample 167/3532 (before training)
Processing test sample 168/3532 (before training)
Processing test sample 169/3532 (before training)
Processing test sample 170/3532 (before training)
Processing test sample 171/3532 (before training)
Processing test sample 172/3532 (before training)
Processing test sample 173/3532 (before training)
Processing test sample 174/3532 (before training)
Processing test sample 175/3532 (before training)
Processing test sample 176/3532 (before training)
Processing test sample 177/3532 (before training)
Processing test sample 178/3532 (before training)
Processing test sample 179/3532 (before training)
Processing test sample 180/3532 (before training)
Processing test sample 181/3532 (before training)
Processing test sample 182/3532 (before training)
Processing test sample 183/3532 (before training)
Processing test sample 184/3532 (before training)
Processing test sample 185/3532 (before training)
Processing test sample 186/3532 (before training)
Processing test sample 187/3532 (before training)
Processing test sample 188/3532 (before training)
Processing test sample 189/3532 (before training)
Processing test sample 190/3532 (before training)
Processing test sample 191/3532 (before training)
Processing test sample 192/3532 (before training)
Error in bert_gradient: The expanded size of the tensor (597) must match the existing size (514) at non-singleton dimension 1.  Target sizes: [1, 597].  Tensor sizes: [1, 514]
Error processing test sample 192 before training: 'dict' object has no attribute 'item'
Processing test sample 193/3532 (before training)
Processing test sample 194/3532 (before training)
Processing test sample 195/3532 (before training)
Processing test sample 196/3532 (before training)
Processing test sample 197/3532 (before training)
Processing test sample 198/3532 (before training)
Processing test sample 199/3532 (before training)
Processing test sample 200/3532 (before training)
Processing test sample 201/3532 (before training)
Processing test sample 202/3532 (before training)
Processing test sample 203/3532 (before training)
Processing test sample 204/3532 (before training)
Processing test sample 205/3532 (before training)
Processing test sample 206/3532 (before training)
Processing test sample 207/3532 (before training)
Processing test sample 208/3532 (before training)
Processing test sample 209/3532 (before training)
Processing test sample 210/3532 (before training)
Processing test sample 211/3532 (before training)
Processing test sample 212/3532 (before training)
Processing test sample 213/3532 (before training)
Processing test sample 214/3532 (before training)
Processing test sample 215/3532 (before training)
Processing test sample 216/3532 (before training)
Processing test sample 217/3532 (before training)
Processing test sample 218/3532 (before training)
Processing test sample 219/3532 (before training)
Processing test sample 220/3532 (before training)
Processing test sample 221/3532 (before training)
Processing test sample 222/3532 (before training)
Processing test sample 223/3532 (before training)
Processing test sample 224/3532 (before training)
Processing test sample 225/3532 (before training)
Processing test sample 226/3532 (before training)
Processing test sample 227/3532 (before training)
Processing test sample 228/3532 (before training)
Processing test sample 229/3532 (before training)
Processing test sample 230/3532 (before training)
Processing test sample 231/3532 (before training)
Processing test sample 232/3532 (before training)
Processing test sample 233/3532 (before training)
Processing test sample 234/3532 (before training)
Processing test sample 235/3532 (before training)
Processing test sample 236/3532 (before training)
Processing test sample 237/3532 (before training)
Processing test sample 238/3532 (before training)
Processing test sample 239/3532 (before training)
Processing test sample 240/3532 (before training)
Processing test sample 241/3532 (before training)
Processing test sample 242/3532 (before training)
Processing test sample 243/3532 (before training)
Processing test sample 244/3532 (before training)
Processing test sample 245/3532 (before training)
Processing test sample 246/3532 (before training)
Processing test sample 247/3532 (before training)
Processing test sample 248/3532 (before training)
Processing test sample 249/3532 (before training)
Processing test sample 250/3532 (before training)
Processing test sample 251/3532 (before training)
Processing test sample 252/3532 (before training)
Processing test sample 253/3532 (before training)
Processing test sample 254/3532 (before training)
Processing test sample 255/3532 (before training)
Processing test sample 256/3532 (before training)
Processing test sample 257/3532 (before training)
Processing test sample 258/3532 (before training)
Processing test sample 259/3532 (before training)
Processing test sample 260/3532 (before training)
Processing test sample 261/3532 (before training)
Processing test sample 262/3532 (before training)
Processing test sample 263/3532 (before training)
Processing test sample 264/3532 (before training)
Processing test sample 265/3532 (before training)
Processing test sample 266/3532 (before training)
Processing test sample 267/3532 (before training)
Processing test sample 268/3532 (before training)
Processing test sample 269/3532 (before training)
Processing test sample 270/3532 (before training)
Processing test sample 271/3532 (before training)
Processing test sample 272/3532 (before training)
Processing test sample 273/3532 (before training)
Processing test sample 274/3532 (before training)
Processing test sample 275/3532 (before training)
Processing test sample 276/3532 (before training)
Processing test sample 277/3532 (before training)
Processing test sample 278/3532 (before training)
Processing test sample 279/3532 (before training)
Processing test sample 280/3532 (before training)
Processing test sample 281/3532 (before training)
Processing test sample 282/3532 (before training)
Processing test sample 283/3532 (before training)
Processing test sample 284/3532 (before training)
Processing test sample 285/3532 (before training)
Processing test sample 286/3532 (before training)
Processing test sample 287/3532 (before training)
Processing test sample 288/3532 (before training)
Processing test sample 289/3532 (before training)
Processing test sample 290/3532 (before training)
Processing test sample 291/3532 (before training)
Processing test sample 292/3532 (before training)
Processing test sample 293/3532 (before training)
Processing test sample 294/3532 (before training)
Processing test sample 295/3532 (before training)
Processing test sample 296/3532 (before training)
Processing test sample 297/3532 (before training)
Processing test sample 298/3532 (before training)
Processing test sample 299/3532 (before training)
Processing test sample 300/3532 (before training)
Processing test sample 301/3532 (before training)
Processing test sample 302/3532 (before training)
Processing test sample 303/3532 (before training)
Processing test sample 304/3532 (before training)
Processing test sample 305/3532 (before training)
Processing test sample 306/3532 (before training)
Processing test sample 307/3532 (before training)
Processing test sample 308/3532 (before training)
Processing test sample 309/3532 (before training)
Processing test sample 310/3532 (before training)
Processing test sample 311/3532 (before training)
Processing test sample 312/3532 (before training)
Processing test sample 313/3532 (before training)
Processing test sample 314/3532 (before training)
Processing test sample 315/3532 (before training)
Processing test sample 316/3532 (before training)
Processing test sample 317/3532 (before training)
Processing test sample 318/3532 (before training)
Processing test sample 319/3532 (before training)
Processing test sample 320/3532 (before training)
Processing test sample 321/3532 (before training)
Processing test sample 322/3532 (before training)
Processing test sample 323/3532 (before training)
Processing test sample 324/3532 (before training)
Processing test sample 325/3532 (before training)
Processing test sample 326/3532 (before training)
Processing test sample 327/3532 (before training)
Processing test sample 328/3532 (before training)
Processing test sample 329/3532 (before training)
Processing test sample 330/3532 (before training)
Processing test sample 331/3532 (before training)
Processing test sample 332/3532 (before training)
Processing test sample 333/3532 (before training)
Processing test sample 334/3532 (before training)
Processing test sample 335/3532 (before training)
Processing test sample 336/3532 (before training)
Processing test sample 337/3532 (before training)
Processing test sample 338/3532 (before training)
Processing test sample 339/3532 (before training)
Processing test sample 340/3532 (before training)
Processing test sample 341/3532 (before training)
Processing test sample 342/3532 (before training)
Processing test sample 343/3532 (before training)
Processing test sample 344/3532 (before training)
Processing test sample 345/3532 (before training)
Processing test sample 346/3532 (before training)
Processing test sample 347/3532 (before training)
Processing test sample 348/3532 (before training)
Processing test sample 349/3532 (before training)
Processing test sample 350/3532 (before training)
Processing test sample 351/3532 (before training)
Processing test sample 352/3532 (before training)
Processing test sample 353/3532 (before training)
Processing test sample 354/3532 (before training)
Processing test sample 355/3532 (before training)
Processing test sample 356/3532 (before training)
Processing test sample 357/3532 (before training)
Processing test sample 358/3532 (before training)
Processing test sample 359/3532 (before training)
Processing test sample 360/3532 (before training)
Processing test sample 361/3532 (before training)
Processing test sample 362/3532 (before training)
Processing test sample 363/3532 (before training)
Processing test sample 364/3532 (before training)
Processing test sample 365/3532 (before training)
Error in bert_gradient: The expanded size of the tensor (597) must match the existing size (514) at non-singleton dimension 1.  Target sizes: [1, 597].  Tensor sizes: [1, 514]
Error processing test sample 365 before training: 'dict' object has no attribute 'item'
Processing test sample 366/3532 (before training)
Processing test sample 367/3532 (before training)
Processing test sample 368/3532 (before training)
Processing test sample 369/3532 (before training)
Processing test sample 370/3532 (before training)
Processing test sample 371/3532 (before training)
Processing test sample 372/3532 (before training)
Processing test sample 373/3532 (before training)
Processing test sample 374/3532 (before training)
Processing test sample 375/3532 (before training)
Processing test sample 376/3532 (before training)
Processing test sample 377/3532 (before training)
Processing test sample 378/3532 (before training)
Processing test sample 379/3532 (before training)
Processing test sample 380/3532 (before training)
Processing test sample 381/3532 (before training)
Processing test sample 382/3532 (before training)
Processing test sample 383/3532 (before training)
Processing test sample 384/3532 (before training)
Processing test sample 385/3532 (before training)
Processing test sample 386/3532 (before training)
Processing test sample 387/3532 (before training)
Processing test sample 388/3532 (before training)
Processing test sample 389/3532 (before training)
Processing test sample 390/3532 (before training)
Processing test sample 391/3532 (before training)
Processing test sample 392/3532 (before training)
Processing test sample 393/3532 (before training)
Processing test sample 394/3532 (before training)
Processing test sample 395/3532 (before training)
Processing test sample 396/3532 (before training)
Processing test sample 397/3532 (before training)
Processing test sample 398/3532 (before training)
Processing test sample 399/3532 (before training)
Processing test sample 400/3532 (before training)
Processing test sample 401/3532 (before training)
Processing test sample 402/3532 (before training)
Processing test sample 403/3532 (before training)
Processing test sample 404/3532 (before training)
Processing test sample 405/3532 (before training)
Processing test sample 406/3532 (before training)
Processing test sample 407/3532 (before training)
Processing test sample 408/3532 (before training)
Processing test sample 409/3532 (before training)
Processing test sample 410/3532 (before training)
Processing test sample 411/3532 (before training)
Processing test sample 412/3532 (before training)
Processing test sample 413/3532 (before training)
Processing test sample 414/3532 (before training)
Processing test sample 415/3532 (before training)
Processing test sample 416/3532 (before training)
Processing test sample 417/3532 (before training)
Processing test sample 418/3532 (before training)
Processing test sample 419/3532 (before training)
Processing test sample 420/3532 (before training)
Processing test sample 421/3532 (before training)
Processing test sample 422/3532 (before training)
Processing test sample 423/3532 (before training)
Processing test sample 424/3532 (before training)
Processing test sample 425/3532 (before training)
Processing test sample 426/3532 (before training)
Processing test sample 427/3532 (before training)
Processing test sample 428/3532 (before training)
Processing test sample 429/3532 (before training)
Processing test sample 430/3532 (before training)
Processing test sample 431/3532 (before training)
Processing test sample 432/3532 (before training)
Processing test sample 433/3532 (before training)
Processing test sample 434/3532 (before training)
Processing test sample 435/3532 (before training)
Processing test sample 436/3532 (before training)
Processing test sample 437/3532 (before training)
Processing test sample 438/3532 (before training)
Processing test sample 439/3532 (before training)
Processing test sample 440/3532 (before training)
Processing test sample 441/3532 (before training)
Processing test sample 442/3532 (before training)
Processing test sample 443/3532 (before training)
Processing test sample 444/3532 (before training)
Processing test sample 445/3532 (before training)
Processing test sample 446/3532 (before training)
Processing test sample 447/3532 (before training)
Processing test sample 448/3532 (before training)
Processing test sample 449/3532 (before training)
Error in bert_gradient: The expanded size of the tensor (597) must match the existing size (514) at non-singleton dimension 1.  Target sizes: [1, 597].  Tensor sizes: [1, 514]
Error processing test sample 449 before training: 'dict' object has no attribute 'item'
Processing test sample 450/3532 (before training)
Processing test sample 451/3532 (before training)
Processing test sample 452/3532 (before training)
Processing test sample 453/3532 (before training)
Processing test sample 454/3532 (before training)
Processing test sample 455/3532 (before training)
Processing test sample 456/3532 (before training)
Processing test sample 457/3532 (before training)
Processing test sample 458/3532 (before training)
Processing test sample 459/3532 (before training)
Processing test sample 460/3532 (before training)
Processing test sample 461/3532 (before training)
Processing test sample 462/3532 (before training)
Processing test sample 463/3532 (before training)
Processing test sample 464/3532 (before training)
Processing test sample 465/3532 (before training)
Processing test sample 466/3532 (before training)
Processing test sample 467/3532 (before training)
Processing test sample 468/3532 (before training)
Processing test sample 469/3532 (before training)
Processing test sample 470/3532 (before training)
Processing test sample 471/3532 (before training)
Processing test sample 472/3532 (before training)
Processing test sample 473/3532 (before training)
Processing test sample 474/3532 (before training)
Processing test sample 475/3532 (before training)
Processing test sample 476/3532 (before training)
Processing test sample 477/3532 (before training)
Processing test sample 478/3532 (before training)
Processing test sample 479/3532 (before training)
Processing test sample 480/3532 (before training)
Processing test sample 481/3532 (before training)
Processing test sample 482/3532 (before training)
Processing test sample 483/3532 (before training)
Processing test sample 484/3532 (before training)
Processing test sample 485/3532 (before training)
Processing test sample 486/3532 (before training)
Processing test sample 487/3532 (before training)
Processing test sample 488/3532 (before training)
Processing test sample 489/3532 (before training)
Processing test sample 490/3532 (before training)
Processing test sample 491/3532 (before training)
Processing test sample 492/3532 (before training)
Processing test sample 493/3532 (before training)
Processing test sample 494/3532 (before training)
Processing test sample 495/3532 (before training)
Processing test sample 496/3532 (before training)
Processing test sample 497/3532 (before training)
Processing test sample 498/3532 (before training)
Processing test sample 499/3532 (before training)
Processing test sample 500/3532 (before training)
Processing test sample 501/3532 (before training)
Processing test sample 502/3532 (before training)
Processing test sample 503/3532 (before training)
Processing test sample 504/3532 (before training)
Processing test sample 505/3532 (before training)
Processing test sample 506/3532 (before training)
Processing test sample 507/3532 (before training)
Processing test sample 508/3532 (before training)
Processing test sample 509/3532 (before training)
Processing test sample 510/3532 (before training)
Processing test sample 511/3532 (before training)
Processing test sample 512/3532 (before training)
Processing test sample 513/3532 (before training)
Processing test sample 514/3532 (before training)
Processing test sample 515/3532 (before training)
Processing test sample 516/3532 (before training)
Processing test sample 517/3532 (before training)
Processing test sample 518/3532 (before training)
Processing test sample 519/3532 (before training)
Processing test sample 520/3532 (before training)
Processing test sample 521/3532 (before training)
Processing test sample 522/3532 (before training)
Processing test sample 523/3532 (before training)
Processing test sample 524/3532 (before training)
Processing test sample 525/3532 (before training)
Processing test sample 526/3532 (before training)
Processing test sample 527/3532 (before training)
Processing test sample 528/3532 (before training)
Processing test sample 529/3532 (before training)
Processing test sample 530/3532 (before training)
Processing test sample 531/3532 (before training)
Processing test sample 532/3532 (before training)
Processing test sample 533/3532 (before training)
Processing test sample 534/3532 (before training)
Processing test sample 535/3532 (before training)
Processing test sample 536/3532 (before training)
Processing test sample 537/3532 (before training)
Processing test sample 538/3532 (before training)
Processing test sample 539/3532 (before training)
Processing test sample 540/3532 (before training)
Processing test sample 541/3532 (before training)
Processing test sample 542/3532 (before training)
Processing test sample 543/3532 (before training)
Processing test sample 544/3532 (before training)
Processing test sample 545/3532 (before training)
Processing test sample 546/3532 (before training)
Processing test sample 547/3532 (before training)
Processing test sample 548/3532 (before training)
Processing test sample 549/3532 (before training)
Processing test sample 550/3532 (before training)
Processing test sample 551/3532 (before training)
Processing test sample 552/3532 (before training)
Processing test sample 553/3532 (before training)
Processing test sample 554/3532 (before training)
Processing test sample 555/3532 (before training)
Processing test sample 556/3532 (before training)
Processing test sample 557/3532 (before training)
Processing test sample 558/3532 (before training)
Processing test sample 559/3532 (before training)
Processing test sample 560/3532 (before training)
Processing test sample 561/3532 (before training)
Processing test sample 562/3532 (before training)
Processing test sample 563/3532 (before training)
Processing test sample 564/3532 (before training)
Processing test sample 565/3532 (before training)
Processing test sample 566/3532 (before training)
Processing test sample 567/3532 (before training)
Processing test sample 568/3532 (before training)
Processing test sample 569/3532 (before training)
Processing test sample 570/3532 (before training)
Processing test sample 571/3532 (before training)
Processing test sample 572/3532 (before training)
Processing test sample 573/3532 (before training)
Processing test sample 574/3532 (before training)
Processing test sample 575/3532 (before training)
Processing test sample 576/3532 (before training)
Processing test sample 577/3532 (before training)
Processing test sample 578/3532 (before training)
Processing test sample 579/3532 (before training)
Processing test sample 580/3532 (before training)
Processing test sample 581/3532 (before training)
Processing test sample 582/3532 (before training)
Processing test sample 583/3532 (before training)
Processing test sample 584/3532 (before training)
Processing test sample 585/3532 (before training)
Processing test sample 586/3532 (before training)
Processing test sample 587/3532 (before training)
Processing test sample 588/3532 (before training)
Processing test sample 589/3532 (before training)
Processing test sample 590/3532 (before training)
Processing test sample 591/3532 (before training)
Processing test sample 592/3532 (before training)
Processing test sample 593/3532 (before training)
Processing test sample 594/3532 (before training)
Processing test sample 595/3532 (before training)
Processing test sample 596/3532 (before training)
Processing test sample 597/3532 (before training)
Processing test sample 598/3532 (before training)
Processing test sample 599/3532 (before training)
Processing test sample 600/3532 (before training)
Processing test sample 601/3532 (before training)
Processing test sample 602/3532 (before training)
Processing test sample 603/3532 (before training)
Processing test sample 604/3532 (before training)
Processing test sample 605/3532 (before training)
Processing test sample 606/3532 (before training)
Processing test sample 607/3532 (before training)
Processing test sample 608/3532 (before training)
Processing test sample 609/3532 (before training)
Processing test sample 610/3532 (before training)
Processing test sample 611/3532 (before training)
Processing test sample 612/3532 (before training)
Processing test sample 613/3532 (before training)
Processing test sample 614/3532 (before training)
Processing test sample 615/3532 (before training)
Processing test sample 616/3532 (before training)
Processing test sample 617/3532 (before training)
Processing test sample 618/3532 (before training)
Processing test sample 619/3532 (before training)
Processing test sample 620/3532 (before training)
Processing test sample 621/3532 (before training)
