slurmstepd-abakus22: error: Unable to create TMPDIR [/tmp/user/24470]: Permission denied
slurmstepd-abakus22: error: Setting TMPDIR to /tmp
Running job with commit: a558d35f7da6d571899cdbe3781d7730a7e53252
Running command: python -um scripts.bert "59959" --key_mode "keyfile" --sample_size "0" --test_sample_size "0" --dataset "mmlu" --model "electra" --epochs "10"
[nltk_data] Downloading package stopwords to
[nltk_data]     /home/g/gruenefeld/nltk_data...
[nltk_data]   Package stopwords is already up-to-date!
[nltk_data] Downloading package wordnet to
[nltk_data]     /home/g/gruenefeld/nltk_data...
[nltk_data]   Package wordnet is already up-to-date!
Job number: 59959
Key mode: keyfile
Sample size: 0
Normalize: False
Counterfactual: identity
Dataset: mmlu
Model: electra
Replacement probability: 1.0
Epochs: 10
Using full train dataset with 1000 samples.
Using full test dataset with 4342 samples.
Loading model: google/electra-base-discriminator
Some weights of ElectraForMaskedLM were not initialized from the model checkpoint at google/electra-base-discriminator and are newly initialized: ['generator_lm_head.bias', 'generator_predictions.LayerNorm.bias', 'generator_predictions.LayerNorm.weight', 'generator_predictions.dense.bias', 'generator_predictions.dense.weight']
You should probably TRAIN this model on a down-stream task to be able to use it for predictions and inference.
Using device: cuda
Map:   0%|          | 0/1000 [00:00<?, ? examples/s]Map: 100%|██████████| 1000/1000 [00:00<00:00, 12328.21 examples/s]
/home/g/gruenefeld/Documents/GitHub/gradient-uncertainty/scripts/bert.py:240: FutureWarning: `tokenizer` is deprecated and will be removed in version 5.0.0 for `Trainer.__init__`. Use `processing_class` instead.
  trainer = Trainer(
Calculating uncertainties for 4342 test samples before training (counterfactual mode: identity)...
Processing test sample 1/4342 (before training)
Processing test sample 2/4342 (before training)
Processing test sample 3/4342 (before training)
Processing test sample 4/4342 (before training)
Processing test sample 5/4342 (before training)
Processing test sample 6/4342 (before training)
Processing test sample 7/4342 (before training)
Processing test sample 8/4342 (before training)
Processing test sample 9/4342 (before training)
Processing test sample 10/4342 (before training)
Processing test sample 11/4342 (before training)
Processing test sample 12/4342 (before training)
Processing test sample 13/4342 (before training)
Processing test sample 14/4342 (before training)
Processing test sample 15/4342 (before training)
Processing test sample 16/4342 (before training)
Processing test sample 17/4342 (before training)
Processing test sample 18/4342 (before training)
Processing test sample 19/4342 (before training)
Processing test sample 20/4342 (before training)
Processing test sample 21/4342 (before training)
Processing test sample 22/4342 (before training)
Processing test sample 23/4342 (before training)
Processing test sample 24/4342 (before training)
Processing test sample 25/4342 (before training)
Processing test sample 26/4342 (before training)
Processing test sample 27/4342 (before training)
Processing test sample 28/4342 (before training)
Processing test sample 29/4342 (before training)
Processing test sample 30/4342 (before training)
Processing test sample 31/4342 (before training)
Processing test sample 32/4342 (before training)
Processing test sample 33/4342 (before training)
Processing test sample 34/4342 (before training)
Processing test sample 35/4342 (before training)
Processing test sample 36/4342 (before training)
Processing test sample 37/4342 (before training)
Processing test sample 38/4342 (before training)
Processing test sample 39/4342 (before training)
Processing test sample 40/4342 (before training)
Processing test sample 41/4342 (before training)
Processing test sample 42/4342 (before training)
Processing test sample 43/4342 (before training)
Processing test sample 44/4342 (before training)
Processing test sample 45/4342 (before training)
Processing test sample 46/4342 (before training)
Processing test sample 47/4342 (before training)
Processing test sample 48/4342 (before training)
Processing test sample 49/4342 (before training)
Processing test sample 50/4342 (before training)
Processing test sample 51/4342 (before training)
Processing test sample 52/4342 (before training)
Processing test sample 53/4342 (before training)
Processing test sample 54/4342 (before training)
Processing test sample 55/4342 (before training)
Processing test sample 56/4342 (before training)
Processing test sample 57/4342 (before training)
Processing test sample 58/4342 (before training)
Processing test sample 59/4342 (before training)
Processing test sample 60/4342 (before training)
Processing test sample 61/4342 (before training)
Processing test sample 62/4342 (before training)
Processing test sample 63/4342 (before training)
Processing test sample 64/4342 (before training)
Processing test sample 65/4342 (before training)
Processing test sample 66/4342 (before training)
Processing test sample 67/4342 (before training)
Processing test sample 68/4342 (before training)
Processing test sample 69/4342 (before training)
Processing test sample 70/4342 (before training)
Processing test sample 71/4342 (before training)
Processing test sample 72/4342 (before training)
Processing test sample 73/4342 (before training)
Processing test sample 74/4342 (before training)
Processing test sample 75/4342 (before training)
Processing test sample 76/4342 (before training)
Processing test sample 77/4342 (before training)
Processing test sample 78/4342 (before training)
Processing test sample 79/4342 (before training)
Processing test sample 80/4342 (before training)
Processing test sample 81/4342 (before training)
Processing test sample 82/4342 (before training)
Processing test sample 83/4342 (before training)
Processing test sample 84/4342 (before training)
Processing test sample 85/4342 (before training)
Processing test sample 86/4342 (before training)
Processing test sample 87/4342 (before training)
Processing test sample 88/4342 (before training)
Processing test sample 89/4342 (before training)
Processing test sample 90/4342 (before training)
Processing test sample 91/4342 (before training)
Processing test sample 92/4342 (before training)
Processing test sample 93/4342 (before training)
Processing test sample 94/4342 (before training)
Processing test sample 95/4342 (before training)
Processing test sample 96/4342 (before training)
Processing test sample 97/4342 (before training)
Processing test sample 98/4342 (before training)
Processing test sample 99/4342 (before training)
Processing test sample 100/4342 (before training)
Processing test sample 101/4342 (before training)
Processing test sample 102/4342 (before training)
Processing test sample 103/4342 (before training)
Processing test sample 104/4342 (before training)
Processing test sample 105/4342 (before training)
Processing test sample 106/4342 (before training)
Processing test sample 107/4342 (before training)
Processing test sample 108/4342 (before training)
Processing test sample 109/4342 (before training)
Processing test sample 110/4342 (before training)
Processing test sample 111/4342 (before training)
Processing test sample 112/4342 (before training)
Processing test sample 113/4342 (before training)
Processing test sample 114/4342 (before training)
Processing test sample 115/4342 (before training)
Processing test sample 116/4342 (before training)
Processing test sample 117/4342 (before training)
Processing test sample 118/4342 (before training)
Processing test sample 119/4342 (before training)
Processing test sample 120/4342 (before training)
Processing test sample 121/4342 (before training)
Processing test sample 122/4342 (before training)
Processing test sample 123/4342 (before training)
Processing test sample 124/4342 (before training)
Processing test sample 125/4342 (before training)
Processing test sample 126/4342 (before training)
Processing test sample 127/4342 (before training)
Processing test sample 128/4342 (before training)
Processing test sample 129/4342 (before training)
Processing test sample 130/4342 (before training)
Processing test sample 131/4342 (before training)
Processing test sample 132/4342 (before training)
Processing test sample 133/4342 (before training)
Processing test sample 134/4342 (before training)
Processing test sample 135/4342 (before training)
Processing test sample 136/4342 (before training)
Processing test sample 137/4342 (before training)
Processing test sample 138/4342 (before training)
Processing test sample 139/4342 (before training)
Processing test sample 140/4342 (before training)
Processing test sample 141/4342 (before training)
Processing test sample 142/4342 (before training)
Processing test sample 143/4342 (before training)
Processing test sample 144/4342 (before training)
Processing test sample 145/4342 (before training)
Processing test sample 146/4342 (before training)
Processing test sample 147/4342 (before training)
Processing test sample 148/4342 (before training)
Processing test sample 149/4342 (before training)
Processing test sample 150/4342 (before training)
Processing test sample 151/4342 (before training)
Processing test sample 152/4342 (before training)
Processing test sample 153/4342 (before training)
Processing test sample 154/4342 (before training)
Processing test sample 155/4342 (before training)
Processing test sample 156/4342 (before training)
Processing test sample 157/4342 (before training)
Processing test sample 158/4342 (before training)
Processing test sample 159/4342 (before training)
Processing test sample 160/4342 (before training)
Processing test sample 161/4342 (before training)
Processing test sample 162/4342 (before training)
Processing test sample 163/4342 (before training)
Processing test sample 164/4342 (before training)
Processing test sample 165/4342 (before training)
Processing test sample 166/4342 (before training)
Processing test sample 167/4342 (before training)
Processing test sample 168/4342 (before training)
Processing test sample 169/4342 (before training)
Processing test sample 170/4342 (before training)
Processing test sample 171/4342 (before training)
Processing test sample 172/4342 (before training)
