slurmstepd-liparit: error: Unable to create TMPDIR [/tmp/user/24470]: Permission denied
slurmstepd-liparit: error: Setting TMPDIR to /tmp
Traceback (most recent call last):
  File "/usr/lib/python3.8/runpy.py", line 194, in _run_module_as_main
    return _run_code(code, main_globals, None,
  File "/usr/lib/python3.8/runpy.py", line 87, in _run_code
    exec(code, run_globals)
  File "/home/g/gruenefeld/Documents/GitHub/gradient-uncertainty/scripts/qa.py", line 143, in <module>
    main(args)
  File "/home/g/gruenefeld/Documents/GitHub/gradient-uncertainty/scripts/qa.py", line 63, in main
    completion = get_response(prompt, model, tokenizer, device)
UnboundLocalError: local variable 'prompt' referenced before assignment
[main e9445cf] QA script run
 Committer: Nils Cornelius Gruenefeld <gruenefeld@liparit.cip.ifi.lmu.de>
Your name and email address were configured automatically based
on your username and hostname. Please check that they are accurate.
You can suppress this message by setting them explicitly. Run the
following command and follow the instructions in your editor to edit
your configuration file:

    git config --global --edit

After doing this, you may fix the identity used for this commit with:

    git commit --amend --reset-author

 2 files changed, 30 insertions(+)
 create mode 100644 slurm-outputs/slurm.717802.liparit.out
To github.com:ngruenefeld/gradient-uncertainty.git
   9ad37d0..e9445cf  main -> main
