slurmstepd-abakus22: error: Unable to create TMPDIR [/tmp/user/24470]: Permission denied
slurmstepd-abakus22: error: Setting TMPDIR to /tmp
Running job with commit: 9f1d1a9c316fe36043cf9bd023a11628362ba67b
Running command: python -um scripts.bert "59948" --key_mode "keyfile" --sample_size "0" --test_sample_size "0" --model "distilbert"
[nltk_data] Downloading package stopwords to
[nltk_data]     /home/g/gruenefeld/nltk_data...
[nltk_data]   Package stopwords is already up-to-date!
[nltk_data] Downloading package wordnet to
[nltk_data]     /home/g/gruenefeld/nltk_data...
[nltk_data]   Package wordnet is already up-to-date!
Job number: 59948
Key mode: keyfile
Sample size: 0
Normalize: False
Counterfactual: identity
Dataset: ag_news
Model: distilbert
Replacement probability: 1.0
Epochs: 100
Using full train dataset with 30000 samples.
Using full test dataset with 7600 samples.
Loading model: distilbert-base-uncased
Using device: cuda
Map:   0%|          | 0/30000 [00:00<?, ? examples/s]Map:  13%|█▎        | 4000/30000 [00:00<00:01, 22335.82 examples/s]Map:  27%|██▋       | 8000/30000 [00:00<00:00, 23120.96 examples/s]Map:  40%|████      | 12000/30000 [00:00<00:00, 23017.53 examples/s]Map:  53%|█████▎    | 16000/30000 [00:00<00:00, 23513.33 examples/s]Map:  67%|██████▋   | 20000/30000 [00:00<00:00, 23660.33 examples/s]Map:  77%|███████▋  | 23000/30000 [00:00<00:00, 22777.51 examples/s]Map:  90%|█████████ | 27000/30000 [00:01<00:00, 23040.83 examples/s]Map: 100%|██████████| 30000/30000 [00:01<00:00, 18715.96 examples/s]Map: 100%|██████████| 30000/30000 [00:01<00:00, 21259.23 examples/s]
/home/g/gruenefeld/Documents/GitHub/gradient-uncertainty/scripts/bert.py:240: FutureWarning: `tokenizer` is deprecated and will be removed in version 5.0.0 for `Trainer.__init__`. Use `processing_class` instead.
  trainer = Trainer(
Calculating uncertainties for 7600 test samples before training (counterfactual mode: identity)...
Processing test sample 1/7600 (before training)
Processing test sample 2/7600 (before training)
Processing test sample 3/7600 (before training)
Processing test sample 4/7600 (before training)
Processing test sample 5/7600 (before training)
Processing test sample 6/7600 (before training)
Processing test sample 7/7600 (before training)
Processing test sample 8/7600 (before training)
Processing test sample 9/7600 (before training)
Processing test sample 10/7600 (before training)
Processing test sample 11/7600 (before training)
Processing test sample 12/7600 (before training)
Processing test sample 13/7600 (before training)
Processing test sample 14/7600 (before training)
Processing test sample 15/7600 (before training)
Processing test sample 16/7600 (before training)
Processing test sample 17/7600 (before training)
Processing test sample 18/7600 (before training)
Processing test sample 19/7600 (before training)
Processing test sample 20/7600 (before training)
Processing test sample 21/7600 (before training)
Processing test sample 22/7600 (before training)
Processing test sample 23/7600 (before training)
Processing test sample 24/7600 (before training)
Processing test sample 25/7600 (before training)
Processing test sample 26/7600 (before training)
Processing test sample 27/7600 (before training)
Processing test sample 28/7600 (before training)
Processing test sample 29/7600 (before training)
Processing test sample 30/7600 (before training)
Processing test sample 31/7600 (before training)
Processing test sample 32/7600 (before training)
Processing test sample 33/7600 (before training)
Processing test sample 34/7600 (before training)
Processing test sample 35/7600 (before training)
Processing test sample 36/7600 (before training)
Processing test sample 37/7600 (before training)
Processing test sample 38/7600 (before training)
Processing test sample 39/7600 (before training)
Processing test sample 40/7600 (before training)
Processing test sample 41/7600 (before training)
Processing test sample 42/7600 (before training)
Processing test sample 43/7600 (before training)
Processing test sample 44/7600 (before training)
Processing test sample 45/7600 (before training)
Processing test sample 46/7600 (before training)
Processing test sample 47/7600 (before training)
Processing test sample 48/7600 (before training)
Processing test sample 49/7600 (before training)
Processing test sample 50/7600 (before training)
Processing test sample 51/7600 (before training)
Processing test sample 52/7600 (before training)
Processing test sample 53/7600 (before training)
Processing test sample 54/7600 (before training)
Processing test sample 55/7600 (before training)
Processing test sample 56/7600 (before training)
Processing test sample 57/7600 (before training)
Processing test sample 58/7600 (before training)
Processing test sample 59/7600 (before training)
Processing test sample 60/7600 (before training)
Processing test sample 61/7600 (before training)
Processing test sample 62/7600 (before training)
Processing test sample 63/7600 (before training)
Processing test sample 64/7600 (before training)
Processing test sample 65/7600 (before training)
Processing test sample 66/7600 (before training)
Processing test sample 67/7600 (before training)
Processing test sample 68/7600 (before training)
Processing test sample 69/7600 (before training)
Processing test sample 70/7600 (before training)
Processing test sample 71/7600 (before training)
Processing test sample 72/7600 (before training)
Processing test sample 73/7600 (before training)
Processing test sample 74/7600 (before training)
Processing test sample 75/7600 (before training)
Processing test sample 76/7600 (before training)
Processing test sample 77/7600 (before training)
Processing test sample 78/7600 (before training)
Processing test sample 79/7600 (before training)
Processing test sample 80/7600 (before training)
Processing test sample 81/7600 (before training)
Processing test sample 82/7600 (before training)
Processing test sample 83/7600 (before training)
Processing test sample 84/7600 (before training)
Processing test sample 85/7600 (before training)
Processing test sample 86/7600 (before training)
Processing test sample 87/7600 (before training)
Processing test sample 88/7600 (before training)
Processing test sample 89/7600 (before training)
Processing test sample 90/7600 (before training)
Processing test sample 91/7600 (before training)
Processing test sample 92/7600 (before training)
Processing test sample 93/7600 (before training)
Processing test sample 94/7600 (before training)
Processing test sample 95/7600 (before training)
Processing test sample 96/7600 (before training)
Processing test sample 97/7600 (before training)
Processing test sample 98/7600 (before training)
Processing test sample 99/7600 (before training)
Processing test sample 100/7600 (before training)
Processing test sample 101/7600 (before training)
Processing test sample 102/7600 (before training)
Processing test sample 103/7600 (before training)
Processing test sample 104/7600 (before training)
Processing test sample 105/7600 (before training)
Processing test sample 106/7600 (before training)
Processing test sample 107/7600 (before training)
Processing test sample 108/7600 (before training)
Processing test sample 109/7600 (before training)
Processing test sample 110/7600 (before training)
Processing test sample 111/7600 (before training)
Processing test sample 112/7600 (before training)
Processing test sample 113/7600 (before training)
Processing test sample 114/7600 (before training)
Processing test sample 115/7600 (before training)
Processing test sample 116/7600 (before training)
Processing test sample 117/7600 (before training)
Processing test sample 118/7600 (before training)
Processing test sample 119/7600 (before training)
Processing test sample 120/7600 (before training)
Processing test sample 121/7600 (before training)
Processing test sample 122/7600 (before training)
Processing test sample 123/7600 (before training)
Processing test sample 124/7600 (before training)
Processing test sample 125/7600 (before training)
Processing test sample 126/7600 (before training)
Processing test sample 127/7600 (before training)
Processing test sample 128/7600 (before training)
Processing test sample 129/7600 (before training)
Processing test sample 130/7600 (before training)
Processing test sample 131/7600 (before training)
Processing test sample 132/7600 (before training)
Processing test sample 133/7600 (before training)
Processing test sample 134/7600 (before training)
Processing test sample 135/7600 (before training)
Processing test sample 136/7600 (before training)
Processing test sample 137/7600 (before training)
Processing test sample 138/7600 (before training)
Processing test sample 139/7600 (before training)
Processing test sample 140/7600 (before training)
Processing test sample 141/7600 (before training)
Processing test sample 142/7600 (before training)
Processing test sample 143/7600 (before training)
Processing test sample 144/7600 (before training)
Processing test sample 145/7600 (before training)
Processing test sample 146/7600 (before training)
Processing test sample 147/7600 (before training)
Processing test sample 148/7600 (before training)
Processing test sample 149/7600 (before training)
Processing test sample 150/7600 (before training)
Processing test sample 151/7600 (before training)
Processing test sample 152/7600 (before training)
Processing test sample 153/7600 (before training)
Processing test sample 154/7600 (before training)
Processing test sample 155/7600 (before training)
Processing test sample 156/7600 (before training)
Processing test sample 157/7600 (before training)
Processing test sample 158/7600 (before training)
Processing test sample 159/7600 (before training)
Processing test sample 160/7600 (before training)
Processing test sample 161/7600 (before training)
Processing test sample 162/7600 (before training)
Processing test sample 163/7600 (before training)
Processing test sample 164/7600 (before training)
Processing test sample 165/7600 (before training)
Processing test sample 166/7600 (before training)
Processing test sample 167/7600 (before training)
Processing test sample 168/7600 (before training)
Processing test sample 169/7600 (before training)
Processing test sample 170/7600 (before training)
Processing test sample 171/7600 (before training)
Processing test sample 172/7600 (before training)
Processing test sample 173/7600 (before training)
Processing test sample 174/7600 (before training)
Processing test sample 175/7600 (before training)
Processing test sample 176/7600 (before training)
Processing test sample 177/7600 (before training)
Processing test sample 178/7600 (before training)
Processing test sample 179/7600 (before training)
Processing test sample 180/7600 (before training)
Processing test sample 181/7600 (before training)
Processing test sample 182/7600 (before training)
Processing test sample 183/7600 (before training)
Processing test sample 184/7600 (before training)
Processing test sample 185/7600 (before training)
Processing test sample 186/7600 (before training)
Processing test sample 187/7600 (before training)
Processing test sample 188/7600 (before training)
Processing test sample 189/7600 (before training)
Processing test sample 190/7600 (before training)
Processing test sample 191/7600 (before training)
Processing test sample 192/7600 (before training)
Processing test sample 193/7600 (before training)
Processing test sample 194/7600 (before training)
Processing test sample 195/7600 (before training)
Processing test sample 196/7600 (before training)
Processing test sample 197/7600 (before training)
Processing test sample 198/7600 (before training)
Processing test sample 199/7600 (before training)
Processing test sample 200/7600 (before training)
Processing test sample 201/7600 (before training)
Processing test sample 202/7600 (before training)
Processing test sample 203/7600 (before training)
Processing test sample 204/7600 (before training)
Processing test sample 205/7600 (before training)
Processing test sample 206/7600 (before training)
Processing test sample 207/7600 (before training)
Processing test sample 208/7600 (before training)
Processing test sample 209/7600 (before training)
Processing test sample 210/7600 (before training)
Processing test sample 211/7600 (before training)
Processing test sample 212/7600 (before training)
Processing test sample 213/7600 (before training)
Processing test sample 214/7600 (before training)
Processing test sample 215/7600 (before training)
Processing test sample 216/7600 (before training)
Processing test sample 217/7600 (before training)
Processing test sample 218/7600 (before training)
Processing test sample 219/7600 (before training)
Processing test sample 220/7600 (before training)
Processing test sample 221/7600 (before training)
Processing test sample 222/7600 (before training)
Processing test sample 223/7600 (before training)
Processing test sample 224/7600 (before training)
Processing test sample 225/7600 (before training)
Processing test sample 226/7600 (before training)
Processing test sample 227/7600 (before training)
Processing test sample 228/7600 (before training)
Processing test sample 229/7600 (before training)
Processing test sample 230/7600 (before training)
Processing test sample 231/7600 (before training)
Processing test sample 232/7600 (before training)
Processing test sample 233/7600 (before training)
Processing test sample 234/7600 (before training)
Processing test sample 235/7600 (before training)
Processing test sample 236/7600 (before training)
Processing test sample 237/7600 (before training)
Processing test sample 238/7600 (before training)
Processing test sample 239/7600 (before training)
Processing test sample 240/7600 (before training)
Processing test sample 241/7600 (before training)
Processing test sample 242/7600 (before training)
Processing test sample 243/7600 (before training)
Processing test sample 244/7600 (before training)
Processing test sample 245/7600 (before training)
Processing test sample 246/7600 (before training)
Processing test sample 247/7600 (before training)
Processing test sample 248/7600 (before training)
Processing test sample 249/7600 (before training)
Processing test sample 250/7600 (before training)
Processing test sample 251/7600 (before training)
Processing test sample 252/7600 (before training)
Processing test sample 253/7600 (before training)
Processing test sample 254/7600 (before training)
Processing test sample 255/7600 (before training)
Processing test sample 256/7600 (before training)
Processing test sample 257/7600 (before training)
Processing test sample 258/7600 (before training)
Processing test sample 259/7600 (before training)
Processing test sample 260/7600 (before training)
Processing test sample 261/7600 (before training)
Processing test sample 262/7600 (before training)
Processing test sample 263/7600 (before training)
Processing test sample 264/7600 (before training)
Processing test sample 265/7600 (before training)
Processing test sample 266/7600 (before training)
Processing test sample 267/7600 (before training)
Processing test sample 268/7600 (before training)
Processing test sample 269/7600 (before training)
Processing test sample 270/7600 (before training)
Processing test sample 271/7600 (before training)
Processing test sample 272/7600 (before training)
Processing test sample 273/7600 (before training)
Processing test sample 274/7600 (before training)
Processing test sample 275/7600 (before training)
Processing test sample 276/7600 (before training)
Processing test sample 277/7600 (before training)
Processing test sample 278/7600 (before training)
Processing test sample 279/7600 (before training)
Processing test sample 280/7600 (before training)
Processing test sample 281/7600 (before training)
Processing test sample 282/7600 (before training)
Processing test sample 283/7600 (before training)
Processing test sample 284/7600 (before training)
Processing test sample 285/7600 (before training)
Processing test sample 286/7600 (before training)
Processing test sample 287/7600 (before training)
Processing test sample 288/7600 (before training)
Processing test sample 289/7600 (before training)
Processing test sample 290/7600 (before training)
Processing test sample 291/7600 (before training)
Processing test sample 292/7600 (before training)
Processing test sample 293/7600 (before training)
Processing test sample 294/7600 (before training)
Processing test sample 295/7600 (before training)
Processing test sample 296/7600 (before training)
Processing test sample 297/7600 (before training)
Processing test sample 298/7600 (before training)
Processing test sample 299/7600 (before training)
Processing test sample 300/7600 (before training)
Processing test sample 301/7600 (before training)
Processing test sample 302/7600 (before training)
Processing test sample 303/7600 (before training)
Processing test sample 304/7600 (before training)
Processing test sample 305/7600 (before training)
Processing test sample 306/7600 (before training)
Processing test sample 307/7600 (before training)
Processing test sample 308/7600 (before training)
Processing test sample 309/7600 (before training)
Processing test sample 310/7600 (before training)
Processing test sample 311/7600 (before training)
Processing test sample 312/7600 (before training)
Processing test sample 313/7600 (before training)
Processing test sample 314/7600 (before training)
Processing test sample 315/7600 (before training)
Processing test sample 316/7600 (before training)
Processing test sample 317/7600 (before training)
Processing test sample 318/7600 (before training)
Processing test sample 319/7600 (before training)
Processing test sample 320/7600 (before training)
Processing test sample 321/7600 (before training)
Processing test sample 322/7600 (before training)
Processing test sample 323/7600 (before training)
Processing test sample 324/7600 (before training)
Processing test sample 325/7600 (before training)
Processing test sample 326/7600 (before training)
Processing test sample 327/7600 (before training)
Processing test sample 328/7600 (before training)
Processing test sample 329/7600 (before training)
Processing test sample 330/7600 (before training)
Processing test sample 331/7600 (before training)
Processing test sample 332/7600 (before training)
Processing test sample 333/7600 (before training)
Processing test sample 334/7600 (before training)
Processing test sample 335/7600 (before training)
Processing test sample 336/7600 (before training)
Processing test sample 337/7600 (before training)
Processing test sample 338/7600 (before training)
Processing test sample 339/7600 (before training)
Processing test sample 340/7600 (before training)
Processing test sample 341/7600 (before training)
Processing test sample 342/7600 (before training)
Processing test sample 343/7600 (before training)
Processing test sample 344/7600 (before training)
Processing test sample 345/7600 (before training)
slurmstepd-abakus22: error: *** JOB 59948 ON abakus22 CANCELLED AT 2025-12-03T20:35:33 ***
