slurmstepd-abakus21: error: Unable to create TMPDIR [/tmp/user/24470]: Permission denied
slurmstepd-abakus21: error: Setting TMPDIR to /tmp
Running job with commit: 987e733658b002c23699283596303c9c3badde1f
Running command: python -um scripts.bert "6158" --key_mode "keyfile" --sample_size "0" --test_sample_size "0" --dataset "mmlu" --model "albert" --epochs "10"
[nltk_data] Downloading package stopwords to
[nltk_data]     /home/g/gruenefeld/nltk_data...
[nltk_data]   Package stopwords is already up-to-date!
[nltk_data] Downloading package wordnet to
[nltk_data]     /home/g/gruenefeld/nltk_data...
[nltk_data]   Package wordnet is already up-to-date!
Job number: 6158
Key mode: keyfile
Sample size: 0
Normalize: False
Counterfactual: identity
Dataset: mmlu
Model: albert
Replacement probability: 1.0
Epochs: 10
Using full train dataset with 1000 samples.
Using full test dataset with 4342 samples.
Loading model: albert-base-v2
Some weights of the model checkpoint at albert-base-v2 were not used when initializing AlbertForMaskedLM: ['albert.pooler.bias', 'albert.pooler.weight']
- This IS expected if you are initializing AlbertForMaskedLM from the checkpoint of a model trained on another task or with another architecture (e.g. initializing a BertForSequenceClassification model from a BertForPreTraining model).
- This IS NOT expected if you are initializing AlbertForMaskedLM from the checkpoint of a model that you expect to be exactly identical (initializing a BertForSequenceClassification model from a BertForSequenceClassification model).
Using device: cuda
Map:   0%|          | 0/1000 [00:00<?, ? examples/s]Map: 100%|██████████| 1000/1000 [00:00<00:00, 10165.00 examples/s]
/home/g/gruenefeld/Documents/GitHub/gradient-uncertainty/scripts/bert.py:236: FutureWarning: `tokenizer` is deprecated and will be removed in version 5.0.0 for `Trainer.__init__`. Use `processing_class` instead.
  trainer = Trainer(
Calculating uncertainties for 4342 test samples before training (counterfactual mode: identity)...
Processing test sample 1/4342 (before training)
Processing test sample 2/4342 (before training)
Processing test sample 3/4342 (before training)
Processing test sample 4/4342 (before training)
Processing test sample 5/4342 (before training)
Processing test sample 6/4342 (before training)
Processing test sample 7/4342 (before training)
Processing test sample 8/4342 (before training)
Processing test sample 9/4342 (before training)
Processing test sample 10/4342 (before training)
Processing test sample 11/4342 (before training)
Processing test sample 12/4342 (before training)
Processing test sample 13/4342 (before training)
Processing test sample 14/4342 (before training)
Processing test sample 15/4342 (before training)
Processing test sample 16/4342 (before training)
Processing test sample 17/4342 (before training)
Processing test sample 18/4342 (before training)
Processing test sample 19/4342 (before training)
Processing test sample 20/4342 (before training)
Processing test sample 21/4342 (before training)
Processing test sample 22/4342 (before training)
Processing test sample 23/4342 (before training)
Processing test sample 24/4342 (before training)
Processing test sample 25/4342 (before training)
Processing test sample 26/4342 (before training)
Processing test sample 27/4342 (before training)
Processing test sample 28/4342 (before training)
Processing test sample 29/4342 (before training)
Processing test sample 30/4342 (before training)
Processing test sample 31/4342 (before training)
Processing test sample 32/4342 (before training)
Processing test sample 33/4342 (before training)
Processing test sample 34/4342 (before training)
Processing test sample 35/4342 (before training)
Processing test sample 36/4342 (before training)
Processing test sample 37/4342 (before training)
Processing test sample 38/4342 (before training)
Processing test sample 39/4342 (before training)
Processing test sample 40/4342 (before training)
Processing test sample 41/4342 (before training)
Processing test sample 42/4342 (before training)
Processing test sample 43/4342 (before training)
Processing test sample 44/4342 (before training)
Processing test sample 45/4342 (before training)
Processing test sample 46/4342 (before training)
Processing test sample 47/4342 (before training)
Processing test sample 48/4342 (before training)
Processing test sample 49/4342 (before training)
Processing test sample 50/4342 (before training)
Processing test sample 51/4342 (before training)
Processing test sample 52/4342 (before training)
Processing test sample 53/4342 (before training)
Processing test sample 54/4342 (before training)
Processing test sample 55/4342 (before training)
Processing test sample 56/4342 (before training)
Processing test sample 57/4342 (before training)
Processing test sample 58/4342 (before training)
Processing test sample 59/4342 (before training)
Processing test sample 60/4342 (before training)
Processing test sample 61/4342 (before training)
Processing test sample 62/4342 (before training)
Processing test sample 63/4342 (before training)
Processing test sample 64/4342 (before training)
Processing test sample 65/4342 (before training)
Processing test sample 66/4342 (before training)
Processing test sample 67/4342 (before training)
Processing test sample 68/4342 (before training)
Processing test sample 69/4342 (before training)
Processing test sample 70/4342 (before training)
Processing test sample 71/4342 (before training)
Processing test sample 72/4342 (before training)
Processing test sample 73/4342 (before training)
Processing test sample 74/4342 (before training)
Processing test sample 75/4342 (before training)
Processing test sample 76/4342 (before training)
Processing test sample 77/4342 (before training)
Processing test sample 78/4342 (before training)
Processing test sample 79/4342 (before training)
Processing test sample 80/4342 (before training)
Processing test sample 81/4342 (before training)
Processing test sample 82/4342 (before training)
Processing test sample 83/4342 (before training)
Processing test sample 84/4342 (before training)
Processing test sample 85/4342 (before training)
Processing test sample 86/4342 (before training)
Processing test sample 87/4342 (before training)
Processing test sample 88/4342 (before training)
Processing test sample 89/4342 (before training)
Processing test sample 90/4342 (before training)
Processing test sample 91/4342 (before training)
Processing test sample 92/4342 (before training)
Processing test sample 93/4342 (before training)
Processing test sample 94/4342 (before training)
Processing test sample 95/4342 (before training)
Processing test sample 96/4342 (before training)
Processing test sample 97/4342 (before training)
Processing test sample 98/4342 (before training)
Processing test sample 99/4342 (before training)
Processing test sample 100/4342 (before training)
Processing test sample 101/4342 (before training)
Processing test sample 102/4342 (before training)
Processing test sample 103/4342 (before training)
Processing test sample 104/4342 (before training)
Processing test sample 105/4342 (before training)
Processing test sample 106/4342 (before training)
Processing test sample 107/4342 (before training)
Processing test sample 108/4342 (before training)
Processing test sample 109/4342 (before training)
Processing test sample 110/4342 (before training)
Processing test sample 111/4342 (before training)
Processing test sample 112/4342 (before training)
Processing test sample 113/4342 (before training)
Processing test sample 114/4342 (before training)
Processing test sample 115/4342 (before training)
Processing test sample 116/4342 (before training)
Processing test sample 117/4342 (before training)
Processing test sample 118/4342 (before training)
Processing test sample 119/4342 (before training)
Processing test sample 120/4342 (before training)
Processing test sample 121/4342 (before training)
Processing test sample 122/4342 (before training)
Processing test sample 123/4342 (before training)
Processing test sample 124/4342 (before training)
Processing test sample 125/4342 (before training)
Processing test sample 126/4342 (before training)
Processing test sample 127/4342 (before training)
Processing test sample 128/4342 (before training)
Processing test sample 129/4342 (before training)
Processing test sample 130/4342 (before training)
Processing test sample 131/4342 (before training)
Processing test sample 132/4342 (before training)
Processing test sample 133/4342 (before training)
Processing test sample 134/4342 (before training)
Processing test sample 135/4342 (before training)
Processing test sample 136/4342 (before training)
Processing test sample 137/4342 (before training)
Processing test sample 138/4342 (before training)
Processing test sample 139/4342 (before training)
Processing test sample 140/4342 (before training)
Processing test sample 141/4342 (before training)
Processing test sample 142/4342 (before training)
Processing test sample 143/4342 (before training)
Processing test sample 144/4342 (before training)
Processing test sample 145/4342 (before training)
Processing test sample 146/4342 (before training)
Processing test sample 147/4342 (before training)
Processing test sample 148/4342 (before training)
Processing test sample 149/4342 (before training)
Processing test sample 150/4342 (before training)
Processing test sample 151/4342 (before training)
Processing test sample 152/4342 (before training)
Processing test sample 153/4342 (before training)
Processing test sample 154/4342 (before training)
Processing test sample 155/4342 (before training)
Processing test sample 156/4342 (before training)
Processing test sample 157/4342 (before training)
Processing test sample 158/4342 (before training)
Processing test sample 159/4342 (before training)
Processing test sample 160/4342 (before training)
Processing test sample 161/4342 (before training)
Processing test sample 162/4342 (before training)
Processing test sample 163/4342 (before training)
Processing test sample 164/4342 (before training)
Processing test sample 165/4342 (before training)
Processing test sample 166/4342 (before training)
Processing test sample 167/4342 (before training)
Processing test sample 168/4342 (before training)
Processing test sample 169/4342 (before training)
Processing test sample 170/4342 (before training)
Processing test sample 171/4342 (before training)
Processing test sample 172/4342 (before training)
Processing test sample 173/4342 (before training)
Processing test sample 174/4342 (before training)
Processing test sample 175/4342 (before training)
Processing test sample 176/4342 (before training)
Processing test sample 177/4342 (before training)
Processing test sample 178/4342 (before training)
Processing test sample 179/4342 (before training)
Processing test sample 180/4342 (before training)
Processing test sample 181/4342 (before training)
Processing test sample 182/4342 (before training)
Processing test sample 183/4342 (before training)
Processing test sample 184/4342 (before training)
Processing test sample 185/4342 (before training)
Processing test sample 186/4342 (before training)
Processing test sample 187/4342 (before training)
Processing test sample 188/4342 (before training)
Processing test sample 189/4342 (before training)
Processing test sample 190/4342 (before training)
Processing test sample 191/4342 (before training)
Processing test sample 192/4342 (before training)
Processing test sample 193/4342 (before training)
Processing test sample 194/4342 (before training)
Processing test sample 195/4342 (before training)
Processing test sample 196/4342 (before training)
Processing test sample 197/4342 (before training)
Processing test sample 198/4342 (before training)
Processing test sample 199/4342 (before training)
Processing test sample 200/4342 (before training)
Processing test sample 201/4342 (before training)
Processing test sample 202/4342 (before training)
Processing test sample 203/4342 (before training)
Processing test sample 204/4342 (before training)
Processing test sample 205/4342 (before training)
Processing test sample 206/4342 (before training)
Processing test sample 207/4342 (before training)
Processing test sample 208/4342 (before training)
Processing test sample 209/4342 (before training)
Processing test sample 210/4342 (before training)
Processing test sample 211/4342 (before training)
Processing test sample 212/4342 (before training)
Processing test sample 213/4342 (before training)
Processing test sample 214/4342 (before training)
Processing test sample 215/4342 (before training)
Processing test sample 216/4342 (before training)
Processing test sample 217/4342 (before training)
Processing test sample 218/4342 (before training)
Processing test sample 219/4342 (before training)
Processing test sample 220/4342 (before training)
Processing test sample 221/4342 (before training)
Processing test sample 222/4342 (before training)
Processing test sample 223/4342 (before training)
Processing test sample 224/4342 (before training)
Processing test sample 225/4342 (before training)
Processing test sample 226/4342 (before training)
Processing test sample 227/4342 (before training)
Processing test sample 228/4342 (before training)
Processing test sample 229/4342 (before training)
Processing test sample 230/4342 (before training)
Processing test sample 231/4342 (before training)
Processing test sample 232/4342 (before training)
Processing test sample 233/4342 (before training)
Processing test sample 234/4342 (before training)
Processing test sample 235/4342 (before training)
Processing test sample 236/4342 (before training)
Processing test sample 237/4342 (before training)
Processing test sample 238/4342 (before training)
Processing test sample 239/4342 (before training)
Processing test sample 240/4342 (before training)
Processing test sample 241/4342 (before training)
Processing test sample 242/4342 (before training)
Processing test sample 243/4342 (before training)
Processing test sample 244/4342 (before training)
Processing test sample 245/4342 (before training)
Processing test sample 246/4342 (before training)
Processing test sample 247/4342 (before training)
Processing test sample 248/4342 (before training)
Processing test sample 249/4342 (before training)
Processing test sample 250/4342 (before training)
Processing test sample 251/4342 (before training)
Processing test sample 252/4342 (before training)
Processing test sample 253/4342 (before training)
Processing test sample 254/4342 (before training)
Processing test sample 255/4342 (before training)
Processing test sample 256/4342 (before training)
Processing test sample 257/4342 (before training)
Processing test sample 258/4342 (before training)
Processing test sample 259/4342 (before training)
Processing test sample 260/4342 (before training)
Processing test sample 261/4342 (before training)
Processing test sample 262/4342 (before training)
Processing test sample 263/4342 (before training)
Processing test sample 264/4342 (before training)
Processing test sample 265/4342 (before training)
Processing test sample 266/4342 (before training)
Processing test sample 267/4342 (before training)
Processing test sample 268/4342 (before training)
Processing test sample 269/4342 (before training)
Processing test sample 270/4342 (before training)
Processing test sample 271/4342 (before training)
Processing test sample 272/4342 (before training)
Processing test sample 273/4342 (before training)
Processing test sample 274/4342 (before training)
Processing test sample 275/4342 (before training)
Processing test sample 276/4342 (before training)
Processing test sample 277/4342 (before training)
Processing test sample 278/4342 (before training)
Processing test sample 279/4342 (before training)
Processing test sample 280/4342 (before training)
Processing test sample 281/4342 (before training)
Processing test sample 282/4342 (before training)
Processing test sample 283/4342 (before training)
Processing test sample 284/4342 (before training)
Processing test sample 285/4342 (before training)
Processing test sample 286/4342 (before training)
Processing test sample 287/4342 (before training)
Processing test sample 288/4342 (before training)
Processing test sample 289/4342 (before training)
Processing test sample 290/4342 (before training)
Processing test sample 291/4342 (before training)
Processing test sample 292/4342 (before training)
Processing test sample 293/4342 (before training)
Processing test sample 294/4342 (before training)
Processing test sample 295/4342 (before training)
Processing test sample 296/4342 (before training)
Processing test sample 297/4342 (before training)
Processing test sample 298/4342 (before training)
Processing test sample 299/4342 (before training)
Processing test sample 300/4342 (before training)
Processing test sample 301/4342 (before training)
Processing test sample 302/4342 (before training)
Processing test sample 303/4342 (before training)
Processing test sample 304/4342 (before training)
Processing test sample 305/4342 (before training)
Processing test sample 306/4342 (before training)
Processing test sample 307/4342 (before training)
Processing test sample 308/4342 (before training)
Processing test sample 309/4342 (before training)
Processing test sample 310/4342 (before training)
Processing test sample 311/4342 (before training)
Processing test sample 312/4342 (before training)
Processing test sample 313/4342 (before training)
Processing test sample 314/4342 (before training)
Processing test sample 315/4342 (before training)
Processing test sample 316/4342 (before training)
Processing test sample 317/4342 (before training)
Processing test sample 318/4342 (before training)
Processing test sample 319/4342 (before training)
Processing test sample 320/4342 (before training)
Processing test sample 321/4342 (before training)
Processing test sample 322/4342 (before training)
Processing test sample 323/4342 (before training)
Processing test sample 324/4342 (before training)
Processing test sample 325/4342 (before training)
Processing test sample 326/4342 (before training)
Processing test sample 327/4342 (before training)
Processing test sample 328/4342 (before training)
Processing test sample 329/4342 (before training)
Processing test sample 330/4342 (before training)
Processing test sample 331/4342 (before training)
Processing test sample 332/4342 (before training)
Token indices sequence length is longer than the specified maximum sequence length for this model (531 > 512). Running this sequence through the model will result in indexing errors
Error in bert_gradient: The size of tensor a (531) must match the size of tensor b (512) at non-singleton dimension 1
Error processing test sample 332 before training: 'dict' object has no attribute 'item'
Processing test sample 333/4342 (before training)
Processing test sample 334/4342 (before training)
Processing test sample 335/4342 (before training)
Processing test sample 336/4342 (before training)
Processing test sample 337/4342 (before training)
Processing test sample 338/4342 (before training)
Processing test sample 339/4342 (before training)
Processing test sample 340/4342 (before training)
Processing test sample 341/4342 (before training)
Processing test sample 342/4342 (before training)
Processing test sample 343/4342 (before training)
Processing test sample 344/4342 (before training)
Processing test sample 345/4342 (before training)
Processing test sample 346/4342 (before training)
Processing test sample 347/4342 (before training)
Processing test sample 348/4342 (before training)
Processing test sample 349/4342 (before training)
Processing test sample 350/4342 (before training)
Processing test sample 351/4342 (before training)
Processing test sample 352/4342 (before training)
Processing test sample 353/4342 (before training)
Processing test sample 354/4342 (before training)
Processing test sample 355/4342 (before training)
Processing test sample 356/4342 (before training)
Processing test sample 357/4342 (before training)
Processing test sample 358/4342 (before training)
Processing test sample 359/4342 (before training)
Processing test sample 360/4342 (before training)
Processing test sample 361/4342 (before training)
Processing test sample 362/4342 (before training)
Processing test sample 363/4342 (before training)
Processing test sample 364/4342 (before training)
Processing test sample 365/4342 (before training)
Processing test sample 366/4342 (before training)
Processing test sample 367/4342 (before training)
Processing test sample 368/4342 (before training)
Processing test sample 369/4342 (before training)
Processing test sample 370/4342 (before training)
Processing test sample 371/4342 (before training)
Processing test sample 372/4342 (before training)
Processing test sample 373/4342 (before training)
Processing test sample 374/4342 (before training)
Processing test sample 375/4342 (before training)
Processing test sample 376/4342 (before training)
Processing test sample 377/4342 (before training)
Processing test sample 378/4342 (before training)
Processing test sample 379/4342 (before training)
Processing test sample 380/4342 (before training)
Processing test sample 381/4342 (before training)
Processing test sample 382/4342 (before training)
Processing test sample 383/4342 (before training)
Processing test sample 384/4342 (before training)
Processing test sample 385/4342 (before training)
Processing test sample 386/4342 (before training)
Processing test sample 387/4342 (before training)
Processing test sample 388/4342 (before training)
Processing test sample 389/4342 (before training)
Processing test sample 390/4342 (before training)
Processing test sample 391/4342 (before training)
Processing test sample 392/4342 (before training)
Processing test sample 393/4342 (before training)
Processing test sample 394/4342 (before training)
Processing test sample 395/4342 (before training)
Processing test sample 396/4342 (before training)
Processing test sample 397/4342 (before training)
Processing test sample 398/4342 (before training)
Processing test sample 399/4342 (before training)
Processing test sample 400/4342 (before training)
Processing test sample 401/4342 (before training)
Processing test sample 402/4342 (before training)
Processing test sample 403/4342 (before training)
Processing test sample 404/4342 (before training)
Processing test sample 405/4342 (before training)
Processing test sample 406/4342 (before training)
Processing test sample 407/4342 (before training)
Processing test sample 408/4342 (before training)
Processing test sample 409/4342 (before training)
Processing test sample 410/4342 (before training)
Processing test sample 411/4342 (before training)
Processing test sample 412/4342 (before training)
Processing test sample 413/4342 (before training)
Processing test sample 414/4342 (before training)
Processing test sample 415/4342 (before training)
Processing test sample 416/4342 (before training)
Processing test sample 417/4342 (before training)
Processing test sample 418/4342 (before training)
Processing test sample 419/4342 (before training)
Processing test sample 420/4342 (before training)
Processing test sample 421/4342 (before training)
Processing test sample 422/4342 (before training)
Processing test sample 423/4342 (before training)
Processing test sample 424/4342 (before training)
Processing test sample 425/4342 (before training)
Processing test sample 426/4342 (before training)
Processing test sample 427/4342 (before training)
Processing test sample 428/4342 (before training)
Processing test sample 429/4342 (before training)
Processing test sample 430/4342 (before training)
Processing test sample 431/4342 (before training)
Processing test sample 432/4342 (before training)
Processing test sample 433/4342 (before training)
Processing test sample 434/4342 (before training)
Processing test sample 435/4342 (before training)
Processing test sample 436/4342 (before training)
Processing test sample 437/4342 (before training)
Processing test sample 438/4342 (before training)
Processing test sample 439/4342 (before training)
Processing test sample 440/4342 (before training)
Processing test sample 441/4342 (before training)
Processing test sample 442/4342 (before training)
Processing test sample 443/4342 (before training)
Processing test sample 444/4342 (before training)
Processing test sample 445/4342 (before training)
Processing test sample 446/4342 (before training)
Processing test sample 447/4342 (before training)
Processing test sample 448/4342 (before training)
Processing test sample 449/4342 (before training)
Processing test sample 450/4342 (before training)
Processing test sample 451/4342 (before training)
Processing test sample 452/4342 (before training)
Processing test sample 453/4342 (before training)
Processing test sample 454/4342 (before training)
Processing test sample 455/4342 (before training)
Processing test sample 456/4342 (before training)
Processing test sample 457/4342 (before training)
Processing test sample 458/4342 (before training)
Processing test sample 459/4342 (before training)
Processing test sample 460/4342 (before training)
Processing test sample 461/4342 (before training)
Processing test sample 462/4342 (before training)
Processing test sample 463/4342 (before training)
Processing test sample 464/4342 (before training)
Processing test sample 465/4342 (before training)
Processing test sample 466/4342 (before training)
Processing test sample 467/4342 (before training)
Processing test sample 468/4342 (before training)
Processing test sample 469/4342 (before training)
Processing test sample 470/4342 (before training)
Processing test sample 471/4342 (before training)
Processing test sample 472/4342 (before training)
Processing test sample 473/4342 (before training)
Processing test sample 474/4342 (before training)
Processing test sample 475/4342 (before training)
Processing test sample 476/4342 (before training)
Processing test sample 477/4342 (before training)
Processing test sample 478/4342 (before training)
Processing test sample 479/4342 (before training)
Processing test sample 480/4342 (before training)
Processing test sample 481/4342 (before training)
Processing test sample 482/4342 (before training)
Processing test sample 483/4342 (before training)
Processing test sample 484/4342 (before training)
Processing test sample 485/4342 (before training)
Error in bert_gradient: The size of tensor a (524) must match the size of tensor b (512) at non-singleton dimension 1
Error processing test sample 485 before training: 'dict' object has no attribute 'item'
Processing test sample 486/4342 (before training)
Processing test sample 487/4342 (before training)
Processing test sample 488/4342 (before training)
Processing test sample 489/4342 (before training)
Processing test sample 490/4342 (before training)
Processing test sample 491/4342 (before training)
Processing test sample 492/4342 (before training)
Processing test sample 493/4342 (before training)
Processing test sample 494/4342 (before training)
Processing test sample 495/4342 (before training)
Processing test sample 496/4342 (before training)
Processing test sample 497/4342 (before training)
Processing test sample 498/4342 (before training)
Processing test sample 499/4342 (before training)
Processing test sample 500/4342 (before training)
Processing test sample 501/4342 (before training)
Processing test sample 502/4342 (before training)
Processing test sample 503/4342 (before training)
Processing test sample 504/4342 (before training)
Processing test sample 505/4342 (before training)
Processing test sample 506/4342 (before training)
Processing test sample 507/4342 (before training)
Processing test sample 508/4342 (before training)
Processing test sample 509/4342 (before training)
Processing test sample 510/4342 (before training)
Processing test sample 511/4342 (before training)
Processing test sample 512/4342 (before training)
Processing test sample 513/4342 (before training)
Processing test sample 514/4342 (before training)
Processing test sample 515/4342 (before training)
Processing test sample 516/4342 (before training)
Processing test sample 517/4342 (before training)
Processing test sample 518/4342 (before training)
Processing test sample 519/4342 (before training)
Processing test sample 520/4342 (before training)
Processing test sample 521/4342 (before training)
Processing test sample 522/4342 (before training)
Processing test sample 523/4342 (before training)
Processing test sample 524/4342 (before training)
Processing test sample 525/4342 (before training)
Processing test sample 526/4342 (before training)
Processing test sample 527/4342 (before training)
Processing test sample 528/4342 (before training)
Processing test sample 529/4342 (before training)
Processing test sample 530/4342 (before training)
Processing test sample 531/4342 (before training)
Processing test sample 532/4342 (before training)
Processing test sample 533/4342 (before training)
Processing test sample 534/4342 (before training)
Processing test sample 535/4342 (before training)
Processing test sample 536/4342 (before training)
Processing test sample 537/4342 (before training)
Processing test sample 538/4342 (before training)
Processing test sample 539/4342 (before training)
Processing test sample 540/4342 (before training)
Processing test sample 541/4342 (before training)
Processing test sample 542/4342 (before training)
Processing test sample 543/4342 (before training)
Processing test sample 544/4342 (before training)
Processing test sample 545/4342 (before training)
Processing test sample 546/4342 (before training)
Processing test sample 547/4342 (before training)
Processing test sample 548/4342 (before training)
Processing test sample 549/4342 (before training)
Processing test sample 550/4342 (before training)
Processing test sample 551/4342 (before training)
Processing test sample 552/4342 (before training)
Processing test sample 553/4342 (before training)
Processing test sample 554/4342 (before training)
Processing test sample 555/4342 (before training)
Processing test sample 556/4342 (before training)
Processing test sample 557/4342 (before training)
Processing test sample 558/4342 (before training)
Processing test sample 559/4342 (before training)
Processing test sample 560/4342 (before training)
Processing test sample 561/4342 (before training)
Processing test sample 562/4342 (before training)
Processing test sample 563/4342 (before training)
Processing test sample 564/4342 (before training)
Processing test sample 565/4342 (before training)
Processing test sample 566/4342 (before training)
Processing test sample 567/4342 (before training)
Processing test sample 568/4342 (before training)
Processing test sample 569/4342 (before training)
Processing test sample 570/4342 (before training)
Processing test sample 571/4342 (before training)
Processing test sample 572/4342 (before training)
Processing test sample 573/4342 (before training)
Processing test sample 574/4342 (before training)
Processing test sample 575/4342 (before training)
Processing test sample 576/4342 (before training)
Processing test sample 577/4342 (before training)
Processing test sample 578/4342 (before training)
Processing test sample 579/4342 (before training)
Processing test sample 580/4342 (before training)
Processing test sample 581/4342 (before training)
Processing test sample 582/4342 (before training)
Processing test sample 583/4342 (before training)
Processing test sample 584/4342 (before training)
Processing test sample 585/4342 (before training)
Processing test sample 586/4342 (before training)
Processing test sample 587/4342 (before training)
Processing test sample 588/4342 (before training)
Processing test sample 589/4342 (before training)
Processing test sample 590/4342 (before training)
Processing test sample 591/4342 (before training)
Processing test sample 592/4342 (before training)
Processing test sample 593/4342 (before training)
Processing test sample 594/4342 (before training)
Processing test sample 595/4342 (before training)
Processing test sample 596/4342 (before training)
Processing test sample 597/4342 (before training)
Processing test sample 598/4342 (before training)
Processing test sample 599/4342 (before training)
Processing test sample 600/4342 (before training)
Processing test sample 601/4342 (before training)
Processing test sample 602/4342 (before training)
Processing test sample 603/4342 (before training)
Processing test sample 604/4342 (before training)
Processing test sample 605/4342 (before training)
Processing test sample 606/4342 (before training)
Processing test sample 607/4342 (before training)
Processing test sample 608/4342 (before training)
Processing test sample 609/4342 (before training)
Processing test sample 610/4342 (before training)
Processing test sample 611/4342 (before training)
Processing test sample 612/4342 (before training)
Processing test sample 613/4342 (before training)
Processing test sample 614/4342 (before training)
Processing test sample 615/4342 (before training)
Processing test sample 616/4342 (before training)
Processing test sample 617/4342 (before training)
Processing test sample 618/4342 (before training)
Processing test sample 619/4342 (before training)
Processing test sample 620/4342 (before training)
Processing test sample 621/4342 (before training)
Processing test sample 622/4342 (before training)
Processing test sample 623/4342 (before training)
Processing test sample 624/4342 (before training)
Processing test sample 625/4342 (before training)
Processing test sample 626/4342 (before training)
Processing test sample 627/4342 (before training)
Processing test sample 628/4342 (before training)
Processing test sample 629/4342 (before training)
Processing test sample 630/4342 (before training)
Processing test sample 631/4342 (before training)
Processing test sample 632/4342 (before training)
Processing test sample 633/4342 (before training)
Processing test sample 634/4342 (before training)
Processing test sample 635/4342 (before training)
Processing test sample 636/4342 (before training)
Processing test sample 637/4342 (before training)
Processing test sample 638/4342 (before training)
Processing test sample 639/4342 (before training)
Processing test sample 640/4342 (before training)
Processing test sample 641/4342 (before training)
Processing test sample 642/4342 (before training)
Processing test sample 643/4342 (before training)
Processing test sample 644/4342 (before training)
Processing test sample 645/4342 (before training)
Processing test sample 646/4342 (before training)
Processing test sample 647/4342 (before training)
Processing test sample 648/4342 (before training)
Processing test sample 649/4342 (before training)
Processing test sample 650/4342 (before training)
Processing test sample 651/4342 (before training)
Processing test sample 652/4342 (before training)
Processing test sample 653/4342 (before training)
Processing test sample 654/4342 (before training)
Processing test sample 655/4342 (before training)
Processing test sample 656/4342 (before training)
Processing test sample 657/4342 (before training)
Processing test sample 658/4342 (before training)
Processing test sample 659/4342 (before training)
Processing test sample 660/4342 (before training)
Processing test sample 661/4342 (before training)
Processing test sample 662/4342 (before training)
Processing test sample 663/4342 (before training)
Processing test sample 664/4342 (before training)
Processing test sample 665/4342 (before training)
Processing test sample 666/4342 (before training)
Processing test sample 667/4342 (before training)
Processing test sample 668/4342 (before training)
Processing test sample 669/4342 (before training)
Processing test sample 670/4342 (before training)
Processing test sample 671/4342 (before training)
Processing test sample 672/4342 (before training)
Processing test sample 673/4342 (before training)
Processing test sample 674/4342 (before training)
Processing test sample 675/4342 (before training)
Processing test sample 676/4342 (before training)
Processing test sample 677/4342 (before training)
Processing test sample 678/4342 (before training)
Processing test sample 679/4342 (before training)
Processing test sample 680/4342 (before training)
Processing test sample 681/4342 (before training)
Processing test sample 682/4342 (before training)
Processing test sample 683/4342 (before training)
Processing test sample 684/4342 (before training)
Processing test sample 685/4342 (before training)
Processing test sample 686/4342 (before training)
Processing test sample 687/4342 (before training)
Processing test sample 688/4342 (before training)
Processing test sample 689/4342 (before training)
Processing test sample 690/4342 (before training)
Processing test sample 691/4342 (before training)
Processing test sample 692/4342 (before training)
Processing test sample 693/4342 (before training)
Processing test sample 694/4342 (before training)
Processing test sample 695/4342 (before training)
Processing test sample 696/4342 (before training)
Processing test sample 697/4342 (before training)
Processing test sample 698/4342 (before training)
Processing test sample 699/4342 (before training)
Processing test sample 700/4342 (before training)
Processing test sample 701/4342 (before training)
Processing test sample 702/4342 (before training)
Processing test sample 703/4342 (before training)
Processing test sample 704/4342 (before training)
Processing test sample 705/4342 (before training)
Processing test sample 706/4342 (before training)
Processing test sample 707/4342 (before training)
Processing test sample 708/4342 (before training)
Processing test sample 709/4342 (before training)
Processing test sample 710/4342 (before training)
Processing test sample 711/4342 (before training)
Processing test sample 712/4342 (before training)
Processing test sample 713/4342 (before training)
Processing test sample 714/4342 (before training)
Processing test sample 715/4342 (before training)
Processing test sample 716/4342 (before training)
Processing test sample 717/4342 (before training)
Processing test sample 718/4342 (before training)
Processing test sample 719/4342 (before training)
Processing test sample 720/4342 (before training)
Processing test sample 721/4342 (before training)
Processing test sample 722/4342 (before training)
Processing test sample 723/4342 (before training)
Processing test sample 724/4342 (before training)
Processing test sample 725/4342 (before training)
Processing test sample 726/4342 (before training)
Processing test sample 727/4342 (before training)
Processing test sample 728/4342 (before training)
Processing test sample 729/4342 (before training)
Processing test sample 730/4342 (before training)
Processing test sample 731/4342 (before training)
Processing test sample 732/4342 (before training)
Processing test sample 733/4342 (before training)
Processing test sample 734/4342 (before training)
Processing test sample 735/4342 (before training)
Processing test sample 736/4342 (before training)
Processing test sample 737/4342 (before training)
Processing test sample 738/4342 (before training)
Processing test sample 739/4342 (before training)
Processing test sample 740/4342 (before training)
Processing test sample 741/4342 (before training)
Processing test sample 742/4342 (before training)
