slurmstepd-abakus11: error: Unable to create TMPDIR [/tmp/user/24470]: Permission denied
slurmstepd-abakus11: error: Setting TMPDIR to /tmp
Running job with commit: cc36b6d4b7dbee6f85fb6cbb45391e45d4709218
Running command: python -um scripts.bert "719262" --key_mode "keyfile" --sample_size "0" --test_sample_size "0" --dataset "mmlu" --model "roberta"
Job number: 719262
Key mode: keyfile
Sample size: 0
Normalize: False
Counterfactual: identity
Dataset: mmlu
Model: roberta
Using full train dataset with 11 samples.
Using full test dataset with 322 samples.
Loading model: roberta-base
Xet Storage is enabled for this repo, but the 'hf_xet' package is not installed. Falling back to regular HTTP download. For better performance, install the package with: `pip install huggingface_hub[hf_xet]` or `pip install hf_xet`
Using device: cuda
Map:   0%|          | 0/11 [00:00<?, ? examples/s]Map: 100%|██████████| 11/11 [00:00<00:00, 775.83 examples/s]
huggingface/tokenizers: The current process just got forked, after parallelism has already been used. Disabling parallelism to avoid deadlocks...
To disable this warning, you can either:
	- Avoid using `tokenizers` before the fork if possible
	- Explicitly set the environment variable TOKENIZERS_PARALLELISM=(true | false)
/home/g/gruenefeld/Documents/GitHub/gradient-uncertainty/scripts/bert.py:215: FutureWarning: `tokenizer` is deprecated and will be removed in version 5.0.0 for `Trainer.__init__`. Use `processing_class` instead.
  trainer = Trainer(
Calculating uncertainties for 322 test samples before training (counterfactual mode: identity)...
Processing test sample 1/322 (before training)
Processing test sample 2/322 (before training)
Processing test sample 3/322 (before training)
Processing test sample 4/322 (before training)
Processing test sample 5/322 (before training)
Processing test sample 6/322 (before training)
Processing test sample 7/322 (before training)
Processing test sample 8/322 (before training)
Processing test sample 9/322 (before training)
Processing test sample 10/322 (before training)
Processing test sample 11/322 (before training)
Processing test sample 12/322 (before training)
Processing test sample 13/322 (before training)
Processing test sample 14/322 (before training)
Processing test sample 15/322 (before training)
Processing test sample 16/322 (before training)
Processing test sample 17/322 (before training)
Processing test sample 18/322 (before training)
Processing test sample 19/322 (before training)
Processing test sample 20/322 (before training)
Processing test sample 21/322 (before training)
Processing test sample 22/322 (before training)
Processing test sample 23/322 (before training)
Processing test sample 24/322 (before training)
Processing test sample 25/322 (before training)
Processing test sample 26/322 (before training)
Processing test sample 27/322 (before training)
Processing test sample 28/322 (before training)
Processing test sample 29/322 (before training)
Processing test sample 30/322 (before training)
Processing test sample 31/322 (before training)
Processing test sample 32/322 (before training)
Processing test sample 33/322 (before training)
Processing test sample 34/322 (before training)
Processing test sample 35/322 (before training)
Processing test sample 36/322 (before training)
Processing test sample 37/322 (before training)
Processing test sample 38/322 (before training)
Processing test sample 39/322 (before training)
Processing test sample 40/322 (before training)
Processing test sample 41/322 (before training)
Processing test sample 42/322 (before training)
Processing test sample 43/322 (before training)
Processing test sample 44/322 (before training)
Processing test sample 45/322 (before training)
Processing test sample 46/322 (before training)
Processing test sample 47/322 (before training)
Processing test sample 48/322 (before training)
Processing test sample 49/322 (before training)
Processing test sample 50/322 (before training)
Processing test sample 51/322 (before training)
Processing test sample 52/322 (before training)
Processing test sample 53/322 (before training)
Processing test sample 54/322 (before training)
Processing test sample 55/322 (before training)
Processing test sample 56/322 (before training)
Processing test sample 57/322 (before training)
Processing test sample 58/322 (before training)
Processing test sample 59/322 (before training)
Processing test sample 60/322 (before training)
Processing test sample 61/322 (before training)
Processing test sample 62/322 (before training)
Processing test sample 63/322 (before training)
Processing test sample 64/322 (before training)
Processing test sample 65/322 (before training)
Processing test sample 66/322 (before training)
Processing test sample 67/322 (before training)
Processing test sample 68/322 (before training)
Processing test sample 69/322 (before training)
Processing test sample 70/322 (before training)
Processing test sample 71/322 (before training)
Processing test sample 72/322 (before training)
Processing test sample 73/322 (before training)
Processing test sample 74/322 (before training)
Processing test sample 75/322 (before training)
Processing test sample 76/322 (before training)
Processing test sample 77/322 (before training)
Processing test sample 78/322 (before training)
Processing test sample 79/322 (before training)
Processing test sample 80/322 (before training)
Processing test sample 81/322 (before training)
Processing test sample 82/322 (before training)
Processing test sample 83/322 (before training)
Processing test sample 84/322 (before training)
Processing test sample 85/322 (before training)
Processing test sample 86/322 (before training)
Processing test sample 87/322 (before training)
Processing test sample 88/322 (before training)
Processing test sample 89/322 (before training)
Processing test sample 90/322 (before training)
Processing test sample 91/322 (before training)
Processing test sample 92/322 (before training)
Processing test sample 93/322 (before training)
Processing test sample 94/322 (before training)
Processing test sample 95/322 (before training)
Processing test sample 96/322 (before training)
Processing test sample 97/322 (before training)
Processing test sample 98/322 (before training)
Processing test sample 99/322 (before training)
Processing test sample 100/322 (before training)
Processing test sample 101/322 (before training)
Processing test sample 102/322 (before training)
Processing test sample 103/322 (before training)
Processing test sample 104/322 (before training)
Processing test sample 105/322 (before training)
Processing test sample 106/322 (before training)
Processing test sample 107/322 (before training)
Processing test sample 108/322 (before training)
Processing test sample 109/322 (before training)
Processing test sample 110/322 (before training)
Processing test sample 111/322 (before training)
Processing test sample 112/322 (before training)
Processing test sample 113/322 (before training)
Processing test sample 114/322 (before training)
Processing test sample 115/322 (before training)
Processing test sample 116/322 (before training)
Processing test sample 117/322 (before training)
Processing test sample 118/322 (before training)
Processing test sample 119/322 (before training)
Processing test sample 120/322 (before training)
Processing test sample 121/322 (before training)
Processing test sample 122/322 (before training)
Processing test sample 123/322 (before training)
Processing test sample 124/322 (before training)
Processing test sample 125/322 (before training)
Processing test sample 126/322 (before training)
Processing test sample 127/322 (before training)
Processing test sample 128/322 (before training)
Processing test sample 129/322 (before training)
Processing test sample 130/322 (before training)
Processing test sample 131/322 (before training)
Processing test sample 132/322 (before training)
Processing test sample 133/322 (before training)
Processing test sample 134/322 (before training)
Processing test sample 135/322 (before training)
Processing test sample 136/322 (before training)
Processing test sample 137/322 (before training)
Processing test sample 138/322 (before training)
Processing test sample 139/322 (before training)
Processing test sample 140/322 (before training)
Processing test sample 141/322 (before training)
Processing test sample 142/322 (before training)
Processing test sample 143/322 (before training)
Processing test sample 144/322 (before training)
Processing test sample 145/322 (before training)
Processing test sample 146/322 (before training)
Processing test sample 147/322 (before training)
Processing test sample 148/322 (before training)
Processing test sample 149/322 (before training)
Processing test sample 150/322 (before training)
Processing test sample 151/322 (before training)
Processing test sample 152/322 (before training)
Processing test sample 153/322 (before training)
Processing test sample 154/322 (before training)
Processing test sample 155/322 (before training)
Processing test sample 156/322 (before training)
Processing test sample 157/322 (before training)
Processing test sample 158/322 (before training)
Processing test sample 159/322 (before training)
Processing test sample 160/322 (before training)
Processing test sample 161/322 (before training)
Processing test sample 162/322 (before training)
Processing test sample 163/322 (before training)
Processing test sample 164/322 (before training)
Processing test sample 165/322 (before training)
Processing test sample 166/322 (before training)
Processing test sample 167/322 (before training)
Processing test sample 168/322 (before training)
Processing test sample 169/322 (before training)
Processing test sample 170/322 (before training)
Processing test sample 171/322 (before training)
Processing test sample 172/322 (before training)
Processing test sample 173/322 (before training)
Processing test sample 174/322 (before training)
Processing test sample 175/322 (before training)
Processing test sample 176/322 (before training)
Processing test sample 177/322 (before training)
Processing test sample 178/322 (before training)
Processing test sample 179/322 (before training)
Processing test sample 180/322 (before training)
Processing test sample 181/322 (before training)
Processing test sample 182/322 (before training)
Processing test sample 183/322 (before training)
Processing test sample 184/322 (before training)
Processing test sample 185/322 (before training)
Processing test sample 186/322 (before training)
Processing test sample 187/322 (before training)
Processing test sample 188/322 (before training)
Processing test sample 189/322 (before training)
Processing test sample 190/322 (before training)
Processing test sample 191/322 (before training)
Processing test sample 192/322 (before training)
Processing test sample 193/322 (before training)
Processing test sample 194/322 (before training)
Processing test sample 195/322 (before training)
Processing test sample 196/322 (before training)
Processing test sample 197/322 (before training)
Processing test sample 198/322 (before training)
Processing test sample 199/322 (before training)
Processing test sample 200/322 (before training)
Processing test sample 201/322 (before training)
Processing test sample 202/322 (before training)
Processing test sample 203/322 (before training)
Processing test sample 204/322 (before training)
Processing test sample 205/322 (before training)
Processing test sample 206/322 (before training)
Processing test sample 207/322 (before training)
Processing test sample 208/322 (before training)
Processing test sample 209/322 (before training)
Processing test sample 210/322 (before training)
Processing test sample 211/322 (before training)
Processing test sample 212/322 (before training)
Processing test sample 213/322 (before training)
Processing test sample 214/322 (before training)
Processing test sample 215/322 (before training)
Processing test sample 216/322 (before training)
Processing test sample 217/322 (before training)
Processing test sample 218/322 (before training)
Processing test sample 219/322 (before training)
Processing test sample 220/322 (before training)
Processing test sample 221/322 (before training)
Processing test sample 222/322 (before training)
Processing test sample 223/322 (before training)
Processing test sample 224/322 (before training)
Processing test sample 225/322 (before training)
Processing test sample 226/322 (before training)
Processing test sample 227/322 (before training)
Processing test sample 228/322 (before training)
Processing test sample 229/322 (before training)
Processing test sample 230/322 (before training)
Processing test sample 231/322 (before training)
Processing test sample 232/322 (before training)
Processing test sample 233/322 (before training)
Processing test sample 234/322 (before training)
Processing test sample 235/322 (before training)
Processing test sample 236/322 (before training)
Processing test sample 237/322 (before training)
Processing test sample 238/322 (before training)
Processing test sample 239/322 (before training)
Processing test sample 240/322 (before training)
Processing test sample 241/322 (before training)
Processing test sample 242/322 (before training)
Processing test sample 243/322 (before training)
Processing test sample 244/322 (before training)
Processing test sample 245/322 (before training)
Processing test sample 246/322 (before training)
Processing test sample 247/322 (before training)
Processing test sample 248/322 (before training)
Processing test sample 249/322 (before training)
Processing test sample 250/322 (before training)
Processing test sample 251/322 (before training)
Processing test sample 252/322 (before training)
Processing test sample 253/322 (before training)
Processing test sample 254/322 (before training)
Processing test sample 255/322 (before training)
Processing test sample 256/322 (before training)
Processing test sample 257/322 (before training)
Processing test sample 258/322 (before training)
Processing test sample 259/322 (before training)
Processing test sample 260/322 (before training)
Processing test sample 261/322 (before training)
Processing test sample 262/322 (before training)
Processing test sample 263/322 (before training)
Processing test sample 264/322 (before training)
Processing test sample 265/322 (before training)
Processing test sample 266/322 (before training)
Processing test sample 267/322 (before training)
Processing test sample 268/322 (before training)
Processing test sample 269/322 (before training)
Processing test sample 270/322 (before training)
Processing test sample 271/322 (before training)
Processing test sample 272/322 (before training)
Processing test sample 273/322 (before training)
Processing test sample 274/322 (before training)
Processing test sample 275/322 (before training)
Processing test sample 276/322 (before training)
Processing test sample 277/322 (before training)
Processing test sample 278/322 (before training)
Processing test sample 279/322 (before training)
Processing test sample 280/322 (before training)
Processing test sample 281/322 (before training)
Processing test sample 282/322 (before training)
Processing test sample 283/322 (before training)
Processing test sample 284/322 (before training)
Processing test sample 285/322 (before training)
Processing test sample 286/322 (before training)
Processing test sample 287/322 (before training)
Processing test sample 288/322 (before training)
Processing test sample 289/322 (before training)
Processing test sample 290/322 (before training)
Processing test sample 291/322 (before training)
Processing test sample 292/322 (before training)
Processing test sample 293/322 (before training)
Processing test sample 294/322 (before training)
Processing test sample 295/322 (before training)
Processing test sample 296/322 (before training)
Processing test sample 297/322 (before training)
Processing test sample 298/322 (before training)
Processing test sample 299/322 (before training)
Processing test sample 300/322 (before training)
Processing test sample 301/322 (before training)
Processing test sample 302/322 (before training)
Processing test sample 303/322 (before training)
Processing test sample 304/322 (before training)
Processing test sample 305/322 (before training)
Processing test sample 306/322 (before training)
Processing test sample 307/322 (before training)
Processing test sample 308/322 (before training)
Processing test sample 309/322 (before training)
Processing test sample 310/322 (before training)
Processing test sample 311/322 (before training)
Processing test sample 312/322 (before training)
Processing test sample 313/322 (before training)
Processing test sample 314/322 (before training)
Processing test sample 315/322 (before training)
Processing test sample 316/322 (before training)
Processing test sample 317/322 (before training)
Processing test sample 318/322 (before training)
Processing test sample 319/322 (before training)
Processing test sample 320/322 (before training)
Processing test sample 321/322 (before training)
Processing test sample 322/322 (before training)
Training model...
  0%|          | 0/3 [00:00<?, ?it/s] 33%|███▎      | 1/3 [00:00<00:00,  5.83it/s]100%|██████████| 3/3 [00:00<00:00, 11.13it/s]                                             {'train_runtime': 0.2961, 'train_samples_per_second': 111.457, 'train_steps_per_second': 10.132, 'train_loss': 2.7401529947916665, 'epoch': 3.0}
100%|██████████| 3/3 [00:00<00:00, 11.13it/s]100%|██████████| 3/3 [00:00<00:00, 10.17it/s]
Calculating uncertainties for 322 test samples after training (counterfactual mode: identity)...
Processing test sample 1/322 (after training)
Processing test sample 2/322 (after training)
Processing test sample 3/322 (after training)
Processing test sample 4/322 (after training)
Processing test sample 5/322 (after training)
Processing test sample 6/322 (after training)
Processing test sample 7/322 (after training)
Processing test sample 8/322 (after training)
Processing test sample 9/322 (after training)
Processing test sample 10/322 (after training)
Processing test sample 11/322 (after training)
Processing test sample 12/322 (after training)
Processing test sample 13/322 (after training)
Processing test sample 14/322 (after training)
Processing test sample 15/322 (after training)
Processing test sample 16/322 (after training)
Processing test sample 17/322 (after training)
Processing test sample 18/322 (after training)
Processing test sample 19/322 (after training)
Processing test sample 20/322 (after training)
Processing test sample 21/322 (after training)
Processing test sample 22/322 (after training)
Processing test sample 23/322 (after training)
Processing test sample 24/322 (after training)
Processing test sample 25/322 (after training)
Processing test sample 26/322 (after training)
Processing test sample 27/322 (after training)
Processing test sample 28/322 (after training)
Processing test sample 29/322 (after training)
Processing test sample 30/322 (after training)
Processing test sample 31/322 (after training)
Processing test sample 32/322 (after training)
Processing test sample 33/322 (after training)
Processing test sample 34/322 (after training)
Processing test sample 35/322 (after training)
Processing test sample 36/322 (after training)
Processing test sample 37/322 (after training)
Processing test sample 38/322 (after training)
Processing test sample 39/322 (after training)
Processing test sample 40/322 (after training)
Processing test sample 41/322 (after training)
Processing test sample 42/322 (after training)
Processing test sample 43/322 (after training)
Processing test sample 44/322 (after training)
Processing test sample 45/322 (after training)
Processing test sample 46/322 (after training)
Processing test sample 47/322 (after training)
Processing test sample 48/322 (after training)
Processing test sample 49/322 (after training)
Processing test sample 50/322 (after training)
Processing test sample 51/322 (after training)
Processing test sample 52/322 (after training)
Processing test sample 53/322 (after training)
Processing test sample 54/322 (after training)
Processing test sample 55/322 (after training)
Processing test sample 56/322 (after training)
Processing test sample 57/322 (after training)
Processing test sample 58/322 (after training)
Processing test sample 59/322 (after training)
Processing test sample 60/322 (after training)
Processing test sample 61/322 (after training)
Processing test sample 62/322 (after training)
Processing test sample 63/322 (after training)
Processing test sample 64/322 (after training)
Processing test sample 65/322 (after training)
Processing test sample 66/322 (after training)
Processing test sample 67/322 (after training)
Processing test sample 68/322 (after training)
Processing test sample 69/322 (after training)
Processing test sample 70/322 (after training)
Processing test sample 71/322 (after training)
Processing test sample 72/322 (after training)
Processing test sample 73/322 (after training)
Processing test sample 74/322 (after training)
Processing test sample 75/322 (after training)
Processing test sample 76/322 (after training)
Processing test sample 77/322 (after training)
Processing test sample 78/322 (after training)
Processing test sample 79/322 (after training)
Processing test sample 80/322 (after training)
Processing test sample 81/322 (after training)
Processing test sample 82/322 (after training)
Processing test sample 83/322 (after training)
Processing test sample 84/322 (after training)
Processing test sample 85/322 (after training)
Processing test sample 86/322 (after training)
Processing test sample 87/322 (after training)
Processing test sample 88/322 (after training)
Processing test sample 89/322 (after training)
Processing test sample 90/322 (after training)
Processing test sample 91/322 (after training)
Processing test sample 92/322 (after training)
Processing test sample 93/322 (after training)
Processing test sample 94/322 (after training)
Processing test sample 95/322 (after training)
Processing test sample 96/322 (after training)
Processing test sample 97/322 (after training)
Processing test sample 98/322 (after training)
Processing test sample 99/322 (after training)
Processing test sample 100/322 (after training)
Processing test sample 101/322 (after training)
Processing test sample 102/322 (after training)
Processing test sample 103/322 (after training)
Processing test sample 104/322 (after training)
Processing test sample 105/322 (after training)
Processing test sample 106/322 (after training)
Processing test sample 107/322 (after training)
Processing test sample 108/322 (after training)
Processing test sample 109/322 (after training)
Processing test sample 110/322 (after training)
Processing test sample 111/322 (after training)
Processing test sample 112/322 (after training)
Processing test sample 113/322 (after training)
Processing test sample 114/322 (after training)
Processing test sample 115/322 (after training)
Processing test sample 116/322 (after training)
Processing test sample 117/322 (after training)
Processing test sample 118/322 (after training)
Processing test sample 119/322 (after training)
Processing test sample 120/322 (after training)
Processing test sample 121/322 (after training)
Processing test sample 122/322 (after training)
Processing test sample 123/322 (after training)
Processing test sample 124/322 (after training)
Processing test sample 125/322 (after training)
Processing test sample 126/322 (after training)
Processing test sample 127/322 (after training)
Processing test sample 128/322 (after training)
Processing test sample 129/322 (after training)
Processing test sample 130/322 (after training)
Processing test sample 131/322 (after training)
Processing test sample 132/322 (after training)
Processing test sample 133/322 (after training)
Processing test sample 134/322 (after training)
Processing test sample 135/322 (after training)
Processing test sample 136/322 (after training)
Processing test sample 137/322 (after training)
Processing test sample 138/322 (after training)
Processing test sample 139/322 (after training)
Processing test sample 140/322 (after training)
Processing test sample 141/322 (after training)
Processing test sample 142/322 (after training)
Processing test sample 143/322 (after training)
Processing test sample 144/322 (after training)
Processing test sample 145/322 (after training)
Processing test sample 146/322 (after training)
Processing test sample 147/322 (after training)
Processing test sample 148/322 (after training)
Processing test sample 149/322 (after training)
Processing test sample 150/322 (after training)
Processing test sample 151/322 (after training)
Processing test sample 152/322 (after training)
Processing test sample 153/322 (after training)
