slurmstepd-ehrwaldit: error: Unable to create TMPDIR [/tmp/user/24470]: Permission denied
slurmstepd-ehrwaldit: error: Setting TMPDIR to /tmp
You have loaded an AWQ model on CPU and have a CUDA device available, make sure to set your model on a GPU device in order to run your model.
`low_cpu_mem_usage` was None, now default to True since model is quantized.
huggingface/tokenizers: The current process just got forked, after parallelism has already been used. Disabling parallelism to avoid deadlocks...
To disable this warning, you can either:
	- Avoid using `tokenizers` before the fork if possible
	- Explicitly set the environment variable TOKENIZERS_PARALLELISM=(true | false)
huggingface/tokenizers: The current process just got forked, after parallelism has already been used. Disabling parallelism to avoid deadlocks...
To disable this warning, you can either:
	- Avoid using `tokenizers` before the fork if possible
	- Explicitly set the environment variable TOKENIZERS_PARALLELISM=(true | false)
[main 3568354] QA script run
 Committer: Nils Cornelius Gruenefeld <gruenefeld@ehrwaldit.cip.ifi.lmu.de>
Your name and email address were configured automatically based
on your username and hostname. Please check that they are accurate.
You can suppress this message by setting them explicitly. Run the
following command and follow the instructions in your editor to edit
your configuration file:

    git config --global --edit

After doing this, you may fix the identity used for this commit with:

    git commit --amend --reset-author

 3 files changed, 69 insertions(+)
 create mode 100644 data/results.csv
 create mode 100644 slurm-outputs/slurm.717708.ehrwaldit.out
To github.com:ngruenefeld/gradient-uncertainty.git
   cff1abe..3568354  main -> main
