slurmstepd-abakus11: error: Unable to create TMPDIR [/tmp/user/24470]: Permission denied
slurmstepd-abakus11: error: Setting TMPDIR to /tmp
Running job with commit: af8d84c688d79bbce3740ea55f8635e1e2d5693f
Running command: python -um scripts.bert "719333" --key_mode "keyfile" --sample_size "0" --test_sample_size "0" --dataset "scienceqa-legalqa"
Job number: 719333
Key mode: keyfile
Sample size: 0
Normalize: False
Counterfactual: identity
Dataset: scienceqa-legalqa
Model: bert
Traceback (most recent call last):
  File "/usr/lib/python3.8/runpy.py", line 194, in _run_module_as_main
    return _run_code(code, main_globals, None,
  File "/usr/lib/python3.8/runpy.py", line 87, in _run_code
    exec(code, run_globals)
  File "/home/g/gruenefeld/Documents/GitHub/gradient-uncertainty/scripts/bert.py", line 335, in <module>
    main(args)
  File "/home/g/gruenefeld/Documents/GitHub/gradient-uncertainty/scripts/bert.py", line 125, in main
    train_dataset, test_dataset = load_bert_datasets(choice=dataset_choice)
  File "/home/g/gruenefeld/Documents/GitHub/gradient-uncertainty/utils/utils.py", line 308, in load_bert_datasets
    legalqa_data = load_bert_dataset_dicts("legalqa")
  File "/home/g/gruenefeld/Documents/GitHub/gradient-uncertainty/utils/utils.py", line 257, in load_bert_dataset_dicts
    "text": dataset["text"],
  File "/home/g/gruenefeld/Documents/GitHub/gradient-uncertainty/env/lib/python3.8/site-packages/datasets/dataset_dict.py", line 72, in __getitem__
    return super().__getitem__(k)
KeyError: 'text'
