slurmstepd-abakus22: error: Unable to create TMPDIR [/tmp/user/24470]: Permission denied
slurmstepd-abakus22: error: Setting TMPDIR to /tmp
Running job with commit: 382f9b382922638f82766e11fe3bec4a5e3c237d
Running command: python -um scripts.bert "5964" --key_mode "keyfile" --sample_size "0" --test_sample_size "0" --counterfactual "synonym" --dataset "finefineweb" --epochs "10"
[nltk_data] Downloading package stopwords to
[nltk_data]     /home/g/gruenefeld/nltk_data...
[nltk_data]   Package stopwords is already up-to-date!
[nltk_data] Downloading package wordnet to
[nltk_data]     /home/g/gruenefeld/nltk_data...
[nltk_data]   Package wordnet is already up-to-date!
Job number: 5964
Key mode: keyfile
Sample size: 0
Normalize: False
Counterfactual: synonym
Dataset: finefineweb
Model: bert
Replacement probability: 1.0
Epochs: 10
Traceback (most recent call last):
  File "<frozen runpy>", line 198, in _run_module_as_main
  File "<frozen runpy>", line 88, in _run_code
  File "/home/g/gruenefeld/Documents/GitHub/gradient-uncertainty/scripts/bert.py", line 377, in <module>
    main(args)
  File "/home/g/gruenefeld/Documents/GitHub/gradient-uncertainty/scripts/bert.py", line 146, in main
    train_dataset, test_dataset = load_bert_datasets(choice=dataset_choice)
                                  ^^^^^^^^^^^^^^^^^^^^^^^^^^^^^^^^^^^^^^^^^
  File "/home/g/gruenefeld/Documents/GitHub/gradient-uncertainty/utils/utils.py", line 478, in load_bert_datasets
    train_data, test_data = load_bert_dataset_dicts("finefineweb")
                            ^^^^^^^^^^^^^^^^^^^^^^^^^^^^^^^^^^^^^^
  File "/home/g/gruenefeld/Documents/GitHub/gradient-uncertainty/utils/utils.py", line 304, in load_bert_dataset_dicts
    val_dataset = load_dataset(
                  ^^^^^^^^^^^^^
  File "/home/g/gruenefeld/Documents/GitHub/gradient-uncertainty/env/lib/python3.12/site-packages/datasets/load.py", line 2062, in load_dataset
    builder_instance = load_dataset_builder(
                       ^^^^^^^^^^^^^^^^^^^^^
  File "/home/g/gruenefeld/Documents/GitHub/gradient-uncertainty/env/lib/python3.12/site-packages/datasets/load.py", line 1782, in load_dataset_builder
    dataset_module = dataset_module_factory(
                     ^^^^^^^^^^^^^^^^^^^^^^^
  File "/home/g/gruenefeld/Documents/GitHub/gradient-uncertainty/env/lib/python3.12/site-packages/datasets/load.py", line 1664, in dataset_module_factory
    raise e1 from None
  File "/home/g/gruenefeld/Documents/GitHub/gradient-uncertainty/env/lib/python3.12/site-packages/datasets/load.py", line 1629, in dataset_module_factory
    ).get_module()
      ^^^^^^^^^^^^
  File "/home/g/gruenefeld/Documents/GitHub/gradient-uncertainty/env/lib/python3.12/site-packages/datasets/load.py", line 978, in get_module
    standalone_yaml_path = cached_path(
                           ^^^^^^^^^^^^
  File "/home/g/gruenefeld/Documents/GitHub/gradient-uncertainty/env/lib/python3.12/site-packages/datasets/utils/file_utils.py", line 181, in cached_path
    ).resolve_path(url_or_filename)
      ^^^^^^^^^^^^^^^^^^^^^^^^^^^^^
  File "/home/g/gruenefeld/Documents/GitHub/gradient-uncertainty/env/lib/python3.12/site-packages/huggingface_hub/hf_file_system.py", line 198, in resolve_path
    repo_and_revision_exist, err = self._repo_and_revision_exist(repo_type, repo_id, revision)
                                   ^^^^^^^^^^^^^^^^^^^^^^^^^^^^^^^^^^^^^^^^^^^^^^^^^^^^^^^^^^^
  File "/home/g/gruenefeld/Documents/GitHub/gradient-uncertainty/env/lib/python3.12/site-packages/huggingface_hub/hf_file_system.py", line 125, in _repo_and_revision_exist
    self._api.repo_info(
  File "/home/g/gruenefeld/Documents/GitHub/gradient-uncertainty/env/lib/python3.12/site-packages/huggingface_hub/utils/_validators.py", line 114, in _inner_fn
    return fn(*args, **kwargs)
           ^^^^^^^^^^^^^^^^^^^
  File "/home/g/gruenefeld/Documents/GitHub/gradient-uncertainty/env/lib/python3.12/site-packages/huggingface_hub/hf_api.py", line 2807, in repo_info
    return method(
           ^^^^^^^
  File "/home/g/gruenefeld/Documents/GitHub/gradient-uncertainty/env/lib/python3.12/site-packages/huggingface_hub/utils/_validators.py", line 114, in _inner_fn
    return fn(*args, **kwargs)
           ^^^^^^^^^^^^^^^^^^^
  File "/home/g/gruenefeld/Documents/GitHub/gradient-uncertainty/env/lib/python3.12/site-packages/huggingface_hub/hf_api.py", line 2665, in dataset_info
    hf_raise_for_status(r)
  File "/home/g/gruenefeld/Documents/GitHub/gradient-uncertainty/env/lib/python3.12/site-packages/huggingface_hub/utils/_http.py", line 482, in hf_raise_for_status
    raise _format(HfHubHTTPError, str(e), response) from e
huggingface_hub.errors.HfHubHTTPError: 429 Client Error: Too Many Requests for url: https://huggingface.co/api/datasets/m-a-p/FineFineWeb-validation/revision/81d5073ae6d2ea0694918f785aae5b5105733da1
fatal: Unable to create '/home/g/gruenefeld/Documents/GitHub/gradient-uncertainty/.git/index.lock': File exists.

Another git process seems to be running in this repository, e.g.
an editor opened by 'git commit'. Please make sure all processes
are terminated then try again. If it still fails, a git process
may have crashed in this repository earlier:
remove the file manually to continue.
fatal: Unable to create '/home/g/gruenefeld/Documents/GitHub/gradient-uncertainty/.git/index.lock': File exists.

Another git process seems to be running in this repository, e.g.
an editor opened by 'git commit'. Please make sure all processes
are terminated then try again. If it still fails, a git process
may have crashed in this repository earlier:
remove the file manually to continue.
To github.com:ngruenefeld/gradient-uncertainty.git
 ! [remote rejected] main -> main (cannot lock ref 'refs/heads/main': is at bcd1e0e3f4d84a0712a4457c33a2f83eb192908d but expected 382f9b382922638f82766e11fe3bec4a5e3c237d)
error: failed to push some refs to 'github.com:ngruenefeld/gradient-uncertainty.git'
