slurmstepd-biolithe: error: Unable to create TMPDIR [/tmp/user/24470]: Permission denied
slurmstepd-biolithe: error: Setting TMPDIR to /tmp
Running job with commit: 265e224ae4387df140c294e56b73589f39fedd87
Running command: python -um scripts.bert "5919" --key_mode "keyfile" --sample_size "0" --test_sample_size "0" --counterfactual "random" --epochs "10"
[nltk_data] Downloading package stopwords to
[nltk_data]     /home/g/gruenefeld/nltk_data...
[nltk_data]   Package stopwords is already up-to-date!
[nltk_data] Downloading package wordnet to
[nltk_data]     /home/g/gruenefeld/nltk_data...
[nltk_data]   Package wordnet is already up-to-date!
Job number: 5919
Key mode: keyfile
Sample size: 0
Normalize: False
Counterfactual: random
Dataset: ag_news
Model: bert
Replacement probability: 1.0
Epochs: 10
Using full train dataset with 30000 samples.
Using full test dataset with 7600 samples.
Loading model: bert-base-uncased
BertForMaskedLM has generative capabilities, as `prepare_inputs_for_generation` is explicitly overwritten. However, it doesn't directly inherit from `GenerationMixin`. From 👉v4.50👈 onwards, `PreTrainedModel` will NOT inherit from `GenerationMixin`, and this model will lose the ability to call `generate` and other related functions.
  - If you're using `trust_remote_code=True`, you can get rid of this warning by loading the model with an auto class. See https://huggingface.co/docs/transformers/en/model_doc/auto#auto-classes
  - If you are the owner of the model architecture code, please modify your model class such that it inherits from `GenerationMixin` (after `PreTrainedModel`, otherwise you'll get an exception).
  - If you are not the owner of the model architecture class, please contact the model code owner to update it.
Some weights of the model checkpoint at bert-base-uncased were not used when initializing BertForMaskedLM: ['bert.pooler.dense.bias', 'bert.pooler.dense.weight', 'cls.seq_relationship.bias', 'cls.seq_relationship.weight']
- This IS expected if you are initializing BertForMaskedLM from the checkpoint of a model trained on another task or with another architecture (e.g. initializing a BertForSequenceClassification model from a BertForPreTraining model).
- This IS NOT expected if you are initializing BertForMaskedLM from the checkpoint of a model that you expect to be exactly identical (initializing a BertForSequenceClassification model from a BertForSequenceClassification model).
Using device: cuda
Map:   0%|          | 0/30000 [00:00<?, ? examples/s]Map:   7%|▋         | 2000/30000 [00:00<00:01, 14405.50 examples/s]Map:  13%|█▎        | 4000/30000 [00:00<00:01, 14713.56 examples/s]Map:  20%|██        | 6000/30000 [00:00<00:01, 14747.18 examples/s]Map:  27%|██▋       | 8000/30000 [00:00<00:01, 14857.06 examples/s]Map:  33%|███▎      | 10000/30000 [00:00<00:01, 14833.92 examples/s]Map:  40%|████      | 12000/30000 [00:00<00:01, 14943.79 examples/s]Map:  47%|████▋     | 14000/30000 [00:01<00:01, 11830.57 examples/s]Map:  53%|█████▎    | 16000/30000 [00:01<00:01, 12616.84 examples/s]Map:  60%|██████    | 18000/30000 [00:01<00:00, 13261.02 examples/s]Map:  67%|██████▋   | 20000/30000 [00:01<00:00, 13484.11 examples/s]Map:  73%|███████▎  | 22000/30000 [00:01<00:00, 13906.46 examples/s]Map:  80%|████████  | 24000/30000 [00:01<00:00, 14223.20 examples/s]Map:  87%|████████▋ | 26000/30000 [00:01<00:00, 14418.81 examples/s]Map:  93%|█████████▎| 28000/30000 [00:01<00:00, 14578.99 examples/s]Map: 100%|██████████| 30000/30000 [00:02<00:00, 11813.83 examples/s]Map: 100%|██████████| 30000/30000 [00:02<00:00, 13374.26 examples/s]
/home/g/gruenefeld/Documents/GitHub/gradient-uncertainty/scripts/bert.py:236: FutureWarning: `tokenizer` is deprecated and will be removed in version 5.0.0 for `Trainer.__init__`. Use `processing_class` instead.
  trainer = Trainer(
Calculating uncertainties for 7600 test samples before training (counterfactual mode: random)...
Processing test sample 1/7600 (before training)
Processing test sample 2/7600 (before training)
Processing test sample 3/7600 (before training)
Processing test sample 4/7600 (before training)
Processing test sample 5/7600 (before training)
Processing test sample 6/7600 (before training)
Processing test sample 7/7600 (before training)
Processing test sample 8/7600 (before training)
Processing test sample 9/7600 (before training)
Processing test sample 10/7600 (before training)
Processing test sample 11/7600 (before training)
Processing test sample 12/7600 (before training)
Processing test sample 13/7600 (before training)
Processing test sample 14/7600 (before training)
Processing test sample 15/7600 (before training)
Processing test sample 16/7600 (before training)
Processing test sample 17/7600 (before training)
Processing test sample 18/7600 (before training)
Processing test sample 19/7600 (before training)
Processing test sample 20/7600 (before training)
Processing test sample 21/7600 (before training)
Processing test sample 22/7600 (before training)
Processing test sample 23/7600 (before training)
Processing test sample 24/7600 (before training)
Processing test sample 25/7600 (before training)
Processing test sample 26/7600 (before training)
Processing test sample 27/7600 (before training)
Processing test sample 28/7600 (before training)
Processing test sample 29/7600 (before training)
Processing test sample 30/7600 (before training)
Processing test sample 31/7600 (before training)
Processing test sample 32/7600 (before training)
Processing test sample 33/7600 (before training)
Processing test sample 34/7600 (before training)
Processing test sample 35/7600 (before training)
Processing test sample 36/7600 (before training)
Processing test sample 37/7600 (before training)
Processing test sample 38/7600 (before training)
Processing test sample 39/7600 (before training)
Processing test sample 40/7600 (before training)
Processing test sample 41/7600 (before training)
Processing test sample 42/7600 (before training)
Processing test sample 43/7600 (before training)
Processing test sample 44/7600 (before training)
Processing test sample 45/7600 (before training)
Processing test sample 46/7600 (before training)
Processing test sample 47/7600 (before training)
Processing test sample 48/7600 (before training)
Processing test sample 49/7600 (before training)
Processing test sample 50/7600 (before training)
Processing test sample 51/7600 (before training)
Processing test sample 52/7600 (before training)
Processing test sample 53/7600 (before training)
Processing test sample 54/7600 (before training)
Processing test sample 55/7600 (before training)
Processing test sample 56/7600 (before training)
Processing test sample 57/7600 (before training)
Processing test sample 58/7600 (before training)
Processing test sample 59/7600 (before training)
Processing test sample 60/7600 (before training)
Processing test sample 61/7600 (before training)
Processing test sample 62/7600 (before training)
Processing test sample 63/7600 (before training)
Processing test sample 64/7600 (before training)
Processing test sample 65/7600 (before training)
Processing test sample 66/7600 (before training)
Processing test sample 67/7600 (before training)
Processing test sample 68/7600 (before training)
Processing test sample 69/7600 (before training)
Processing test sample 70/7600 (before training)
Processing test sample 71/7600 (before training)
Processing test sample 72/7600 (before training)
Processing test sample 73/7600 (before training)
Processing test sample 74/7600 (before training)
Processing test sample 75/7600 (before training)
Processing test sample 76/7600 (before training)
Processing test sample 77/7600 (before training)
Processing test sample 78/7600 (before training)
Processing test sample 79/7600 (before training)
Processing test sample 80/7600 (before training)
Processing test sample 81/7600 (before training)
Processing test sample 82/7600 (before training)
Processing test sample 83/7600 (before training)
Processing test sample 84/7600 (before training)
Processing test sample 85/7600 (before training)
Processing test sample 86/7600 (before training)
Processing test sample 87/7600 (before training)
Processing test sample 88/7600 (before training)
Processing test sample 89/7600 (before training)
Processing test sample 90/7600 (before training)
Processing test sample 91/7600 (before training)
Processing test sample 92/7600 (before training)
Processing test sample 93/7600 (before training)
Processing test sample 94/7600 (before training)
Processing test sample 95/7600 (before training)
Processing test sample 96/7600 (before training)
Processing test sample 97/7600 (before training)
Processing test sample 98/7600 (before training)
Processing test sample 99/7600 (before training)
Processing test sample 100/7600 (before training)
Processing test sample 101/7600 (before training)
Processing test sample 102/7600 (before training)
Processing test sample 103/7600 (before training)
Processing test sample 104/7600 (before training)
Processing test sample 105/7600 (before training)
Processing test sample 106/7600 (before training)
Processing test sample 107/7600 (before training)
Processing test sample 108/7600 (before training)
Processing test sample 109/7600 (before training)
Processing test sample 110/7600 (before training)
Processing test sample 111/7600 (before training)
Processing test sample 112/7600 (before training)
Processing test sample 113/7600 (before training)
Processing test sample 114/7600 (before training)
Processing test sample 115/7600 (before training)
Processing test sample 116/7600 (before training)
Processing test sample 117/7600 (before training)
Processing test sample 118/7600 (before training)
Processing test sample 119/7600 (before training)
Processing test sample 120/7600 (before training)
Processing test sample 121/7600 (before training)
Processing test sample 122/7600 (before training)
Processing test sample 123/7600 (before training)
Processing test sample 124/7600 (before training)
Processing test sample 125/7600 (before training)
Processing test sample 126/7600 (before training)
Processing test sample 127/7600 (before training)
Processing test sample 128/7600 (before training)
Processing test sample 129/7600 (before training)
Processing test sample 130/7600 (before training)
Processing test sample 131/7600 (before training)
Processing test sample 132/7600 (before training)
Processing test sample 133/7600 (before training)
Processing test sample 134/7600 (before training)
Processing test sample 135/7600 (before training)
Processing test sample 136/7600 (before training)
Processing test sample 137/7600 (before training)
Processing test sample 138/7600 (before training)
Processing test sample 139/7600 (before training)
Processing test sample 140/7600 (before training)
Processing test sample 141/7600 (before training)
Processing test sample 142/7600 (before training)
Processing test sample 143/7600 (before training)
Processing test sample 144/7600 (before training)
Processing test sample 145/7600 (before training)
Processing test sample 146/7600 (before training)
Processing test sample 147/7600 (before training)
Processing test sample 148/7600 (before training)
Processing test sample 149/7600 (before training)
Processing test sample 150/7600 (before training)
Processing test sample 151/7600 (before training)
Processing test sample 152/7600 (before training)
Processing test sample 153/7600 (before training)
Processing test sample 154/7600 (before training)
Processing test sample 155/7600 (before training)
Processing test sample 156/7600 (before training)
Processing test sample 157/7600 (before training)
Processing test sample 158/7600 (before training)
Processing test sample 159/7600 (before training)
Processing test sample 160/7600 (before training)
Processing test sample 161/7600 (before training)
Processing test sample 162/7600 (before training)
Processing test sample 163/7600 (before training)
Processing test sample 164/7600 (before training)
Processing test sample 165/7600 (before training)
Processing test sample 166/7600 (before training)
Processing test sample 167/7600 (before training)
Processing test sample 168/7600 (before training)
Processing test sample 169/7600 (before training)
Processing test sample 170/7600 (before training)
Processing test sample 171/7600 (before training)
Processing test sample 172/7600 (before training)
Processing test sample 173/7600 (before training)
Processing test sample 174/7600 (before training)
Processing test sample 175/7600 (before training)
Processing test sample 176/7600 (before training)
Processing test sample 177/7600 (before training)
Processing test sample 178/7600 (before training)
Processing test sample 179/7600 (before training)
Processing test sample 180/7600 (before training)
Processing test sample 181/7600 (before training)
Processing test sample 182/7600 (before training)
Processing test sample 183/7600 (before training)
Processing test sample 184/7600 (before training)
Processing test sample 185/7600 (before training)
Processing test sample 186/7600 (before training)
Processing test sample 187/7600 (before training)
Processing test sample 188/7600 (before training)
Processing test sample 189/7600 (before training)
Processing test sample 190/7600 (before training)
Processing test sample 191/7600 (before training)
Processing test sample 192/7600 (before training)
Processing test sample 193/7600 (before training)
Processing test sample 194/7600 (before training)
Processing test sample 195/7600 (before training)
Processing test sample 196/7600 (before training)
Processing test sample 197/7600 (before training)
Processing test sample 198/7600 (before training)
Processing test sample 199/7600 (before training)
Processing test sample 200/7600 (before training)
Processing test sample 201/7600 (before training)
Processing test sample 202/7600 (before training)
Processing test sample 203/7600 (before training)
Processing test sample 204/7600 (before training)
Processing test sample 205/7600 (before training)
Processing test sample 206/7600 (before training)
Processing test sample 207/7600 (before training)
Processing test sample 208/7600 (before training)
Processing test sample 209/7600 (before training)
Processing test sample 210/7600 (before training)
Processing test sample 211/7600 (before training)
Processing test sample 212/7600 (before training)
Processing test sample 213/7600 (before training)
Processing test sample 214/7600 (before training)
Processing test sample 215/7600 (before training)
Processing test sample 216/7600 (before training)
Processing test sample 217/7600 (before training)
Processing test sample 218/7600 (before training)
Processing test sample 219/7600 (before training)
Processing test sample 220/7600 (before training)
Processing test sample 221/7600 (before training)
Processing test sample 222/7600 (before training)
Processing test sample 223/7600 (before training)
Processing test sample 224/7600 (before training)
Processing test sample 225/7600 (before training)
Processing test sample 226/7600 (before training)
Processing test sample 227/7600 (before training)
Processing test sample 228/7600 (before training)
Processing test sample 229/7600 (before training)
Processing test sample 230/7600 (before training)
Processing test sample 231/7600 (before training)
Processing test sample 232/7600 (before training)
Processing test sample 233/7600 (before training)
Processing test sample 234/7600 (before training)
Processing test sample 235/7600 (before training)
Processing test sample 236/7600 (before training)
Processing test sample 237/7600 (before training)
Processing test sample 238/7600 (before training)
Processing test sample 239/7600 (before training)
Processing test sample 240/7600 (before training)
Processing test sample 241/7600 (before training)
Processing test sample 242/7600 (before training)
Processing test sample 243/7600 (before training)
Processing test sample 244/7600 (before training)
Processing test sample 245/7600 (before training)
Processing test sample 246/7600 (before training)
Processing test sample 247/7600 (before training)
Processing test sample 248/7600 (before training)
Processing test sample 249/7600 (before training)
Processing test sample 250/7600 (before training)
Processing test sample 251/7600 (before training)
Processing test sample 252/7600 (before training)
Processing test sample 253/7600 (before training)
Processing test sample 254/7600 (before training)
Processing test sample 255/7600 (before training)
Processing test sample 256/7600 (before training)
Processing test sample 257/7600 (before training)
Processing test sample 258/7600 (before training)
Processing test sample 259/7600 (before training)
Processing test sample 260/7600 (before training)
Processing test sample 261/7600 (before training)
Processing test sample 262/7600 (before training)
Processing test sample 263/7600 (before training)
Processing test sample 264/7600 (before training)
Processing test sample 265/7600 (before training)
Processing test sample 266/7600 (before training)
Processing test sample 267/7600 (before training)
Processing test sample 268/7600 (before training)
Processing test sample 269/7600 (before training)
Processing test sample 270/7600 (before training)
Processing test sample 271/7600 (before training)
Processing test sample 272/7600 (before training)
Processing test sample 273/7600 (before training)
Processing test sample 274/7600 (before training)
Processing test sample 275/7600 (before training)
Processing test sample 276/7600 (before training)
Processing test sample 277/7600 (before training)
Processing test sample 278/7600 (before training)
Processing test sample 279/7600 (before training)
Processing test sample 280/7600 (before training)
Processing test sample 281/7600 (before training)
Processing test sample 282/7600 (before training)
Processing test sample 283/7600 (before training)
Processing test sample 284/7600 (before training)
Processing test sample 285/7600 (before training)
Processing test sample 286/7600 (before training)
Processing test sample 287/7600 (before training)
Processing test sample 288/7600 (before training)
Processing test sample 289/7600 (before training)
Processing test sample 290/7600 (before training)
Processing test sample 291/7600 (before training)
Processing test sample 292/7600 (before training)
Processing test sample 293/7600 (before training)
Processing test sample 294/7600 (before training)
Processing test sample 295/7600 (before training)
Processing test sample 296/7600 (before training)
Processing test sample 297/7600 (before training)
Processing test sample 298/7600 (before training)
Processing test sample 299/7600 (before training)
Processing test sample 300/7600 (before training)
Processing test sample 301/7600 (before training)
Processing test sample 302/7600 (before training)
Processing test sample 303/7600 (before training)
Processing test sample 304/7600 (before training)
Processing test sample 305/7600 (before training)
Processing test sample 306/7600 (before training)
Processing test sample 307/7600 (before training)
Processing test sample 308/7600 (before training)
Processing test sample 309/7600 (before training)
Processing test sample 310/7600 (before training)
Processing test sample 311/7600 (before training)
Processing test sample 312/7600 (before training)
Processing test sample 313/7600 (before training)
Processing test sample 314/7600 (before training)
Processing test sample 315/7600 (before training)
Processing test sample 316/7600 (before training)
Processing test sample 317/7600 (before training)
Processing test sample 318/7600 (before training)
Processing test sample 319/7600 (before training)
Processing test sample 320/7600 (before training)
Processing test sample 321/7600 (before training)
Processing test sample 322/7600 (before training)
Processing test sample 323/7600 (before training)
Processing test sample 324/7600 (before training)
Processing test sample 325/7600 (before training)
Processing test sample 326/7600 (before training)
Processing test sample 327/7600 (before training)
Processing test sample 328/7600 (before training)
Processing test sample 329/7600 (before training)
Processing test sample 330/7600 (before training)
Processing test sample 331/7600 (before training)
Processing test sample 332/7600 (before training)
Processing test sample 333/7600 (before training)
Processing test sample 334/7600 (before training)
Processing test sample 335/7600 (before training)
Processing test sample 336/7600 (before training)
Processing test sample 337/7600 (before training)
Processing test sample 338/7600 (before training)
Processing test sample 339/7600 (before training)
Processing test sample 340/7600 (before training)
Processing test sample 341/7600 (before training)
Processing test sample 342/7600 (before training)
Processing test sample 343/7600 (before training)
Processing test sample 344/7600 (before training)
Processing test sample 345/7600 (before training)
Processing test sample 346/7600 (before training)
Processing test sample 347/7600 (before training)
Processing test sample 348/7600 (before training)
Processing test sample 349/7600 (before training)
Processing test sample 350/7600 (before training)
Processing test sample 351/7600 (before training)
Processing test sample 352/7600 (before training)
Processing test sample 353/7600 (before training)
Processing test sample 354/7600 (before training)
Processing test sample 355/7600 (before training)
Processing test sample 356/7600 (before training)
Processing test sample 357/7600 (before training)
Processing test sample 358/7600 (before training)
Processing test sample 359/7600 (before training)
Processing test sample 360/7600 (before training)
Processing test sample 361/7600 (before training)
Processing test sample 362/7600 (before training)
Processing test sample 363/7600 (before training)
Processing test sample 364/7600 (before training)
Processing test sample 365/7600 (before training)
Processing test sample 366/7600 (before training)
Processing test sample 367/7600 (before training)
Processing test sample 368/7600 (before training)
Processing test sample 369/7600 (before training)
Processing test sample 370/7600 (before training)
Processing test sample 371/7600 (before training)
Processing test sample 372/7600 (before training)
Processing test sample 373/7600 (before training)
Processing test sample 374/7600 (before training)
Processing test sample 375/7600 (before training)
Processing test sample 376/7600 (before training)
Processing test sample 377/7600 (before training)
Processing test sample 378/7600 (before training)
Processing test sample 379/7600 (before training)
Processing test sample 380/7600 (before training)
Processing test sample 381/7600 (before training)
Processing test sample 382/7600 (before training)
Processing test sample 383/7600 (before training)
Processing test sample 384/7600 (before training)
Processing test sample 385/7600 (before training)
Processing test sample 386/7600 (before training)
Processing test sample 387/7600 (before training)
Processing test sample 388/7600 (before training)
Processing test sample 389/7600 (before training)
Processing test sample 390/7600 (before training)
Processing test sample 391/7600 (before training)
Processing test sample 392/7600 (before training)
Processing test sample 393/7600 (before training)
Processing test sample 394/7600 (before training)
Processing test sample 395/7600 (before training)
Processing test sample 396/7600 (before training)
Processing test sample 397/7600 (before training)
Processing test sample 398/7600 (before training)
Processing test sample 399/7600 (before training)
Processing test sample 400/7600 (before training)
Processing test sample 401/7600 (before training)
Processing test sample 402/7600 (before training)
Processing test sample 403/7600 (before training)
Processing test sample 404/7600 (before training)
Processing test sample 405/7600 (before training)
Processing test sample 406/7600 (before training)
Processing test sample 407/7600 (before training)
Processing test sample 408/7600 (before training)
Processing test sample 409/7600 (before training)
Processing test sample 410/7600 (before training)
Processing test sample 411/7600 (before training)
Processing test sample 412/7600 (before training)
Processing test sample 413/7600 (before training)
Processing test sample 414/7600 (before training)
Processing test sample 415/7600 (before training)
Processing test sample 416/7600 (before training)
Processing test sample 417/7600 (before training)
Processing test sample 418/7600 (before training)
Processing test sample 419/7600 (before training)
Processing test sample 420/7600 (before training)
Processing test sample 421/7600 (before training)
Processing test sample 422/7600 (before training)
Processing test sample 423/7600 (before training)
Processing test sample 424/7600 (before training)
Processing test sample 425/7600 (before training)
Processing test sample 426/7600 (before training)
Processing test sample 427/7600 (before training)
Processing test sample 428/7600 (before training)
Processing test sample 429/7600 (before training)
Processing test sample 430/7600 (before training)
Processing test sample 431/7600 (before training)
Processing test sample 432/7600 (before training)
Processing test sample 433/7600 (before training)
Processing test sample 434/7600 (before training)
Processing test sample 435/7600 (before training)
Processing test sample 436/7600 (before training)
Processing test sample 437/7600 (before training)
Processing test sample 438/7600 (before training)
Processing test sample 439/7600 (before training)
Processing test sample 440/7600 (before training)
Processing test sample 441/7600 (before training)
Processing test sample 442/7600 (before training)
Processing test sample 443/7600 (before training)
Processing test sample 444/7600 (before training)
Processing test sample 445/7600 (before training)
Processing test sample 446/7600 (before training)
Processing test sample 447/7600 (before training)
Processing test sample 448/7600 (before training)
Processing test sample 449/7600 (before training)
Processing test sample 450/7600 (before training)
Processing test sample 451/7600 (before training)
Processing test sample 452/7600 (before training)
Processing test sample 453/7600 (before training)
Processing test sample 454/7600 (before training)
Processing test sample 455/7600 (before training)
Processing test sample 456/7600 (before training)
Processing test sample 457/7600 (before training)
Processing test sample 458/7600 (before training)
Processing test sample 459/7600 (before training)
Processing test sample 460/7600 (before training)
Processing test sample 461/7600 (before training)
Processing test sample 462/7600 (before training)
Processing test sample 463/7600 (before training)
Processing test sample 464/7600 (before training)
Processing test sample 465/7600 (before training)
Processing test sample 466/7600 (before training)
Processing test sample 467/7600 (before training)
Processing test sample 468/7600 (before training)
Processing test sample 469/7600 (before training)
Processing test sample 470/7600 (before training)
Processing test sample 471/7600 (before training)
Processing test sample 472/7600 (before training)
Processing test sample 473/7600 (before training)
Processing test sample 474/7600 (before training)
Processing test sample 475/7600 (before training)
Processing test sample 476/7600 (before training)
Processing test sample 477/7600 (before training)
Processing test sample 478/7600 (before training)
Processing test sample 479/7600 (before training)
Processing test sample 480/7600 (before training)
Processing test sample 481/7600 (before training)
Processing test sample 482/7600 (before training)
Processing test sample 483/7600 (before training)
Processing test sample 484/7600 (before training)
Processing test sample 485/7600 (before training)
Processing test sample 486/7600 (before training)
Processing test sample 487/7600 (before training)
Processing test sample 488/7600 (before training)
Processing test sample 489/7600 (before training)
Processing test sample 490/7600 (before training)
Processing test sample 491/7600 (before training)
Processing test sample 492/7600 (before training)
Processing test sample 493/7600 (before training)
Processing test sample 494/7600 (before training)
Processing test sample 495/7600 (before training)
Processing test sample 496/7600 (before training)
Processing test sample 497/7600 (before training)
Processing test sample 498/7600 (before training)
Processing test sample 499/7600 (before training)
Processing test sample 500/7600 (before training)
Processing test sample 501/7600 (before training)
Processing test sample 502/7600 (before training)
Processing test sample 503/7600 (before training)
Processing test sample 504/7600 (before training)
Processing test sample 505/7600 (before training)
Processing test sample 506/7600 (before training)
Processing test sample 507/7600 (before training)
Processing test sample 508/7600 (before training)
Processing test sample 509/7600 (before training)
Processing test sample 510/7600 (before training)
Processing test sample 511/7600 (before training)
Processing test sample 512/7600 (before training)
Processing test sample 513/7600 (before training)
Processing test sample 514/7600 (before training)
Processing test sample 515/7600 (before training)
Processing test sample 516/7600 (before training)
Processing test sample 517/7600 (before training)
Processing test sample 518/7600 (before training)
Processing test sample 519/7600 (before training)
Processing test sample 520/7600 (before training)
Processing test sample 521/7600 (before training)
Processing test sample 522/7600 (before training)
Processing test sample 523/7600 (before training)
Processing test sample 524/7600 (before training)
Processing test sample 525/7600 (before training)
Processing test sample 526/7600 (before training)
Processing test sample 527/7600 (before training)
Processing test sample 528/7600 (before training)
Processing test sample 529/7600 (before training)
Processing test sample 530/7600 (before training)
Processing test sample 531/7600 (before training)
Processing test sample 532/7600 (before training)
Processing test sample 533/7600 (before training)
Processing test sample 534/7600 (before training)
Processing test sample 535/7600 (before training)
Processing test sample 536/7600 (before training)
Processing test sample 537/7600 (before training)
Processing test sample 538/7600 (before training)
Processing test sample 539/7600 (before training)
Processing test sample 540/7600 (before training)
Processing test sample 541/7600 (before training)
Processing test sample 542/7600 (before training)
Processing test sample 543/7600 (before training)
Processing test sample 544/7600 (before training)
Processing test sample 545/7600 (before training)
Processing test sample 546/7600 (before training)
Processing test sample 547/7600 (before training)
Processing test sample 548/7600 (before training)
Processing test sample 549/7600 (before training)
Processing test sample 550/7600 (before training)
Processing test sample 551/7600 (before training)
Processing test sample 552/7600 (before training)
Processing test sample 553/7600 (before training)
Processing test sample 554/7600 (before training)
Processing test sample 555/7600 (before training)
Processing test sample 556/7600 (before training)
Processing test sample 557/7600 (before training)
Processing test sample 558/7600 (before training)
Processing test sample 559/7600 (before training)
Processing test sample 560/7600 (before training)
Processing test sample 561/7600 (before training)
Processing test sample 562/7600 (before training)
Processing test sample 563/7600 (before training)
Processing test sample 564/7600 (before training)
Processing test sample 565/7600 (before training)
Processing test sample 566/7600 (before training)
Processing test sample 567/7600 (before training)
Processing test sample 568/7600 (before training)
Processing test sample 569/7600 (before training)
Processing test sample 570/7600 (before training)
Processing test sample 571/7600 (before training)
Processing test sample 572/7600 (before training)
Processing test sample 573/7600 (before training)
Processing test sample 574/7600 (before training)
Processing test sample 575/7600 (before training)
Processing test sample 576/7600 (before training)
Processing test sample 577/7600 (before training)
Processing test sample 578/7600 (before training)
Processing test sample 579/7600 (before training)
Processing test sample 580/7600 (before training)
Processing test sample 581/7600 (before training)
Processing test sample 582/7600 (before training)
Processing test sample 583/7600 (before training)
Processing test sample 584/7600 (before training)
Processing test sample 585/7600 (before training)
Processing test sample 586/7600 (before training)
Processing test sample 587/7600 (before training)
Processing test sample 588/7600 (before training)
Processing test sample 589/7600 (before training)
Processing test sample 590/7600 (before training)
Processing test sample 591/7600 (before training)
Processing test sample 592/7600 (before training)
Processing test sample 593/7600 (before training)
Processing test sample 594/7600 (before training)
Processing test sample 595/7600 (before training)
Processing test sample 596/7600 (before training)
Processing test sample 597/7600 (before training)
Processing test sample 598/7600 (before training)
Processing test sample 599/7600 (before training)
Processing test sample 600/7600 (before training)
Processing test sample 601/7600 (before training)
Processing test sample 602/7600 (before training)
Processing test sample 603/7600 (before training)
Processing test sample 604/7600 (before training)
Processing test sample 605/7600 (before training)
Processing test sample 606/7600 (before training)
Processing test sample 607/7600 (before training)
Processing test sample 608/7600 (before training)
Processing test sample 609/7600 (before training)
Processing test sample 610/7600 (before training)
Processing test sample 611/7600 (before training)
Processing test sample 612/7600 (before training)
Processing test sample 613/7600 (before training)
Processing test sample 614/7600 (before training)
Processing test sample 615/7600 (before training)
Processing test sample 616/7600 (before training)
Processing test sample 617/7600 (before training)
Processing test sample 618/7600 (before training)
Processing test sample 619/7600 (before training)
Processing test sample 620/7600 (before training)
Processing test sample 621/7600 (before training)
Processing test sample 622/7600 (before training)
Processing test sample 623/7600 (before training)
Processing test sample 624/7600 (before training)
Processing test sample 625/7600 (before training)
Processing test sample 626/7600 (before training)
Processing test sample 627/7600 (before training)
Processing test sample 628/7600 (before training)
Processing test sample 629/7600 (before training)
Processing test sample 630/7600 (before training)
Processing test sample 631/7600 (before training)
Processing test sample 632/7600 (before training)
Processing test sample 633/7600 (before training)
Processing test sample 634/7600 (before training)
Processing test sample 635/7600 (before training)
Processing test sample 636/7600 (before training)
Processing test sample 637/7600 (before training)
Processing test sample 638/7600 (before training)
Processing test sample 639/7600 (before training)
Processing test sample 640/7600 (before training)
