slurmstepd-andesit: error: Unable to create TMPDIR [/tmp/user/24470]: Permission denied
slurmstepd-andesit: error: Setting TMPDIR to /tmp
Unknown option: --sample_size
Unknown option: 100
Setting `pad_token_id` to `eos_token_id`:None for open-end generation.
Setting `pad_token_id` to `eos_token_id`:None for open-end generation.
Setting `pad_token_id` to `eos_token_id`:None for open-end generation.
Setting `pad_token_id` to `eos_token_id`:None for open-end generation.
Setting `pad_token_id` to `eos_token_id`:None for open-end generation.
Setting `pad_token_id` to `eos_token_id`:None for open-end generation.
Setting `pad_token_id` to `eos_token_id`:None for open-end generation.
Setting `pad_token_id` to `eos_token_id`:None for open-end generation.
Setting `pad_token_id` to `eos_token_id`:None for open-end generation.
Setting `pad_token_id` to `eos_token_id`:None for open-end generation.
Setting `pad_token_id` to `eos_token_id`:None for open-end generation.
Setting `pad_token_id` to `eos_token_id`:None for open-end generation.
Setting `pad_token_id` to `eos_token_id`:None for open-end generation.
Setting `pad_token_id` to `eos_token_id`:None for open-end generation.
Setting `pad_token_id` to `eos_token_id`:None for open-end generation.
Setting `pad_token_id` to `eos_token_id`:None for open-end generation.
Setting `pad_token_id` to `eos_token_id`:None for open-end generation.
Setting `pad_token_id` to `eos_token_id`:None for open-end generation.
Setting `pad_token_id` to `eos_token_id`:None for open-end generation.
Setting `pad_token_id` to `eos_token_id`:None for open-end generation.
Setting `pad_token_id` to `eos_token_id`:None for open-end generation.
Setting `pad_token_id` to `eos_token_id`:None for open-end generation.
Setting `pad_token_id` to `eos_token_id`:None for open-end generation.
Setting `pad_token_id` to `eos_token_id`:None for open-end generation.
Setting `pad_token_id` to `eos_token_id`:None for open-end generation.
Setting `pad_token_id` to `eos_token_id`:None for open-end generation.
Setting `pad_token_id` to `eos_token_id`:None for open-end generation.
Setting `pad_token_id` to `eos_token_id`:None for open-end generation.
Setting `pad_token_id` to `eos_token_id`:None for open-end generation.
Setting `pad_token_id` to `eos_token_id`:None for open-end generation.
Setting `pad_token_id` to `eos_token_id`:None for open-end generation.
Setting `pad_token_id` to `eos_token_id`:None for open-end generation.
Setting `pad_token_id` to `eos_token_id`:None for open-end generation.
Setting `pad_token_id` to `eos_token_id`:None for open-end generation.
Setting `pad_token_id` to `eos_token_id`:None for open-end generation.
Setting `pad_token_id` to `eos_token_id`:None for open-end generation.
Setting `pad_token_id` to `eos_token_id`:None for open-end generation.
Setting `pad_token_id` to `eos_token_id`:None for open-end generation.
Setting `pad_token_id` to `eos_token_id`:None for open-end generation.
Setting `pad_token_id` to `eos_token_id`:None for open-end generation.
Setting `pad_token_id` to `eos_token_id`:None for open-end generation.
Setting `pad_token_id` to `eos_token_id`:None for open-end generation.
Setting `pad_token_id` to `eos_token_id`:None for open-end generation.
Setting `pad_token_id` to `eos_token_id`:None for open-end generation.
Setting `pad_token_id` to `eos_token_id`:None for open-end generation.
Setting `pad_token_id` to `eos_token_id`:None for open-end generation.
Setting `pad_token_id` to `eos_token_id`:None for open-end generation.
Setting `pad_token_id` to `eos_token_id`:None for open-end generation.
Setting `pad_token_id` to `eos_token_id`:None for open-end generation.
Setting `pad_token_id` to `eos_token_id`:None for open-end generation.
Setting `pad_token_id` to `eos_token_id`:None for open-end generation.
Setting `pad_token_id` to `eos_token_id`:None for open-end generation.
Setting `pad_token_id` to `eos_token_id`:None for open-end generation.
Setting `pad_token_id` to `eos_token_id`:None for open-end generation.
Setting `pad_token_id` to `eos_token_id`:None for open-end generation.
Setting `pad_token_id` to `eos_token_id`:None for open-end generation.
Setting `pad_token_id` to `eos_token_id`:None for open-end generation.
Setting `pad_token_id` to `eos_token_id`:None for open-end generation.
Setting `pad_token_id` to `eos_token_id`:None for open-end generation.
Setting `pad_token_id` to `eos_token_id`:None for open-end generation.
Setting `pad_token_id` to `eos_token_id`:None for open-end generation.
Setting `pad_token_id` to `eos_token_id`:None for open-end generation.
Setting `pad_token_id` to `eos_token_id`:None for open-end generation.
Setting `pad_token_id` to `eos_token_id`:None for open-end generation.
Setting `pad_token_id` to `eos_token_id`:None for open-end generation.
Setting `pad_token_id` to `eos_token_id`:None for open-end generation.
Setting `pad_token_id` to `eos_token_id`:None for open-end generation.
Setting `pad_token_id` to `eos_token_id`:None for open-end generation.
Setting `pad_token_id` to `eos_token_id`:None for open-end generation.
Setting `pad_token_id` to `eos_token_id`:None for open-end generation.
Setting `pad_token_id` to `eos_token_id`:None for open-end generation.
Setting `pad_token_id` to `eos_token_id`:None for open-end generation.
Setting `pad_token_id` to `eos_token_id`:None for open-end generation.
Setting `pad_token_id` to `eos_token_id`:None for open-end generation.
Setting `pad_token_id` to `eos_token_id`:None for open-end generation.
Setting `pad_token_id` to `eos_token_id`:None for open-end generation.
Setting `pad_token_id` to `eos_token_id`:None for open-end generation.
Setting `pad_token_id` to `eos_token_id`:None for open-end generation.
Setting `pad_token_id` to `eos_token_id`:None for open-end generation.
Setting `pad_token_id` to `eos_token_id`:None for open-end generation.
Setting `pad_token_id` to `eos_token_id`:None for open-end generation.
Setting `pad_token_id` to `eos_token_id`:None for open-end generation.
Setting `pad_token_id` to `eos_token_id`:None for open-end generation.
Setting `pad_token_id` to `eos_token_id`:None for open-end generation.
Setting `pad_token_id` to `eos_token_id`:None for open-end generation.
Setting `pad_token_id` to `eos_token_id`:None for open-end generation.
Setting `pad_token_id` to `eos_token_id`:None for open-end generation.
Setting `pad_token_id` to `eos_token_id`:None for open-end generation.
Setting `pad_token_id` to `eos_token_id`:None for open-end generation.
Setting `pad_token_id` to `eos_token_id`:None for open-end generation.
Setting `pad_token_id` to `eos_token_id`:None for open-end generation.
Setting `pad_token_id` to `eos_token_id`:None for open-end generation.
Setting `pad_token_id` to `eos_token_id`:None for open-end generation.
Setting `pad_token_id` to `eos_token_id`:None for open-end generation.
Setting `pad_token_id` to `eos_token_id`:None for open-end generation.
Setting `pad_token_id` to `eos_token_id`:None for open-end generation.
Setting `pad_token_id` to `eos_token_id`:None for open-end generation.
Setting `pad_token_id` to `eos_token_id`:None for open-end generation.
Setting `pad_token_id` to `eos_token_id`:None for open-end generation.
Setting `pad_token_id` to `eos_token_id`:None for open-end generation.
Setting `pad_token_id` to `eos_token_id`:None for open-end generation.
Setting `pad_token_id` to `eos_token_id`:None for open-end generation.
Setting `pad_token_id` to `eos_token_id`:None for open-end generation.
Setting `pad_token_id` to `eos_token_id`:None for open-end generation.
Setting `pad_token_id` to `eos_token_id`:None for open-end generation.
Setting `pad_token_id` to `eos_token_id`:None for open-end generation.
Setting `pad_token_id` to `eos_token_id`:None for open-end generation.
Setting `pad_token_id` to `eos_token_id`:None for open-end generation.
Setting `pad_token_id` to `eos_token_id`:None for open-end generation.
Setting `pad_token_id` to `eos_token_id`:None for open-end generation.
