slurmstepd-foyait: error: Unable to create TMPDIR [/tmp/user/24470]: Permission denied
slurmstepd-foyait: error: Setting TMPDIR to /tmp
Requirement already satisfied: pip in ./env/lib/python3.12/site-packages (24.0)
Collecting pip
  Downloading pip-25.1-py3-none-any.whl.metadata (3.6 kB)
Collecting wheel
  Using cached wheel-0.45.1-py3-none-any.whl.metadata (2.3 kB)
Downloading pip-25.1-py3-none-any.whl (1.8 MB)
   ━━━━━━━━━━━━━━━━━━━━━━━━━━━━━━━━━━━━━━━━ 1.8/1.8 MB 63.9 kB/s eta 0:00:00
Using cached wheel-0.45.1-py3-none-any.whl (72 kB)
Installing collected packages: wheel, pip
  Attempting uninstall: pip
    Found existing installation: pip 24.0
    Uninstalling pip-24.0:
      Successfully uninstalled pip-24.0
  WARNING: Failed to remove contents in a temporary directory '/home/g/gruenefeld/Documents/GitHub/gradient-uncertainty/env/lib/python3.12/site-packages/~ip'.
  You can safely remove it manually.
WARNING: Skipping /home/g/gruenefeld/Documents/GitHub/gradient-uncertainty/env/lib/python3.12/site-packages/pip-24.0.dist-info due to invalid metadata entry 'name'
Successfully installed pip-25.1 wheel-0.45.1
Collecting torch
  Using cached torch-2.7.0-cp312-cp312-manylinux_2_28_x86_64.whl.metadata (29 kB)
Collecting filelock (from torch)
  Using cached filelock-3.18.0-py3-none-any.whl.metadata (2.9 kB)
Collecting typing-extensions>=4.10.0 (from torch)
  Using cached typing_extensions-4.13.2-py3-none-any.whl.metadata (3.0 kB)
Collecting setuptools (from torch)
  Using cached setuptools-79.0.1-py3-none-any.whl.metadata (6.5 kB)
Collecting sympy>=1.13.3 (from torch)
  Using cached sympy-1.13.3-py3-none-any.whl.metadata (12 kB)
Collecting networkx (from torch)
  Using cached networkx-3.4.2-py3-none-any.whl.metadata (6.3 kB)
Collecting jinja2 (from torch)
  Using cached jinja2-3.1.6-py3-none-any.whl.metadata (2.9 kB)
Collecting fsspec (from torch)
  Using cached fsspec-2025.3.2-py3-none-any.whl.metadata (11 kB)
Collecting nvidia-cuda-nvrtc-cu12==12.6.77 (from torch)
  Using cached nvidia_cuda_nvrtc_cu12-12.6.77-py3-none-manylinux2014_x86_64.whl.metadata (1.5 kB)
Collecting nvidia-cuda-runtime-cu12==12.6.77 (from torch)
  Using cached nvidia_cuda_runtime_cu12-12.6.77-py3-none-manylinux2014_x86_64.manylinux_2_17_x86_64.whl.metadata (1.5 kB)
Collecting nvidia-cuda-cupti-cu12==12.6.80 (from torch)
  Using cached nvidia_cuda_cupti_cu12-12.6.80-py3-none-manylinux2014_x86_64.manylinux_2_17_x86_64.whl.metadata (1.6 kB)
Collecting nvidia-cudnn-cu12==9.5.1.17 (from torch)
  Using cached nvidia_cudnn_cu12-9.5.1.17-py3-none-manylinux_2_28_x86_64.whl.metadata (1.6 kB)
Collecting nvidia-cublas-cu12==12.6.4.1 (from torch)
  Using cached nvidia_cublas_cu12-12.6.4.1-py3-none-manylinux2014_x86_64.manylinux_2_17_x86_64.whl.metadata (1.5 kB)
Collecting nvidia-cufft-cu12==11.3.0.4 (from torch)
  Using cached nvidia_cufft_cu12-11.3.0.4-py3-none-manylinux2014_x86_64.manylinux_2_17_x86_64.whl.metadata (1.5 kB)
Collecting nvidia-curand-cu12==10.3.7.77 (from torch)
  Using cached nvidia_curand_cu12-10.3.7.77-py3-none-manylinux2014_x86_64.manylinux_2_17_x86_64.whl.metadata (1.5 kB)
Collecting nvidia-cusolver-cu12==11.7.1.2 (from torch)
  Using cached nvidia_cusolver_cu12-11.7.1.2-py3-none-manylinux2014_x86_64.manylinux_2_17_x86_64.whl.metadata (1.6 kB)
Collecting nvidia-cusparse-cu12==12.5.4.2 (from torch)
  Using cached nvidia_cusparse_cu12-12.5.4.2-py3-none-manylinux2014_x86_64.manylinux_2_17_x86_64.whl.metadata (1.6 kB)
Collecting nvidia-cusparselt-cu12==0.6.3 (from torch)
  Using cached nvidia_cusparselt_cu12-0.6.3-py3-none-manylinux2014_x86_64.whl.metadata (6.8 kB)
Collecting nvidia-nccl-cu12==2.26.2 (from torch)
  Using cached nvidia_nccl_cu12-2.26.2-py3-none-manylinux2014_x86_64.manylinux_2_17_x86_64.whl.metadata (2.0 kB)
Collecting nvidia-nvtx-cu12==12.6.77 (from torch)
  Using cached nvidia_nvtx_cu12-12.6.77-py3-none-manylinux2014_x86_64.manylinux_2_17_x86_64.whl.metadata (1.6 kB)
Collecting nvidia-nvjitlink-cu12==12.6.85 (from torch)
  Using cached nvidia_nvjitlink_cu12-12.6.85-py3-none-manylinux2010_x86_64.manylinux_2_12_x86_64.whl.metadata (1.5 kB)
Collecting nvidia-cufile-cu12==1.11.1.6 (from torch)
  Using cached nvidia_cufile_cu12-1.11.1.6-py3-none-manylinux2014_x86_64.manylinux_2_17_x86_64.whl.metadata (1.5 kB)
Collecting triton==3.3.0 (from torch)
  Using cached triton-3.3.0-cp312-cp312-manylinux_2_27_x86_64.manylinux_2_28_x86_64.whl.metadata (1.5 kB)
Collecting mpmath<1.4,>=1.1.0 (from sympy>=1.13.3->torch)
  Using cached mpmath-1.3.0-py3-none-any.whl.metadata (8.6 kB)
Collecting MarkupSafe>=2.0 (from jinja2->torch)
  Using cached MarkupSafe-3.0.2-cp312-cp312-manylinux_2_17_x86_64.manylinux2014_x86_64.whl.metadata (4.0 kB)
Downloading torch-2.7.0-cp312-cp312-manylinux_2_28_x86_64.whl (865.0 MB)
slurmstepd-foyait: error: *** JOB 217 ON foyait CANCELLED AT 2025-04-26T20:11:09 ***
slurmstepd-foyait: error: *** JOB 217 STEPD TERMINATED ON foyait AT 2025-04-26T20:12:09 DUE TO JOB NOT ENDING WITH SIGNALS ***
slurmstepd-foyait: error: Container 4091216 in cgroup plugin has 2 processes, giving up after 63 sec
