slurmstepd-liparit: error: Unable to create TMPDIR [/tmp/user/24470]: Permission denied
slurmstepd-liparit: error: Setting TMPDIR to /tmp
Setting `pad_token_id` to `eos_token_id`:None for open-end generation.
Traceback (most recent call last):
  File "/usr/lib/python3.8/runpy.py", line 194, in _run_module_as_main
    return _run_code(code, main_globals, None,
  File "/usr/lib/python3.8/runpy.py", line 87, in _run_code
    exec(code, run_globals)
  File "/home/g/gruenefeld/Documents/GitHub/gradient-uncertainty/scripts/qa.py", line 143, in <module>
    main(args)
  File "/home/g/gruenefeld/Documents/GitHub/gradient-uncertainty/scripts/qa.py", line 109, in main
    df.to_pickle(f"data/results_{job_number}_{model_name}_{dataset_name}.pkl")
  File "/home/g/gruenefeld/Documents/GitHub/gradient-uncertainty/env/lib/python3.8/site-packages/pandas/core/generic.py", line 2955, in to_pickle
    to_pickle(
  File "/home/g/gruenefeld/Documents/GitHub/gradient-uncertainty/env/lib/python3.8/site-packages/pandas/io/pickle.py", line 95, in to_pickle
    with get_handle(
  File "/home/g/gruenefeld/Documents/GitHub/gradient-uncertainty/env/lib/python3.8/site-packages/pandas/io/common.py", line 737, in get_handle
    check_parent_directory(str(handle))
  File "/home/g/gruenefeld/Documents/GitHub/gradient-uncertainty/env/lib/python3.8/site-packages/pandas/io/common.py", line 600, in check_parent_directory
    raise OSError(rf"Cannot save file into a non-existent directory: '{parent}'")
OSError: Cannot save file into a non-existent directory: 'data'
[main 2a722a0] QA script run
 Committer: Nils Cornelius Gruenefeld <gruenefeld@liparit.cip.ifi.lmu.de>
Your name and email address were configured automatically based
on your username and hostname. Please check that they are accurate.
You can suppress this message by setting them explicitly. Run the
following command and follow the instructions in your editor to edit
your configuration file:

    git config --global --edit

After doing this, you may fix the identity used for this commit with:

    git commit --amend --reset-author

 2 files changed, 40 insertions(+)
 create mode 100644 slurm-outputs/slurm.717805.liparit.out
To github.com:ngruenefeld/gradient-uncertainty.git
   33209b4..2a722a0  main -> main
