slurmstepd-fortunit: error: Unable to create TMPDIR [/tmp/user/24470]: Permission denied
slurmstepd-fortunit: error: Setting TMPDIR to /tmp
Running job with commit: 596f920fa1546a57f9031485dca16521fff4120f
Running command: python -um scripts.bert "5798" --key_mode "keyfile" --sample_size "0" --test_sample_size "0" --dataset "ag-pubmed"
[nltk_data] Downloading package stopwords to
[nltk_data]     /home/g/gruenefeld/nltk_data...
[nltk_data]   Package stopwords is already up-to-date!
[nltk_data] Downloading package wordnet to
[nltk_data]     /home/g/gruenefeld/nltk_data...
[nltk_data]   Package wordnet is already up-to-date!
Job number: 5798
Key mode: keyfile
Sample size: 0
Normalize: False
Counterfactual: identity
Dataset: ag-pubmed
Model: bert
Replacement probability: 1.0
Epochs: 100
Using full train dataset with 30000 samples.
Using full test dataset with 17600 samples.
Loading model: bert-base-uncased
BertForMaskedLM has generative capabilities, as `prepare_inputs_for_generation` is explicitly overwritten. However, it doesn't directly inherit from `GenerationMixin`. From 👉v4.50👈 onwards, `PreTrainedModel` will NOT inherit from `GenerationMixin`, and this model will lose the ability to call `generate` and other related functions.
  - If you're using `trust_remote_code=True`, you can get rid of this warning by loading the model with an auto class. See https://huggingface.co/docs/transformers/en/model_doc/auto#auto-classes
  - If you are the owner of the model architecture code, please modify your model class such that it inherits from `GenerationMixin` (after `PreTrainedModel`, otherwise you'll get an exception).
  - If you are not the owner of the model architecture class, please contact the model code owner to update it.
Some weights of the model checkpoint at bert-base-uncased were not used when initializing BertForMaskedLM: ['bert.pooler.dense.bias', 'bert.pooler.dense.weight', 'cls.seq_relationship.bias', 'cls.seq_relationship.weight']
- This IS expected if you are initializing BertForMaskedLM from the checkpoint of a model trained on another task or with another architecture (e.g. initializing a BertForSequenceClassification model from a BertForPreTraining model).
- This IS NOT expected if you are initializing BertForMaskedLM from the checkpoint of a model that you expect to be exactly identical (initializing a BertForSequenceClassification model from a BertForSequenceClassification model).
Using device: cpu
Map:   0%|          | 0/30000 [00:00<?, ? examples/s]Map:   7%|▋         | 2000/30000 [00:00<00:02, 12587.23 examples/s]Map:  13%|█▎        | 4000/30000 [00:00<00:01, 13279.27 examples/s]Map:  20%|██        | 6000/30000 [00:00<00:01, 13488.11 examples/s]Map:  27%|██▋       | 8000/30000 [00:00<00:01, 13612.02 examples/s]Map:  33%|███▎      | 10000/30000 [00:00<00:01, 10663.90 examples/s]Map:  40%|████      | 12000/30000 [00:00<00:01, 11537.78 examples/s]Map:  47%|████▋     | 14000/30000 [00:01<00:01, 12226.41 examples/s]Map:  53%|█████▎    | 16000/30000 [00:01<00:01, 12661.93 examples/s]Map:  60%|██████    | 18000/30000 [00:01<00:00, 12973.81 examples/s]Map:  67%|██████▋   | 20000/30000 [00:01<00:00, 12879.87 examples/s]Map:  73%|███████▎  | 22000/30000 [00:01<00:00, 13137.58 examples/s]Map:  80%|████████  | 24000/30000 [00:01<00:00, 13319.76 examples/s]Map:  87%|████████▋ | 26000/30000 [00:02<00:00, 13490.81 examples/s]Map:  93%|█████████▎| 28000/30000 [00:02<00:00, 11099.89 examples/s]Map: 100%|██████████| 30000/30000 [00:02<00:00, 11776.84 examples/s]Map: 100%|██████████| 30000/30000 [00:02<00:00, 12350.10 examples/s]
/home/g/gruenefeld/Documents/GitHub/gradient-uncertainty/env/lib/python3.12/site-packages/torch/cuda/__init__.py:789: UserWarning: Can't initialize NVML
  warnings.warn("Can't initialize NVML")
/home/g/gruenefeld/Documents/GitHub/gradient-uncertainty/scripts/bert.py:236: FutureWarning: `tokenizer` is deprecated and will be removed in version 5.0.0 for `Trainer.__init__`. Use `processing_class` instead.
  trainer = Trainer(
Calculating uncertainties for 17600 test samples before training (counterfactual mode: identity)...
Processing test sample 1/17600 (before training)
Processing test sample 2/17600 (before training)
Processing test sample 3/17600 (before training)
Processing test sample 4/17600 (before training)
Processing test sample 5/17600 (before training)
Processing test sample 6/17600 (before training)
Processing test sample 7/17600 (before training)
Processing test sample 8/17600 (before training)
Processing test sample 9/17600 (before training)
Processing test sample 10/17600 (before training)
Processing test sample 11/17600 (before training)
Processing test sample 12/17600 (before training)
Processing test sample 13/17600 (before training)
Processing test sample 14/17600 (before training)
Processing test sample 15/17600 (before training)
Processing test sample 16/17600 (before training)
Processing test sample 17/17600 (before training)
Processing test sample 18/17600 (before training)
Processing test sample 19/17600 (before training)
Processing test sample 20/17600 (before training)
Processing test sample 21/17600 (before training)
Processing test sample 22/17600 (before training)
Processing test sample 23/17600 (before training)
Processing test sample 24/17600 (before training)
Processing test sample 25/17600 (before training)
Processing test sample 26/17600 (before training)
Processing test sample 27/17600 (before training)
Processing test sample 28/17600 (before training)
Processing test sample 29/17600 (before training)
Processing test sample 30/17600 (before training)
Processing test sample 31/17600 (before training)
Processing test sample 32/17600 (before training)
Processing test sample 33/17600 (before training)
Processing test sample 34/17600 (before training)
Processing test sample 35/17600 (before training)
Processing test sample 36/17600 (before training)
Processing test sample 37/17600 (before training)
Processing test sample 38/17600 (before training)
Processing test sample 39/17600 (before training)
Processing test sample 40/17600 (before training)
Processing test sample 41/17600 (before training)
Processing test sample 42/17600 (before training)
Processing test sample 43/17600 (before training)
Processing test sample 44/17600 (before training)
Processing test sample 45/17600 (before training)
Processing test sample 46/17600 (before training)
Processing test sample 47/17600 (before training)
Processing test sample 48/17600 (before training)
Processing test sample 49/17600 (before training)
Processing test sample 50/17600 (before training)
Processing test sample 51/17600 (before training)
Processing test sample 52/17600 (before training)
Processing test sample 53/17600 (before training)
Processing test sample 54/17600 (before training)
Processing test sample 55/17600 (before training)
Processing test sample 56/17600 (before training)
Processing test sample 57/17600 (before training)
Processing test sample 58/17600 (before training)
Processing test sample 59/17600 (before training)
Processing test sample 60/17600 (before training)
Processing test sample 61/17600 (before training)
Processing test sample 62/17600 (before training)
Processing test sample 63/17600 (before training)
Processing test sample 64/17600 (before training)
Processing test sample 65/17600 (before training)
Processing test sample 66/17600 (before training)
Processing test sample 67/17600 (before training)
Processing test sample 68/17600 (before training)
Processing test sample 69/17600 (before training)
Processing test sample 70/17600 (before training)
Processing test sample 71/17600 (before training)
Processing test sample 72/17600 (before training)
Processing test sample 73/17600 (before training)
Processing test sample 74/17600 (before training)
Processing test sample 75/17600 (before training)
Processing test sample 76/17600 (before training)
Processing test sample 77/17600 (before training)
Processing test sample 78/17600 (before training)
Processing test sample 79/17600 (before training)
Processing test sample 80/17600 (before training)
Processing test sample 81/17600 (before training)
Processing test sample 82/17600 (before training)
Processing test sample 83/17600 (before training)
Processing test sample 84/17600 (before training)
Processing test sample 85/17600 (before training)
Processing test sample 86/17600 (before training)
Processing test sample 87/17600 (before training)
Processing test sample 88/17600 (before training)
Processing test sample 89/17600 (before training)
Processing test sample 90/17600 (before training)
Processing test sample 91/17600 (before training)
Processing test sample 92/17600 (before training)
Processing test sample 93/17600 (before training)
Processing test sample 94/17600 (before training)
Processing test sample 95/17600 (before training)
Processing test sample 96/17600 (before training)
Processing test sample 97/17600 (before training)
Processing test sample 98/17600 (before training)
Processing test sample 99/17600 (before training)
Processing test sample 100/17600 (before training)
Processing test sample 101/17600 (before training)
Processing test sample 102/17600 (before training)
Processing test sample 103/17600 (before training)
Processing test sample 104/17600 (before training)
Processing test sample 105/17600 (before training)
Processing test sample 106/17600 (before training)
Processing test sample 107/17600 (before training)
Processing test sample 108/17600 (before training)
Processing test sample 109/17600 (before training)
Processing test sample 110/17600 (before training)
Processing test sample 111/17600 (before training)
Processing test sample 112/17600 (before training)
Processing test sample 113/17600 (before training)
Processing test sample 114/17600 (before training)
Processing test sample 115/17600 (before training)
Processing test sample 116/17600 (before training)
Processing test sample 117/17600 (before training)
Processing test sample 118/17600 (before training)
Processing test sample 119/17600 (before training)
Processing test sample 120/17600 (before training)
Processing test sample 121/17600 (before training)
Processing test sample 122/17600 (before training)
Processing test sample 123/17600 (before training)
Processing test sample 124/17600 (before training)
Processing test sample 125/17600 (before training)
Processing test sample 126/17600 (before training)
Processing test sample 127/17600 (before training)
Processing test sample 128/17600 (before training)
Processing test sample 129/17600 (before training)
Processing test sample 130/17600 (before training)
Processing test sample 131/17600 (before training)
Processing test sample 132/17600 (before training)
Processing test sample 133/17600 (before training)
Processing test sample 134/17600 (before training)
Processing test sample 135/17600 (before training)
Processing test sample 136/17600 (before training)
Processing test sample 137/17600 (before training)
Processing test sample 138/17600 (before training)
Processing test sample 139/17600 (before training)
Processing test sample 140/17600 (before training)
Processing test sample 141/17600 (before training)
Processing test sample 142/17600 (before training)
Processing test sample 143/17600 (before training)
Processing test sample 144/17600 (before training)
Processing test sample 145/17600 (before training)
Processing test sample 146/17600 (before training)
Processing test sample 147/17600 (before training)
Processing test sample 148/17600 (before training)
Processing test sample 149/17600 (before training)
Processing test sample 150/17600 (before training)
Processing test sample 151/17600 (before training)
Processing test sample 152/17600 (before training)
Processing test sample 153/17600 (before training)
Processing test sample 154/17600 (before training)
Processing test sample 155/17600 (before training)
Processing test sample 156/17600 (before training)
Processing test sample 157/17600 (before training)
Processing test sample 158/17600 (before training)
Processing test sample 159/17600 (before training)
Processing test sample 160/17600 (before training)
Processing test sample 161/17600 (before training)
Processing test sample 162/17600 (before training)
Processing test sample 163/17600 (before training)
Processing test sample 164/17600 (before training)
Processing test sample 165/17600 (before training)
Processing test sample 166/17600 (before training)
Processing test sample 167/17600 (before training)
Processing test sample 168/17600 (before training)
Processing test sample 169/17600 (before training)
Processing test sample 170/17600 (before training)
Processing test sample 171/17600 (before training)
Processing test sample 172/17600 (before training)
Processing test sample 173/17600 (before training)
Processing test sample 174/17600 (before training)
Processing test sample 175/17600 (before training)
Processing test sample 176/17600 (before training)
Processing test sample 177/17600 (before training)
Processing test sample 178/17600 (before training)
Processing test sample 179/17600 (before training)
Processing test sample 180/17600 (before training)
Processing test sample 181/17600 (before training)
Processing test sample 182/17600 (before training)
Processing test sample 183/17600 (before training)
Processing test sample 184/17600 (before training)
Processing test sample 185/17600 (before training)
Processing test sample 186/17600 (before training)
Processing test sample 187/17600 (before training)
Processing test sample 188/17600 (before training)
Processing test sample 189/17600 (before training)
Processing test sample 190/17600 (before training)
Processing test sample 191/17600 (before training)
Processing test sample 192/17600 (before training)
Processing test sample 193/17600 (before training)
Processing test sample 194/17600 (before training)
Processing test sample 195/17600 (before training)
Processing test sample 196/17600 (before training)
Processing test sample 197/17600 (before training)
Processing test sample 198/17600 (before training)
Processing test sample 199/17600 (before training)
Processing test sample 200/17600 (before training)
Processing test sample 201/17600 (before training)
Processing test sample 202/17600 (before training)
Processing test sample 203/17600 (before training)
Processing test sample 204/17600 (before training)
Processing test sample 205/17600 (before training)
Processing test sample 206/17600 (before training)
Processing test sample 207/17600 (before training)
Processing test sample 208/17600 (before training)
Processing test sample 209/17600 (before training)
Processing test sample 210/17600 (before training)
Processing test sample 211/17600 (before training)
Processing test sample 212/17600 (before training)
Processing test sample 213/17600 (before training)
Processing test sample 214/17600 (before training)
Processing test sample 215/17600 (before training)
Processing test sample 216/17600 (before training)
Processing test sample 217/17600 (before training)
Processing test sample 218/17600 (before training)
Processing test sample 219/17600 (before training)
Processing test sample 220/17600 (before training)
Processing test sample 221/17600 (before training)
Processing test sample 222/17600 (before training)
Processing test sample 223/17600 (before training)
Processing test sample 224/17600 (before training)
Processing test sample 225/17600 (before training)
Processing test sample 226/17600 (before training)
Processing test sample 227/17600 (before training)
Processing test sample 228/17600 (before training)
Processing test sample 229/17600 (before training)
Processing test sample 230/17600 (before training)
Processing test sample 231/17600 (before training)
Processing test sample 232/17600 (before training)
Processing test sample 233/17600 (before training)
Processing test sample 234/17600 (before training)
Processing test sample 235/17600 (before training)
Processing test sample 236/17600 (before training)
Processing test sample 237/17600 (before training)
Processing test sample 238/17600 (before training)
Processing test sample 239/17600 (before training)
Processing test sample 240/17600 (before training)
Processing test sample 241/17600 (before training)
Processing test sample 242/17600 (before training)
Processing test sample 243/17600 (before training)
Processing test sample 244/17600 (before training)
Processing test sample 245/17600 (before training)
Processing test sample 246/17600 (before training)
Processing test sample 247/17600 (before training)
Processing test sample 248/17600 (before training)
Processing test sample 249/17600 (before training)
Processing test sample 250/17600 (before training)
Processing test sample 251/17600 (before training)
Processing test sample 252/17600 (before training)
Processing test sample 253/17600 (before training)
Processing test sample 254/17600 (before training)
Processing test sample 255/17600 (before training)
Processing test sample 256/17600 (before training)
Processing test sample 257/17600 (before training)
Processing test sample 258/17600 (before training)
Processing test sample 259/17600 (before training)
Processing test sample 260/17600 (before training)
Processing test sample 261/17600 (before training)
Processing test sample 262/17600 (before training)
Processing test sample 263/17600 (before training)
Processing test sample 264/17600 (before training)
Processing test sample 265/17600 (before training)
Processing test sample 266/17600 (before training)
Processing test sample 267/17600 (before training)
Processing test sample 268/17600 (before training)
Processing test sample 269/17600 (before training)
Processing test sample 270/17600 (before training)
Processing test sample 271/17600 (before training)
Processing test sample 272/17600 (before training)
Processing test sample 273/17600 (before training)
Processing test sample 274/17600 (before training)
Processing test sample 275/17600 (before training)
Processing test sample 276/17600 (before training)
Processing test sample 277/17600 (before training)
Processing test sample 278/17600 (before training)
Processing test sample 279/17600 (before training)
Processing test sample 280/17600 (before training)
Processing test sample 281/17600 (before training)
Processing test sample 282/17600 (before training)
Processing test sample 283/17600 (before training)
Processing test sample 284/17600 (before training)
Processing test sample 285/17600 (before training)
Processing test sample 286/17600 (before training)
Processing test sample 287/17600 (before training)
Processing test sample 288/17600 (before training)
Processing test sample 289/17600 (before training)
Processing test sample 290/17600 (before training)
Processing test sample 291/17600 (before training)
Processing test sample 292/17600 (before training)
Processing test sample 293/17600 (before training)
Processing test sample 294/17600 (before training)
Processing test sample 295/17600 (before training)
Processing test sample 296/17600 (before training)
Processing test sample 297/17600 (before training)
Processing test sample 298/17600 (before training)
Processing test sample 299/17600 (before training)
Processing test sample 300/17600 (before training)
Processing test sample 301/17600 (before training)
Processing test sample 302/17600 (before training)
Processing test sample 303/17600 (before training)
Processing test sample 304/17600 (before training)
Processing test sample 305/17600 (before training)
Processing test sample 306/17600 (before training)
Processing test sample 307/17600 (before training)
Processing test sample 308/17600 (before training)
Processing test sample 309/17600 (before training)
Processing test sample 310/17600 (before training)
Processing test sample 311/17600 (before training)
Processing test sample 312/17600 (before training)
Processing test sample 313/17600 (before training)
Processing test sample 314/17600 (before training)
Processing test sample 315/17600 (before training)
Processing test sample 316/17600 (before training)
Processing test sample 317/17600 (before training)
Processing test sample 318/17600 (before training)
Processing test sample 319/17600 (before training)
Processing test sample 320/17600 (before training)
Processing test sample 321/17600 (before training)
Processing test sample 322/17600 (before training)
Processing test sample 323/17600 (before training)
Processing test sample 324/17600 (before training)
Processing test sample 325/17600 (before training)
Processing test sample 326/17600 (before training)
Processing test sample 327/17600 (before training)
Processing test sample 328/17600 (before training)
Processing test sample 329/17600 (before training)
Processing test sample 330/17600 (before training)
Processing test sample 331/17600 (before training)
Processing test sample 332/17600 (before training)
Processing test sample 333/17600 (before training)
Processing test sample 334/17600 (before training)
Processing test sample 335/17600 (before training)
Processing test sample 336/17600 (before training)
Processing test sample 337/17600 (before training)
Processing test sample 338/17600 (before training)
Processing test sample 339/17600 (before training)
Processing test sample 340/17600 (before training)
Processing test sample 341/17600 (before training)
Processing test sample 342/17600 (before training)
Processing test sample 343/17600 (before training)
Processing test sample 344/17600 (before training)
Processing test sample 345/17600 (before training)
Processing test sample 346/17600 (before training)
Processing test sample 347/17600 (before training)
Processing test sample 348/17600 (before training)
Processing test sample 349/17600 (before training)
Processing test sample 350/17600 (before training)
Processing test sample 351/17600 (before training)
Processing test sample 352/17600 (before training)
Processing test sample 353/17600 (before training)
Processing test sample 354/17600 (before training)
Processing test sample 355/17600 (before training)
Processing test sample 356/17600 (before training)
Processing test sample 357/17600 (before training)
Processing test sample 358/17600 (before training)
Processing test sample 359/17600 (before training)
Processing test sample 360/17600 (before training)
Processing test sample 361/17600 (before training)
Processing test sample 362/17600 (before training)
Processing test sample 363/17600 (before training)
Processing test sample 364/17600 (before training)
Processing test sample 365/17600 (before training)
Processing test sample 366/17600 (before training)
Processing test sample 367/17600 (before training)
Processing test sample 368/17600 (before training)
Processing test sample 369/17600 (before training)
Processing test sample 370/17600 (before training)
Processing test sample 371/17600 (before training)
Processing test sample 372/17600 (before training)
Processing test sample 373/17600 (before training)
Processing test sample 374/17600 (before training)
Processing test sample 375/17600 (before training)
Processing test sample 376/17600 (before training)
Processing test sample 377/17600 (before training)
Processing test sample 378/17600 (before training)
Processing test sample 379/17600 (before training)
Processing test sample 380/17600 (before training)
Processing test sample 381/17600 (before training)
Processing test sample 382/17600 (before training)
Processing test sample 383/17600 (before training)
Processing test sample 384/17600 (before training)
Processing test sample 385/17600 (before training)
Processing test sample 386/17600 (before training)
Processing test sample 387/17600 (before training)
Processing test sample 388/17600 (before training)
Processing test sample 389/17600 (before training)
Processing test sample 390/17600 (before training)
Processing test sample 391/17600 (before training)
Processing test sample 392/17600 (before training)
Processing test sample 393/17600 (before training)
Processing test sample 394/17600 (before training)
Processing test sample 395/17600 (before training)
Processing test sample 396/17600 (before training)
Processing test sample 397/17600 (before training)
Processing test sample 398/17600 (before training)
Processing test sample 399/17600 (before training)
Processing test sample 400/17600 (before training)
Processing test sample 401/17600 (before training)
Processing test sample 402/17600 (before training)
Processing test sample 403/17600 (before training)
Processing test sample 404/17600 (before training)
Processing test sample 405/17600 (before training)
Processing test sample 406/17600 (before training)
Processing test sample 407/17600 (before training)
Processing test sample 408/17600 (before training)
Processing test sample 409/17600 (before training)
Processing test sample 410/17600 (before training)
Processing test sample 411/17600 (before training)
Processing test sample 412/17600 (before training)
Processing test sample 413/17600 (before training)
Processing test sample 414/17600 (before training)
Processing test sample 415/17600 (before training)
Processing test sample 416/17600 (before training)
Processing test sample 417/17600 (before training)
Processing test sample 418/17600 (before training)
Processing test sample 419/17600 (before training)
Processing test sample 420/17600 (before training)
Processing test sample 421/17600 (before training)
Processing test sample 422/17600 (before training)
Processing test sample 423/17600 (before training)
Processing test sample 424/17600 (before training)
Processing test sample 425/17600 (before training)
Processing test sample 426/17600 (before training)
Processing test sample 427/17600 (before training)
Processing test sample 428/17600 (before training)
Processing test sample 429/17600 (before training)
Processing test sample 430/17600 (before training)
Processing test sample 431/17600 (before training)
Processing test sample 432/17600 (before training)
Processing test sample 433/17600 (before training)
Processing test sample 434/17600 (before training)
Processing test sample 435/17600 (before training)
Processing test sample 436/17600 (before training)
Processing test sample 437/17600 (before training)
Processing test sample 438/17600 (before training)
Processing test sample 439/17600 (before training)
Processing test sample 440/17600 (before training)
Processing test sample 441/17600 (before training)
Processing test sample 442/17600 (before training)
Processing test sample 443/17600 (before training)
Processing test sample 444/17600 (before training)
Processing test sample 445/17600 (before training)
Processing test sample 446/17600 (before training)
Processing test sample 447/17600 (before training)
Processing test sample 448/17600 (before training)
Processing test sample 449/17600 (before training)
Processing test sample 450/17600 (before training)
Processing test sample 451/17600 (before training)
Processing test sample 452/17600 (before training)
Processing test sample 453/17600 (before training)
Processing test sample 454/17600 (before training)
Processing test sample 455/17600 (before training)
Processing test sample 456/17600 (before training)
Processing test sample 457/17600 (before training)
Processing test sample 458/17600 (before training)
Processing test sample 459/17600 (before training)
Processing test sample 460/17600 (before training)
Processing test sample 461/17600 (before training)
Processing test sample 462/17600 (before training)
Processing test sample 463/17600 (before training)
Processing test sample 464/17600 (before training)
Processing test sample 465/17600 (before training)
Processing test sample 466/17600 (before training)
Processing test sample 467/17600 (before training)
Processing test sample 468/17600 (before training)
Processing test sample 469/17600 (before training)
Processing test sample 470/17600 (before training)
Processing test sample 471/17600 (before training)
Processing test sample 472/17600 (before training)
Processing test sample 473/17600 (before training)
Processing test sample 474/17600 (before training)
Processing test sample 475/17600 (before training)
Processing test sample 476/17600 (before training)
Processing test sample 477/17600 (before training)
Processing test sample 478/17600 (before training)
Processing test sample 479/17600 (before training)
Processing test sample 480/17600 (before training)
Processing test sample 481/17600 (before training)
Processing test sample 482/17600 (before training)
Processing test sample 483/17600 (before training)
Processing test sample 484/17600 (before training)
Processing test sample 485/17600 (before training)
Processing test sample 486/17600 (before training)
Processing test sample 487/17600 (before training)
Processing test sample 488/17600 (before training)
Processing test sample 489/17600 (before training)
Processing test sample 490/17600 (before training)
Processing test sample 491/17600 (before training)
Processing test sample 492/17600 (before training)
Processing test sample 493/17600 (before training)
Processing test sample 494/17600 (before training)
Processing test sample 495/17600 (before training)
Processing test sample 496/17600 (before training)
Processing test sample 497/17600 (before training)
Processing test sample 498/17600 (before training)
Processing test sample 499/17600 (before training)
Processing test sample 500/17600 (before training)
Processing test sample 501/17600 (before training)
Processing test sample 502/17600 (before training)
Processing test sample 503/17600 (before training)
Processing test sample 504/17600 (before training)
Processing test sample 505/17600 (before training)
Processing test sample 506/17600 (before training)
Processing test sample 507/17600 (before training)
Processing test sample 508/17600 (before training)
Processing test sample 509/17600 (before training)
Processing test sample 510/17600 (before training)
Processing test sample 511/17600 (before training)
Processing test sample 512/17600 (before training)
Processing test sample 513/17600 (before training)
Processing test sample 514/17600 (before training)
Processing test sample 515/17600 (before training)
Processing test sample 516/17600 (before training)
Processing test sample 517/17600 (before training)
Processing test sample 518/17600 (before training)
Processing test sample 519/17600 (before training)
Processing test sample 520/17600 (before training)
Processing test sample 521/17600 (before training)
Processing test sample 522/17600 (before training)
Processing test sample 523/17600 (before training)
Processing test sample 524/17600 (before training)
Processing test sample 525/17600 (before training)
Processing test sample 526/17600 (before training)
Processing test sample 527/17600 (before training)
Processing test sample 528/17600 (before training)
Processing test sample 529/17600 (before training)
Processing test sample 530/17600 (before training)
Processing test sample 531/17600 (before training)
Processing test sample 532/17600 (before training)
Processing test sample 533/17600 (before training)
Processing test sample 534/17600 (before training)
Processing test sample 535/17600 (before training)
Processing test sample 536/17600 (before training)
Processing test sample 537/17600 (before training)
Processing test sample 538/17600 (before training)
Processing test sample 539/17600 (before training)
Processing test sample 540/17600 (before training)
Processing test sample 541/17600 (before training)
Processing test sample 542/17600 (before training)
Processing test sample 543/17600 (before training)
Processing test sample 544/17600 (before training)
Processing test sample 545/17600 (before training)
Processing test sample 546/17600 (before training)
Processing test sample 547/17600 (before training)
Processing test sample 548/17600 (before training)
Processing test sample 549/17600 (before training)
Processing test sample 550/17600 (before training)
Processing test sample 551/17600 (before training)
Processing test sample 552/17600 (before training)
Processing test sample 553/17600 (before training)
Processing test sample 554/17600 (before training)
Processing test sample 555/17600 (before training)
Processing test sample 556/17600 (before training)
Processing test sample 557/17600 (before training)
Processing test sample 558/17600 (before training)
Processing test sample 559/17600 (before training)
Processing test sample 560/17600 (before training)
Processing test sample 561/17600 (before training)
Processing test sample 562/17600 (before training)
Processing test sample 563/17600 (before training)
Processing test sample 564/17600 (before training)
Processing test sample 565/17600 (before training)
Processing test sample 566/17600 (before training)
Processing test sample 567/17600 (before training)
Processing test sample 568/17600 (before training)
Processing test sample 569/17600 (before training)
Processing test sample 570/17600 (before training)
Processing test sample 571/17600 (before training)
Processing test sample 572/17600 (before training)
Processing test sample 573/17600 (before training)
Processing test sample 574/17600 (before training)
Processing test sample 575/17600 (before training)
Processing test sample 576/17600 (before training)
Processing test sample 577/17600 (before training)
Processing test sample 578/17600 (before training)
Processing test sample 579/17600 (before training)
Processing test sample 580/17600 (before training)
Processing test sample 581/17600 (before training)
Processing test sample 582/17600 (before training)
Processing test sample 583/17600 (before training)
Processing test sample 584/17600 (before training)
Processing test sample 585/17600 (before training)
Processing test sample 586/17600 (before training)
Processing test sample 587/17600 (before training)
Processing test sample 588/17600 (before training)
Processing test sample 589/17600 (before training)
Processing test sample 590/17600 (before training)
Processing test sample 591/17600 (before training)
Processing test sample 592/17600 (before training)
Processing test sample 593/17600 (before training)
Processing test sample 594/17600 (before training)
Processing test sample 595/17600 (before training)
Processing test sample 596/17600 (before training)
Processing test sample 597/17600 (before training)
Processing test sample 598/17600 (before training)
Processing test sample 599/17600 (before training)
Processing test sample 600/17600 (before training)
Processing test sample 601/17600 (before training)
Processing test sample 602/17600 (before training)
Processing test sample 603/17600 (before training)
Processing test sample 604/17600 (before training)
Processing test sample 605/17600 (before training)
Processing test sample 606/17600 (before training)
Processing test sample 607/17600 (before training)
Processing test sample 608/17600 (before training)
Processing test sample 609/17600 (before training)
Processing test sample 610/17600 (before training)
Processing test sample 611/17600 (before training)
Processing test sample 612/17600 (before training)
Processing test sample 613/17600 (before training)
Processing test sample 614/17600 (before training)
Processing test sample 615/17600 (before training)
Processing test sample 616/17600 (before training)
Processing test sample 617/17600 (before training)
Processing test sample 618/17600 (before training)
Processing test sample 619/17600 (before training)
Processing test sample 620/17600 (before training)
Processing test sample 621/17600 (before training)
Processing test sample 622/17600 (before training)
Processing test sample 623/17600 (before training)
Processing test sample 624/17600 (before training)
Processing test sample 625/17600 (before training)
Processing test sample 626/17600 (before training)
Processing test sample 627/17600 (before training)
Processing test sample 628/17600 (before training)
Processing test sample 629/17600 (before training)
Processing test sample 630/17600 (before training)
Processing test sample 631/17600 (before training)
Processing test sample 632/17600 (before training)
Processing test sample 633/17600 (before training)
Processing test sample 634/17600 (before training)
Processing test sample 635/17600 (before training)
Processing test sample 636/17600 (before training)
Processing test sample 637/17600 (before training)
Processing test sample 638/17600 (before training)
Processing test sample 639/17600 (before training)
Processing test sample 640/17600 (before training)
Processing test sample 641/17600 (before training)
Processing test sample 642/17600 (before training)
Processing test sample 643/17600 (before training)
Processing test sample 644/17600 (before training)
Processing test sample 645/17600 (before training)
Processing test sample 646/17600 (before training)
Processing test sample 647/17600 (before training)
Processing test sample 648/17600 (before training)
Processing test sample 649/17600 (before training)
Processing test sample 650/17600 (before training)
Processing test sample 651/17600 (before training)
Processing test sample 652/17600 (before training)
Processing test sample 653/17600 (before training)
Processing test sample 654/17600 (before training)
Processing test sample 655/17600 (before training)
Processing test sample 656/17600 (before training)
Processing test sample 657/17600 (before training)
Processing test sample 658/17600 (before training)
Processing test sample 659/17600 (before training)
Processing test sample 660/17600 (before training)
Processing test sample 661/17600 (before training)
Processing test sample 662/17600 (before training)
Processing test sample 663/17600 (before training)
Processing test sample 664/17600 (before training)
Processing test sample 665/17600 (before training)
Processing test sample 666/17600 (before training)
Processing test sample 667/17600 (before training)
Processing test sample 668/17600 (before training)
Processing test sample 669/17600 (before training)
Processing test sample 670/17600 (before training)
Processing test sample 671/17600 (before training)
