slurmstepd-foyait: error: Unable to create TMPDIR [/tmp/user/24470]: Permission denied
slurmstepd-foyait: error: Setting TMPDIR to /tmp
Collecting autoawq
  Downloading autoawq-0.2.8.tar.gz (71 kB)
  Preparing metadata (setup.py): started
  Preparing metadata (setup.py): finished with status 'done'
Requirement already satisfied: torch>=2.7.0 in ./env/lib/python3.12/site-packages (from autoawq) (2.7.0)
Requirement already satisfied: triton in ./env/lib/python3.12/site-packages (from autoawq) (3.3.0)
Collecting transformers<=4.47.1,>=4.45.0 (from autoawq)
  Downloading transformers-4.47.1-py3-none-any.whl.metadata (44 kB)
Collecting tokenizers>=0.12.1 (from autoawq)
  Downloading tokenizers-0.21.1-cp39-abi3-manylinux_2_17_x86_64.manylinux2014_x86_64.whl.metadata (6.8 kB)
Requirement already satisfied: typing_extensions>=4.8.0 in ./env/lib/python3.12/site-packages (from autoawq) (4.13.2)
Collecting accelerate (from autoawq)
  Downloading accelerate-1.6.0-py3-none-any.whl.metadata (19 kB)
Collecting datasets>=2.20 (from autoawq)
  Downloading datasets-3.5.0-py3-none-any.whl.metadata (19 kB)
Collecting zstandard (from autoawq)
  Downloading zstandard-0.23.0-cp312-cp312-manylinux_2_17_x86_64.manylinux2014_x86_64.whl.metadata (3.0 kB)
Collecting huggingface_hub>=0.26.5 (from autoawq)
  Downloading huggingface_hub-0.30.2-py3-none-any.whl.metadata (13 kB)
Requirement already satisfied: filelock in ./env/lib/python3.12/site-packages (from transformers<=4.47.1,>=4.45.0->autoawq) (3.18.0)
Collecting numpy>=1.17 (from transformers<=4.47.1,>=4.45.0->autoawq)
  Downloading numpy-2.2.5-cp312-cp312-manylinux_2_17_x86_64.manylinux2014_x86_64.whl.metadata (62 kB)
Collecting packaging>=20.0 (from transformers<=4.47.1,>=4.45.0->autoawq)
  Downloading packaging-25.0-py3-none-any.whl.metadata (3.3 kB)
Collecting pyyaml>=5.1 (from transformers<=4.47.1,>=4.45.0->autoawq)
  Downloading PyYAML-6.0.2-cp312-cp312-manylinux_2_17_x86_64.manylinux2014_x86_64.whl.metadata (2.1 kB)
Collecting regex!=2019.12.17 (from transformers<=4.47.1,>=4.45.0->autoawq)
  Downloading regex-2024.11.6-cp312-cp312-manylinux_2_17_x86_64.manylinux2014_x86_64.whl.metadata (40 kB)
Collecting requests (from transformers<=4.47.1,>=4.45.0->autoawq)
  Downloading requests-2.32.3-py3-none-any.whl.metadata (4.6 kB)
Collecting safetensors>=0.4.1 (from transformers<=4.47.1,>=4.45.0->autoawq)
  Downloading safetensors-0.5.3-cp38-abi3-manylinux_2_17_x86_64.manylinux2014_x86_64.whl.metadata (3.8 kB)
Collecting tqdm>=4.27 (from transformers<=4.47.1,>=4.45.0->autoawq)
  Downloading tqdm-4.67.1-py3-none-any.whl.metadata (57 kB)
Requirement already satisfied: fsspec>=2023.5.0 in ./env/lib/python3.12/site-packages (from huggingface_hub>=0.26.5->autoawq) (2025.3.2)
Collecting pyarrow>=15.0.0 (from datasets>=2.20->autoawq)
  Downloading pyarrow-19.0.1-cp312-cp312-manylinux_2_28_x86_64.whl.metadata (3.3 kB)
Collecting dill<0.3.9,>=0.3.0 (from datasets>=2.20->autoawq)
  Downloading dill-0.3.8-py3-none-any.whl.metadata (10 kB)
Collecting pandas (from datasets>=2.20->autoawq)
  Downloading pandas-2.2.3-cp312-cp312-manylinux_2_17_x86_64.manylinux2014_x86_64.whl.metadata (89 kB)
Collecting xxhash (from datasets>=2.20->autoawq)
  Downloading xxhash-3.5.0-cp312-cp312-manylinux_2_17_x86_64.manylinux2014_x86_64.whl.metadata (12 kB)
Collecting multiprocess<0.70.17 (from datasets>=2.20->autoawq)
  Downloading multiprocess-0.70.16-py312-none-any.whl.metadata (7.2 kB)
Collecting fsspec>=2023.5.0 (from huggingface_hub>=0.26.5->autoawq)
  Downloading fsspec-2024.12.0-py3-none-any.whl.metadata (11 kB)
Collecting aiohttp (from datasets>=2.20->autoawq)
  Downloading aiohttp-3.11.18-cp312-cp312-manylinux_2_17_x86_64.manylinux2014_x86_64.whl.metadata (7.7 kB)
Collecting aiohappyeyeballs>=2.3.0 (from aiohttp->datasets>=2.20->autoawq)
  Downloading aiohappyeyeballs-2.6.1-py3-none-any.whl.metadata (5.9 kB)
Collecting aiosignal>=1.1.2 (from aiohttp->datasets>=2.20->autoawq)
  Downloading aiosignal-1.3.2-py2.py3-none-any.whl.metadata (3.8 kB)
Collecting attrs>=17.3.0 (from aiohttp->datasets>=2.20->autoawq)
  Downloading attrs-25.3.0-py3-none-any.whl.metadata (10 kB)
Collecting frozenlist>=1.1.1 (from aiohttp->datasets>=2.20->autoawq)
  Downloading frozenlist-1.6.0-cp312-cp312-manylinux_2_5_x86_64.manylinux1_x86_64.manylinux_2_17_x86_64.manylinux2014_x86_64.whl.metadata (16 kB)
Collecting multidict<7.0,>=4.5 (from aiohttp->datasets>=2.20->autoawq)
  Downloading multidict-6.4.3-cp312-cp312-manylinux_2_17_x86_64.manylinux2014_x86_64.whl.metadata (5.3 kB)
Collecting propcache>=0.2.0 (from aiohttp->datasets>=2.20->autoawq)
  Downloading propcache-0.3.1-cp312-cp312-manylinux_2_17_x86_64.manylinux2014_x86_64.whl.metadata (10 kB)
Collecting yarl<2.0,>=1.17.0 (from aiohttp->datasets>=2.20->autoawq)
  Downloading yarl-1.20.0-cp312-cp312-manylinux_2_17_x86_64.manylinux2014_x86_64.whl.metadata (72 kB)
Collecting idna>=2.0 (from yarl<2.0,>=1.17.0->aiohttp->datasets>=2.20->autoawq)
  Downloading idna-3.10-py3-none-any.whl.metadata (10 kB)
Collecting charset-normalizer<4,>=2 (from requests->transformers<=4.47.1,>=4.45.0->autoawq)
  Downloading charset_normalizer-3.4.1-cp312-cp312-manylinux_2_17_x86_64.manylinux2014_x86_64.whl.metadata (35 kB)
Collecting urllib3<3,>=1.21.1 (from requests->transformers<=4.47.1,>=4.45.0->autoawq)
  Downloading urllib3-2.4.0-py3-none-any.whl.metadata (6.5 kB)
Collecting certifi>=2017.4.17 (from requests->transformers<=4.47.1,>=4.45.0->autoawq)
  Downloading certifi-2025.4.26-py3-none-any.whl.metadata (2.5 kB)
Requirement already satisfied: setuptools in ./env/lib/python3.12/site-packages (from torch>=2.7.0->autoawq) (79.0.1)
Requirement already satisfied: sympy>=1.13.3 in ./env/lib/python3.12/site-packages (from torch>=2.7.0->autoawq) (1.13.3)
Requirement already satisfied: networkx in ./env/lib/python3.12/site-packages (from torch>=2.7.0->autoawq) (3.4.2)
Requirement already satisfied: jinja2 in ./env/lib/python3.12/site-packages (from torch>=2.7.0->autoawq) (3.1.6)
Requirement already satisfied: nvidia-cuda-nvrtc-cu12==12.6.77 in ./env/lib/python3.12/site-packages (from torch>=2.7.0->autoawq) (12.6.77)
Requirement already satisfied: nvidia-cuda-runtime-cu12==12.6.77 in ./env/lib/python3.12/site-packages (from torch>=2.7.0->autoawq) (12.6.77)
Requirement already satisfied: nvidia-cuda-cupti-cu12==12.6.80 in ./env/lib/python3.12/site-packages (from torch>=2.7.0->autoawq) (12.6.80)
Requirement already satisfied: nvidia-cudnn-cu12==9.5.1.17 in ./env/lib/python3.12/site-packages (from torch>=2.7.0->autoawq) (9.5.1.17)
Requirement already satisfied: nvidia-cublas-cu12==12.6.4.1 in ./env/lib/python3.12/site-packages (from torch>=2.7.0->autoawq) (12.6.4.1)
Requirement already satisfied: nvidia-cufft-cu12==11.3.0.4 in ./env/lib/python3.12/site-packages (from torch>=2.7.0->autoawq) (11.3.0.4)
Requirement already satisfied: nvidia-curand-cu12==10.3.7.77 in ./env/lib/python3.12/site-packages (from torch>=2.7.0->autoawq) (10.3.7.77)
Requirement already satisfied: nvidia-cusolver-cu12==11.7.1.2 in ./env/lib/python3.12/site-packages (from torch>=2.7.0->autoawq) (11.7.1.2)
Requirement already satisfied: nvidia-cusparse-cu12==12.5.4.2 in ./env/lib/python3.12/site-packages (from torch>=2.7.0->autoawq) (12.5.4.2)
Requirement already satisfied: nvidia-cusparselt-cu12==0.6.3 in ./env/lib/python3.12/site-packages (from torch>=2.7.0->autoawq) (0.6.3)
Requirement already satisfied: nvidia-nccl-cu12==2.26.2 in ./env/lib/python3.12/site-packages (from torch>=2.7.0->autoawq) (2.26.2)
Requirement already satisfied: nvidia-nvtx-cu12==12.6.77 in ./env/lib/python3.12/site-packages (from torch>=2.7.0->autoawq) (12.6.77)
Requirement already satisfied: nvidia-nvjitlink-cu12==12.6.85 in ./env/lib/python3.12/site-packages (from torch>=2.7.0->autoawq) (12.6.85)
Requirement already satisfied: nvidia-cufile-cu12==1.11.1.6 in ./env/lib/python3.12/site-packages (from torch>=2.7.0->autoawq) (1.11.1.6)
Requirement already satisfied: mpmath<1.4,>=1.1.0 in ./env/lib/python3.12/site-packages (from sympy>=1.13.3->torch>=2.7.0->autoawq) (1.3.0)
Collecting psutil (from accelerate->autoawq)
  Downloading psutil-7.0.0-cp36-abi3-manylinux_2_12_x86_64.manylinux2010_x86_64.manylinux_2_17_x86_64.manylinux2014_x86_64.whl.metadata (22 kB)
Requirement already satisfied: MarkupSafe>=2.0 in ./env/lib/python3.12/site-packages (from jinja2->torch>=2.7.0->autoawq) (3.0.2)
Collecting python-dateutil>=2.8.2 (from pandas->datasets>=2.20->autoawq)
  Downloading python_dateutil-2.9.0.post0-py2.py3-none-any.whl.metadata (8.4 kB)
Collecting pytz>=2020.1 (from pandas->datasets>=2.20->autoawq)
  Downloading pytz-2025.2-py2.py3-none-any.whl.metadata (22 kB)
Collecting tzdata>=2022.7 (from pandas->datasets>=2.20->autoawq)
  Downloading tzdata-2025.2-py2.py3-none-any.whl.metadata (1.4 kB)
Collecting six>=1.5 (from python-dateutil>=2.8.2->pandas->datasets>=2.20->autoawq)
  Downloading six-1.17.0-py2.py3-none-any.whl.metadata (1.7 kB)
Downloading transformers-4.47.1-py3-none-any.whl (10.1 MB)
   ━━━━━━━━━━━━━━━━━━━━━━━━━━━━━━━━━━━━━━━━ 10.1/10.1 MB 26.3 MB/s eta 0:00:00
Downloading huggingface_hub-0.30.2-py3-none-any.whl (481 kB)
Downloading tokenizers-0.21.1-cp39-abi3-manylinux_2_17_x86_64.manylinux2014_x86_64.whl (3.0 MB)
   ━━━━━━━━━━━━━━━━━━━━━━━━━━━━━━━━━━━━━━━━ 3.0/3.0 MB 63.9 MB/s eta 0:00:00
Downloading datasets-3.5.0-py3-none-any.whl (491 kB)
Downloading dill-0.3.8-py3-none-any.whl (116 kB)
Downloading fsspec-2024.12.0-py3-none-any.whl (183 kB)
Downloading multiprocess-0.70.16-py312-none-any.whl (146 kB)
Downloading aiohttp-3.11.18-cp312-cp312-manylinux_2_17_x86_64.manylinux2014_x86_64.whl (1.7 MB)
   ━━━━━━━━━━━━━━━━━━━━━━━━━━━━━━━━━━━━━━━━ 1.7/1.7 MB 73.5 MB/s eta 0:00:00
Downloading multidict-6.4.3-cp312-cp312-manylinux_2_17_x86_64.manylinux2014_x86_64.whl (223 kB)
Downloading yarl-1.20.0-cp312-cp312-manylinux_2_17_x86_64.manylinux2014_x86_64.whl (349 kB)
Downloading aiohappyeyeballs-2.6.1-py3-none-any.whl (15 kB)
Downloading aiosignal-1.3.2-py2.py3-none-any.whl (7.6 kB)
Downloading attrs-25.3.0-py3-none-any.whl (63 kB)
Downloading frozenlist-1.6.0-cp312-cp312-manylinux_2_5_x86_64.manylinux1_x86_64.manylinux_2_17_x86_64.manylinux2014_x86_64.whl (316 kB)
Downloading idna-3.10-py3-none-any.whl (70 kB)
Downloading numpy-2.2.5-cp312-cp312-manylinux_2_17_x86_64.manylinux2014_x86_64.whl (16.1 MB)
   ━━━━━━━━━━━━━━━━━━━━━━━━━━━━━━━━━━━━━━━━ 16.1/16.1 MB 105.2 MB/s eta 0:00:00
Downloading packaging-25.0-py3-none-any.whl (66 kB)
Downloading propcache-0.3.1-cp312-cp312-manylinux_2_17_x86_64.manylinux2014_x86_64.whl (245 kB)
Downloading pyarrow-19.0.1-cp312-cp312-manylinux_2_28_x86_64.whl (42.1 MB)
   ━━━━━━━━━━━━━━━━━━━━━━━━━━━━━━━━━━━━━━━━ 42.1/42.1 MB 116.0 MB/s eta 0:00:00
Downloading PyYAML-6.0.2-cp312-cp312-manylinux_2_17_x86_64.manylinux2014_x86_64.whl (767 kB)
   ━━━━━━━━━━━━━━━━━━━━━━━━━━━━━━━━━━━━━━━ 767.5/767.5 kB 124.9 MB/s eta 0:00:00
Downloading regex-2024.11.6-cp312-cp312-manylinux_2_17_x86_64.manylinux2014_x86_64.whl (796 kB)
   ━━━━━━━━━━━━━━━━━━━━━━━━━━━━━━━━━━━━━━━ 796.9/796.9 kB 121.2 MB/s eta 0:00:00
Downloading requests-2.32.3-py3-none-any.whl (64 kB)
Downloading charset_normalizer-3.4.1-cp312-cp312-manylinux_2_17_x86_64.manylinux2014_x86_64.whl (145 kB)
Downloading urllib3-2.4.0-py3-none-any.whl (128 kB)
Downloading certifi-2025.4.26-py3-none-any.whl (159 kB)
Downloading safetensors-0.5.3-cp38-abi3-manylinux_2_17_x86_64.manylinux2014_x86_64.whl (471 kB)
Downloading tqdm-4.67.1-py3-none-any.whl (78 kB)
Downloading accelerate-1.6.0-py3-none-any.whl (354 kB)
Downloading pandas-2.2.3-cp312-cp312-manylinux_2_17_x86_64.manylinux2014_x86_64.whl (12.7 MB)
   ━━━━━━━━━━━━━━━━━━━━━━━━━━━━━━━━━━━━━━━━ 12.7/12.7 MB 116.2 MB/s eta 0:00:00
Downloading python_dateutil-2.9.0.post0-py2.py3-none-any.whl (229 kB)
Downloading pytz-2025.2-py2.py3-none-any.whl (509 kB)
Downloading six-1.17.0-py2.py3-none-any.whl (11 kB)
Downloading tzdata-2025.2-py2.py3-none-any.whl (347 kB)
Downloading psutil-7.0.0-cp36-abi3-manylinux_2_12_x86_64.manylinux2010_x86_64.manylinux_2_17_x86_64.manylinux2014_x86_64.whl (277 kB)
Downloading xxhash-3.5.0-cp312-cp312-manylinux_2_17_x86_64.manylinux2014_x86_64.whl (194 kB)
Downloading zstandard-0.23.0-cp312-cp312-manylinux_2_17_x86_64.manylinux2014_x86_64.whl (5.4 MB)
   ━━━━━━━━━━━━━━━━━━━━━━━━━━━━━━━━━━━━━━━━ 5.4/5.4 MB 116.3 MB/s eta 0:00:00
Building wheels for collected packages: autoawq
  DEPRECATION: Building 'autoawq' using the legacy setup.py bdist_wheel mechanism, which will be removed in a future version. pip 25.3 will enforce this behaviour change. A possible replacement is to use the standardized build interface by setting the `--use-pep517` option, (possibly combined with `--no-build-isolation`), or adding a `pyproject.toml` file to the source tree of 'autoawq'. Discussion can be found at https://github.com/pypa/pip/issues/6334
  Building wheel for autoawq (setup.py): started
  Building wheel for autoawq (setup.py): finished with status 'done'
  Created wheel for autoawq: filename=autoawq-0.2.8-py3-none-any.whl size=108838 sha256=8231c879806339b3ae8eb4aa0db1b5f81df88c5ad542be1b3820d46bfea73ef0
  Stored in directory: /tmp/pip-ephem-wheel-cache-i7venj20/wheels/7c/90/d3/aea34561b3aa20db93345211c6634b82210ac2b9a2adc8df8c
Successfully built autoawq
Installing collected packages: pytz, zstandard, xxhash, urllib3, tzdata, tqdm, six, safetensors, regex, pyyaml, pyarrow, psutil, propcache, packaging, numpy, multidict, idna, fsspec, frozenlist, dill, charset-normalizer, certifi, attrs, aiohappyeyeballs, yarl, requests, python-dateutil, multiprocess, aiosignal, pandas, huggingface_hub, aiohttp, tokenizers, accelerate, transformers, datasets, autoawq
  Attempting uninstall: fsspec
    Found existing installation: fsspec 2025.3.2
    Uninstalling fsspec-2025.3.2:
      Successfully uninstalled fsspec-2025.3.2

Successfully installed accelerate-1.6.0 aiohappyeyeballs-2.6.1 aiohttp-3.11.18 aiosignal-1.3.2 attrs-25.3.0 autoawq-0.2.8 certifi-2025.4.26 charset-normalizer-3.4.1 datasets-3.5.0 dill-0.3.8 frozenlist-1.6.0 fsspec-2024.12.0 huggingface_hub-0.30.2 idna-3.10 multidict-6.4.3 multiprocess-0.70.16 numpy-2.2.5 packaging-25.0 pandas-2.2.3 propcache-0.3.1 psutil-7.0.0 pyarrow-19.0.1 python-dateutil-2.9.0.post0 pytz-2025.2 pyyaml-6.0.2 regex-2024.11.6 requests-2.32.3 safetensors-0.5.3 six-1.17.0 tokenizers-0.21.1 tqdm-4.67.1 transformers-4.47.1 tzdata-2025.2 urllib3-2.4.0 xxhash-3.5.0 yarl-1.20.0 zstandard-0.23.0
[main ddd2263] pip installs
 3 files changed, 214 insertions(+), 132 deletions(-)
 create mode 100644 slurm-outputs/slurm.319.foyait.out
To github.com:ngruenefeld/gradient-uncertainty.git
   55dd154..ddd2263  main -> main
