slurmstepd-harzburgit: error: Unable to create TMPDIR [/tmp/user/24470]: Permission denied
slurmstepd-harzburgit: error: Setting TMPDIR to /tmp
Setting `pad_token_id` to `eos_token_id`:None for open-end generation.
Traceback (most recent call last):
  File "/usr/lib/python3.8/runpy.py", line 194, in _run_module_as_main
    return _run_code(code, main_globals, None,
  File "/usr/lib/python3.8/runpy.py", line 87, in _run_code
    exec(code, run_globals)
  File "/home/g/gruenefeld/Documents/GitHub/gradient-uncertainty/scripts/qa.py", line 130, in <module>
    df.to_csv("../data/results_test.csv", index=False)
  File "/home/g/gruenefeld/Documents/GitHub/gradient-uncertainty/env/lib/python3.8/site-packages/pandas/core/generic.py", line 3772, in to_csv
    return DataFrameRenderer(formatter).to_csv(
  File "/home/g/gruenefeld/Documents/GitHub/gradient-uncertainty/env/lib/python3.8/site-packages/pandas/io/formats/format.py", line 1186, in to_csv
    csv_formatter.save()
  File "/home/g/gruenefeld/Documents/GitHub/gradient-uncertainty/env/lib/python3.8/site-packages/pandas/io/formats/csvs.py", line 240, in save
    with get_handle(
  File "/home/g/gruenefeld/Documents/GitHub/gradient-uncertainty/env/lib/python3.8/site-packages/pandas/io/common.py", line 737, in get_handle
    check_parent_directory(str(handle))
  File "/home/g/gruenefeld/Documents/GitHub/gradient-uncertainty/env/lib/python3.8/site-packages/pandas/io/common.py", line 600, in check_parent_directory
    raise OSError(rf"Cannot save file into a non-existent directory: '{parent}'")
OSError: Cannot save file into a non-existent directory: '../data'
